Welcome to MAGMA v1.10 (custom)
Using flags:
	--gene-results /scratch/scw1329/gmbh/blood-brain-barrier-in-ad/03_data/994_magma_inputs//EUROPEUKBB_35k10k.genes.raw
	--set-annot /scratch/scw1329/gmbh/blood-brain-barrier-in-ad/03_data/994_magma_inputs//magma_celltypes_logfc_threshold_level2_controls_parenchymal.tsv
	--out ./results/level2_celltypes_magma_celltypes_logfc_threshold_level2_controls_parenchymal_EUROPEUKBB_35k10k

Start time is 16:38:22, Friday 16 Feb 2024

Reading file /scratch/scw1329/gmbh/blood-brain-barrier-in-ad/03_data/994_magma_inputs//EUROPEUKBB_35k10k.genes.raw... 
	18423 genes read from file
Loading gene-set annotation...
Reading file /scratch/scw1329/gmbh/blood-brain-barrier-in-ad/03_data/994_magma_inputs//magma_celltypes_logfc_threshold_level2_controls_parenchymal.tsv... 
	32 gene-set definitions read from file
	found 32 gene sets containing genes defined in genotype data (containing a total of 7146 unique genes)
Preparing variables for analysis...
	truncating Z-scores 3 points below zero or 6 standard deviations above the mean
	truncating covariate values more than 5 standard deviations from the mean
	total variables available for analysis: 32 gene sets

Parsing model specifications...
Inverting gene-gene correlation matrix...
Performing regression analysis...
	testing direction: one-sided, positive (sets), two-sided (covar)
	conditioning on internal variables:
		gene size, log(gene size)
		gene density, log(gene density)
		sample size, log(sample size)
		inverse mac, log(inverse mac)
	analysing individual variables

	analysing single-variable models (number of models: 32)
	writing results to file ./results/level2_celltypes_magma_celltypes_logfc_threshold_level2_controls_parenchymal_EUROPEUKBB_35k10k.gsa.out
	writing gene information to file ./results/level2_celltypes_magma_celltypes_logfc_threshold_level2_controls_parenchymal_EUROPEUKBB_35k10k.gsa.genes.out
	writing gene analysis results per significant result (after multiple testing correction, at alpha = 0.05) to file ./results/level2_celltypes_magma_celltypes_logfc_threshold_level2_controls_parenchymal_EUROPEUKBB_35k10k.gsa.sets.genes.out

End time is 16:38:38, Friday 16 Feb 2024 (elapsed: 00:00:16)
