# ALPHA = 0.05
# NUMBER_OF_TESTS = 19

# _SET1_  VARIABLE = T-cell-mixed (set)
# _SET1_  NGENES = 264
# _SET1_  P-VALUE = 0.00145207
_SET1_   GENE        CHR      START       STOP  NSNPS  NPARAM       N        ZSTAT            P  ZFITTED_BASE  ZRESID_BASE
_SET1_   8514          1    6017358    6171253    773     115  467414      0.55578      0.14319   -2.2204e-16      0.55578
_SET1_   864           1   25216002   25326648    548      93  462762        1.389     0.026422   -2.2204e-16        1.389
_SET1_   2035          1   29178603   29456558   1021      72  462846       1.0384     0.065712   -2.2204e-16       1.0384
_SET1_   3932          1   32681840   32761766    230      63  469319     -0.75844      0.66145   -2.2204e-16     -0.75844
_SET1_   64744         1   40804378   40898998    349      73  471965      -1.2758       0.7855   -2.2204e-16      -1.2758
_SET1_   4774          1   61507946   61938460   1739     217  468051       0.4017      0.19949   -1.6653e-16       0.4017
_SET1_   256435        1   76505389   77110311   2792     261  464911      -1.7083      0.88946   -2.2204e-16      -1.7083
_SET1_   10451         1  108103782  108542545   2100     159  469466      -2.2406      0.95802             0      -2.2406
_SET1_   6272          1  109842187  109975563    377      43  458670      -1.0372      0.72045   -2.2204e-16      -1.0372
_SET1_   963           1  111378821  111452558    336      37  475742      0.57517      0.15396   -2.2204e-16      0.57517
_SET1_   26191         1  114346433  114449375    303      57  458992     -0.79483      0.60689   -2.2204e-16     -0.79483
_SET1_   914           1  117262057  117321851    242      77  465052      -1.4612      0.82966   -2.2204e-16      -1.4612
_SET1_   9047          1  156766035  156821640    208      44  472120       3.0683   0.00021904             0       3.0683
_SET1_   149628        1  158866337  158956849    442      68  471264    0.0036568      0.30771   -1.7174e-16    0.0036568
_SET1_   3428          1  158944682  159034945    466      44  470272       1.1638     0.059302   -2.2204e-16       1.1638
_SET1_   114836        1  160444820  160528052    399      57  469723       0.7602      0.11687   -2.2204e-16       0.7602
_SET1_   257106        1  161006731  161074760    257      62  468103       2.5428    0.0013055             0       2.5428
_SET1_   919           1  167389877  167522847    703     157  465469      -1.0216      0.69037   -2.2204e-16      -1.0216
_SET1_   9910          1  174093552  174974445   3063      55  464252     -0.46437      0.49575   -1.6653e-16     -0.46437
_SET1_   9462          1  178027864  178458649   1347      68  462940      -1.5423      0.86906   -2.2204e-16      -1.5423
_SET1_   81563         1  184321150  184608155   1267      85  463769      0.50937      0.15844   -2.2204e-16      0.50937
_SET1_   343450        1  196184913  196612690   1582      78  434722     -0.41617      0.46044   -1.6653e-16     -0.41617
_SET1_   3075          1  196586008  196726634    636      53  463164      0.65174      0.13293   -2.2204e-16      0.65174
_SET1_   5788          1  198573098  198736605    737      78  467266     -0.14536      0.38072   -1.6653e-16     -0.14536
_SET1_   80342         1  209894393  209965668    268      35  471241      0.27666      0.24713   -1.6653e-16      0.27666
_SET1_   8476          1  227167566  227541193   2101      40  472613      0.38664      0.20403   -1.6653e-16      0.38664
_SET1_   80003         1  233109855  233466459   1750     166  471217       0.2677      0.22553   -1.6653e-16       0.2677
_SET1_   678           2   43439541   43488745    162      61  458345       2.8725   0.00040005             0       2.8725
_SET1_   2034          2   46489541   46623842    608      99  467737     -0.34813      0.42428   -1.6653e-16     -0.34813
_SET1_   6711          2   54648454   54908583   1201      82  469287    -0.075784      0.33732   -1.6653e-16    -0.075784
_SET1_   9938          2   68926913   69063965    687      79  472617       1.0765     0.054897   -2.2204e-16       1.0765
_SET1_   10578         2   85886414   85935967    197      36  469847     -0.72346      0.60109   -2.2204e-16     -0.72346
_SET1_   7535          2   98295031   98366990    253      46  459552      0.57547      0.14817   -2.2204e-16      0.57547
_SET1_   3631          2   99026321   99217496    540      53  469478    -0.021465      0.33546      -1.7e-16    -0.021465
_SET1_   55843         2  143851899  144535921   2357     212  469504      0.40638      0.18392   -1.6653e-16      0.40638
_SET1_   9595          2  158261131  158335604    256      67  465209       1.2639     0.050876   -2.2204e-16       1.2639
_SET1_   85461         2  159790146  160099170   1347     100  471248     -0.39485      0.45722   -1.6653e-16     -0.39485
_SET1_   22837         2  165526695  165733678    919      68  470257     -0.37447      0.45665   -1.6653e-16     -0.37447
_SET1_   11069         2  173565525  173927621   1476     167  470093      0.12672      0.26709   -1.6653e-16      0.12672
_SET1_   3676          2  182286619  182412474    518      86  465156     -0.62104      0.53631   -2.2204e-16     -0.62104
_SET1_   10787         2  183779579  183938586    631      54  469065       -1.686      0.90295   -2.2204e-16       -1.686
_SET1_   6775          2  191884302  192072404    670     110  468721      0.27678      0.21336   -1.6653e-16      0.27678
_SET1_   9262          2  196988307  197071336    396      46  466800    -0.087873      0.35141   -1.6653e-16    -0.087873
_SET1_   91526         2  197821741  198210521   1552     116  470135      -0.3054      0.42287   -1.6653e-16      -0.3054
_SET1_   841           2  202063166  202162434    368      58  467600      0.96965     0.073695   -2.2204e-16      0.96965
_SET1_   117583        2  205375516  206494886   4676     265  465875      0.21628      0.24814   -1.6653e-16      0.21628
_SET1_   7145          2  218654512  218843796    855     157  471139     -0.48923      0.49003   -1.6653e-16     -0.48923
_SET1_   55619         2  225619807  225942330   1424     128  465404       2.0986    0.0043121             0       2.0986
_SET1_   11262         2  231055445  231187930    590      62  471605       0.7056      0.11826   -2.2204e-16       0.7056
_SET1_   8527          2  234228149  234390744    687      71  469046       2.9221   0.00033607             0       2.9221
_SET1_   23225         3   13347730   13496819    731      48  475216    -0.024645      0.33124      -1.7e-16    -0.024645
_SET1_   23228         3   16939582   17142098    765      60  467693      -1.7283       0.8939   -2.2204e-16      -1.7283
_SET1_   8850          3   20046524   20205896    780      72  473879    0.0061385      0.30704   -1.7174e-16    0.0061385
_SET1_   27303         3   29287351   30061886   4104     264  471603      0.41491      0.18645   -1.6653e-16      0.41491
_SET1_   25924         3   39815405   40311812   2442     133  467371      0.38213      0.17844   -1.6653e-16      0.38213
_SET1_   5793          3   61512243   62290573   3844     302  468559        -1.27      0.78068   -2.2204e-16        -1.27
_SET1_   23024         3   73421582   73709072   1256     152  467830     -0.34843      0.43105   -1.6653e-16     -0.34843
_SET1_   868           3  105364306  105624354   1061      70  468063     -0.08779       0.3544   -1.6653e-16     -0.08779
_SET1_   10225         3  111225926  111394843    657     105  460163      0.54677       0.1453   -2.2204e-16      0.54677
_SET1_   54847         3  113216218  113358422    645      68  466445      -1.0317      0.70836   -2.2204e-16      -1.0317
_SET1_   165631        3  122261435  122367894    561      61  470478      -1.6377      0.87703   -2.2204e-16      -1.6377
_SET1_   8997          3  123778558  124450036   3161     179  468453      0.73691      0.10181   -2.2204e-16      0.73691
_SET1_   5922          3  141170891  141344186    645      54  457979       1.1392     0.056382   -2.2204e-16       1.1392
_SET1_   25937         3  149225022  149456060   1094     140  472977     0.027578      0.29883      -1.7e-16     0.027578
_SET1_   4154          3  151927120  152193569    833      76  461454       2.2946    0.0026427             0       2.2946
_SET1_   2122          3  168791287  169416563   2819     217  470174      0.29105      0.22198   -1.6653e-16      0.29105
_SET1_   23043         3  170770292  171213197   1883     204  469432      0.15661      0.25757   -1.6653e-16      0.15661
_SET1_   10417         4    1150720    1237750    374      65  465076      0.57121      0.14863   -2.2204e-16      0.57121
_SET1_   116984        4   36057620   36280979    793      86  465133     -0.16835      0.36972   -1.6653e-16     -0.16835
_SET1_   401124        4   36248237   36356407    458      84  470186      0.58848      0.13665   -2.2204e-16      0.58848
_SET1_   399           4   40157631   40256384    444      98  468445        2.096    0.0044361             0        2.096
_SET1_   323           4   40802044   41253731   2147     157  469074       1.4193     0.026166   -2.2204e-16       1.4193
_SET1_   10396         4   42400390   42694122   1321      80  470447     -0.79194       0.6111   -2.2204e-16     -0.79194
_SET1_   7294          4   48058410   48171273    443      66  456658     -0.82523       0.6135   -2.2204e-16     -0.82523
_SET1_   51316         4   84001201   84070911    233      70  461981     -0.30303      0.41087   -1.6653e-16     -0.30303
_SET1_   23001         4   85580690   85922544    808      78  460447      0.15632      0.26782   -1.6653e-16      0.15632
_SET1_   8404          4   88384483   88485798    485      49  469737    -0.013019      0.31622   -1.7174e-16    -0.013019
_SET1_   285513        4   90152427   90264161    490     105  469980      -1.6169      0.86113   -2.2204e-16      -1.6169
_SET1_   51176         4  108958701  109125112    592      67  464552     -0.16447      0.37665   -1.6653e-16     -0.16447
_SET1_   23240         4  154352498  154568760    995     141  469322      -0.6258       0.5512   -2.2204e-16      -0.6258
_SET1_   80014         4  183985463  184251930    939     101  463792     -0.85839      0.64408   -2.2204e-16     -0.85839
_SET1_   8470          4  186496598  186912870   2505     257  469736      -1.0197      0.70431   -2.2204e-16      -1.0197
_SET1_   23194         5   15465305   15949905   1771     121  467340     -0.13992      0.35394   -1.6653e-16     -0.13992
_SET1_   23037         5   31604345   32121038   2653     327  472584      -1.0574      0.70351   -2.2204e-16      -1.0574
_SET1_   2533          5   39095354   39305759    936     101  471098      -2.2427      0.96012             0      -2.2427
_SET1_   133418        5   49682026   49772234    384      36  456576      0.97254     0.074244   -2.2204e-16      0.97254
_SET1_   79668         5   49926733   50152356    707      58  466411      0.32837      0.22131   -1.6653e-16      0.32837
_SET1_   3672          5   52049136   52259485   1031     127  469085      0.21231      0.22485   -1.6653e-16      0.21231
_SET1_   79993         5   60037616   60175101    506      52  466852       1.4105     0.029754   -2.2204e-16       1.4105
_SET1_   375449        5   65857176   66475426   2733     204  468981      -1.2086      0.76156   -2.2204e-16      -1.2086
_SET1_   10788         5   75664131   76013957   1606     195  470319       2.9411   0.00026243             0       2.9411
_SET1_   23635         5   80703179   81082072   1369      97  467283      0.17339      0.24799   -1.6653e-16      0.17339
_SET1_   4208          5   88004058   88234922    717      86  460018      0.56623      0.13827   -2.2204e-16      0.56623
_SET1_   814           5  110524947  110840584   1248     105  471249       -2.049      0.93726             0       -2.049
_SET1_   56990         5  130564702  130740383    604      59  451323      0.25303      0.24239   -1.6653e-16      0.25303
_SET1_   5521          5  145959067  146496083   2003     172  467429     -0.11471      0.35466   -1.6653e-16     -0.11471
_SET1_   3702          5  156572907  156692109    605      75  472245       1.4471      0.02655   -2.2204e-16       1.4471
_SET1_   26999         5  156658091  156832606    702      57  468687     -0.17463      0.37521   -1.6653e-16     -0.17463
_SET1_   1879          5  158112916  158561788   1457     156  462213      -1.4835      0.83367   -2.2204e-16      -1.4835
_SET1_   1794          5  169029251  169520386   2325     206  470395      -0.5008      0.50162   -2.2204e-16      -0.5008
_SET1_   6793          5  171459074  171650346    998     123  469892      -1.2107      0.75738   -2.2204e-16      -1.2107
_SET1_   9750          6   24794512   24971275   1032     110  469494      0.39505      0.18419   -1.6653e-16      0.39505
_SET1_   11119         6   26367465   26425444    395      45  469901    -0.076188      0.35825   -1.6653e-16    -0.076188
_SET1_   896           6   41892671   42051610    684     117  468795      0.48485      0.15487   -1.6653e-16      0.48485
_SET1_   55809         6   42182669   42454943   1053     146  468636      0.11649        0.284   -1.6653e-16      0.11649
_SET1_   221395        6   46810242   46957681    813      79  470169       0.8233     0.092324   -2.2204e-16       0.8233
_SET1_   56479         6   73296571   73918574   2613     198  469660      0.16298      0.25972   -1.6653e-16      0.16298
_SET1_   202           6  106773683  107028335   1415     132  475351     0.095503      0.26695   -1.6653e-16     0.095503
_SET1_   256380        6  108013361  108180521    819      71  473608     -0.58442      0.54152   -2.2204e-16     -0.58442
_SET1_   2534          6  111971535  112229655   1042      77  470808     -0.80403       0.6325   -2.2204e-16     -0.80403
_SET1_   387357        6  128019339  128274776    898      87  463586     -0.96966      0.67592   -2.2204e-16     -0.96966
_SET1_   5796          6  128279924  128876870   2084     167  469385       3.4779   4.8764e-05             0       3.4779
_SET1_   154075        6  130455447  130721570   1524      52  472773      -0.4036      0.47773   -1.6653e-16      -0.4036
_SET1_   23328         6  148628729  148883185   1246     181  474663      0.30935      0.21011   -1.6653e-16      0.30935
_SET1_   57480         6  150885999  151174801   1492     145  472044     -0.50114      0.50157   -2.2204e-16     -0.50114
_SET1_   26034         6  154465618  154712900   1207     128  473473      0.53064      0.14987   -2.2204e-16      0.53064
_SET1_   94120         6  159030931  159195908    808      96  466041      -1.3855      0.80323   -2.2204e-16      -1.3855
_SET1_   6196          6  166812854  167310948   2917     271  467847   -0.0074762       0.3176   -1.7174e-16   -0.0074762
_SET1_   84433         7    2935709    3118579   1174     178  471193       1.2835     0.037263   -2.2204e-16       1.2835
_SET1_   313           7   36542549   36799154   1209     136  468680       1.7332     0.011402   -2.2204e-16       1.7332
_SET1_   353345        7   37535212   37791888   1065      66  469741       3.8965   6.0074e-06             0       3.8965
_SET1_   9263          7   43587692   43676978    330      36  472365      -1.6286      0.88343   -2.2204e-16      -1.6286
_SET1_   1956          7   55051678   55289262   1119     157  466285       3.5745   2.2201e-05             0       3.5745
_SET1_   93664         7  121948478  122561813   2405     139  467669      0.54347      0.14336   -2.2204e-16      0.54347
_SET1_   800           7  134429164  134665480    956     105  469741      0.78049     0.095149   -2.2204e-16      0.78049
_SET1_   6916          7  139443047  139730125   1245     147  467192        2.034    0.0056597             0        2.034
_SET1_   10395         8   12930870   13408167   3091     159  470908     -0.66313      0.55088   -2.2204e-16     -0.66313
_SET1_   2185          8   27133999   27326908    931      79  460646       3.6691   1.2901e-05             0       3.6691
_SET1_   11030         8   30207017   30439778    739      87  469132     -0.52582      0.50668   -2.2204e-16     -0.52582
_SET1_   6867          8   38550704   38720546    604      89  461715      -2.1473      0.94668             0      -2.1473
_SET1_   9760          8   59707977   60066767   1475     175  464503      0.27971      0.21472   -1.6653e-16      0.27971
_SET1_   5150          8   66616569   66788969    674      54  473120     -0.26271      0.44877   -1.6653e-16     -0.26271
_SET1_   4603          8   67464410   67560484    226      35  472484      -1.1594      0.82968   -2.2204e-16      -1.1594
_SET1_   80243         8   68829244   69153897   1646     175  467874      0.69745      0.10793   -2.2204e-16      0.69745
_SET1_   862           8   92957195   93150454    490      54  460253     -0.26107      0.41587   -1.6653e-16     -0.26107
_SET1_   83988         8  102688770  103172135   2294     156  469836    -0.091496      0.34063   -1.6653e-16    -0.091496
_SET1_   51571         8  130841839  131063897    839      88  461729     0.097857      0.26475   -1.6653e-16     0.097857
_SET1_   50807         8  131054350  131490906   1930      83  469380      0.26057      0.22507   -1.6653e-16      0.26057
_SET1_   137835        8  133712191  133807914    420      57  465661      0.45994      0.16348   -1.6653e-16      0.45994
_SET1_   6503          8  134038973  134150604    628      52  470103      0.68348      0.12163   -2.2204e-16      0.68348
_SET1_   5747          8  141658481  142046412   1307      66  460056      -0.2009      0.37194   -1.6653e-16      -0.2009
_SET1_   81704         9     179865     475259   1919     134  470635      0.19016      0.23527   -1.6653e-16      0.19016
_SET1_   79817         9   27315207   27565223   1333     145  470537      0.47977      0.16056   -1.6653e-16      0.47977
_SET1_   10497         9   35126976   35415334    942      92  456907     0.087406      0.27412   -1.6653e-16     0.087406
_SET1_   2776          9   80325189   80681219   1208      71  465106       1.1721     0.048945   -2.2204e-16       1.1721
_SET1_   10507         9   91965706   92147906    918     110  467361      0.61707      0.13129   -2.2204e-16      0.61707
_SET1_   89846         9   95674601   95808518    601      59  473363       1.2749     0.039753   -2.2204e-16       1.2749
_SET1_   80709         9  117086429  117195783    416      66  461826      -1.6726      0.87296   -2.2204e-16      -1.6726
_SET1_   23048         9  132639458  132840473    900      60  473036       -0.214      0.42712   -1.6653e-16       -0.214
_SET1_   5588         10    6425558    6657254   1105     145  471722         1.62     0.016461   -2.2204e-16         1.62
_SET1_   80760        10    7591232    7743961    870     141  470967     -0.77246      0.59621   -2.2204e-16     -0.77246
_SET1_   10659        10   10803851   11388674   2883     254  462294       1.0923     0.058039   -2.2204e-16       1.0923
_SET1_   10529        10   21058900   21498116   1851     152  468902      0.43397      0.17468   -1.6653e-16      0.43397
_SET1_   5305         10   22813766   23038503   1070      70  468613      0.98445     0.071723   -2.2204e-16      0.98445
_SET1_   54518        10   26692253   26866732    882     100  473028     -0.37791      0.43668   -1.6653e-16     -0.37791
_SET1_   56288        10   34388488   35139253   3025     155  466171       1.0024     0.060697   -2.2204e-16       1.0024
_SET1_   288          10   61776056   62528284   3582     163  468156       2.2661    0.0024535             0       2.2661
_SET1_   26509        10   95056186   95277190   1267     113  470679     -0.35537      0.43271   -1.6653e-16     -0.35537
_SET1_   23232        10   96126956   96306089    711      61  460709       1.2416     0.042683   -2.2204e-16       1.2416
_SET1_   10580        10   97061530   97356171   1460     130  474711       1.0943     0.055298   -2.2204e-16       1.0943
_SET1_   118788       10   98343069   98515279    745     123  469540      0.50149       0.1544   -2.2204e-16      0.50149
_SET1_   1793         10  128733965  129260780   2757     204  471236     -0.47303      0.48653   -1.6653e-16     -0.47303
_SET1_   374378       11   11282421   11678561   2424     269  472519       0.3193      0.21056   -1.6653e-16       0.3193
_SET1_   7003         11   12660969   12976284   1095     113  464650       1.6557     0.014273   -2.2204e-16       1.6557
_SET1_   89797        11   19337271   20153147   3884     347  467680      0.39507      0.17462   -1.6653e-16      0.39507
_SET1_   143458       11   35930537   36263688   1765     189  470427       0.6004      0.13746   -2.2204e-16       0.6004
_SET1_   5795         11   47967101   48202394    827      68  432967      0.91839     0.070122   -2.2204e-16      0.91839
_SET1_   1500         11   57485756   57596652    318      59  458253     -0.91591      0.66247   -2.2204e-16     -0.91591
_SET1_   54843        11   85395264   85557197    642      58  469460        1.332     0.037227   -2.2204e-16        1.332
_SET1_   1075         11   88016760   88105941    369      45  473217     -0.13199      0.37015   -1.6653e-16     -0.13199
_SET1_   80310        11  103767914  104070027   1393     127  467454     -0.37746       0.4292   -1.6653e-16     -0.37746
_SET1_   472          11  108058559  108249829    631      48  453975     -0.25446      0.40876   -1.6653e-16     -0.25446
_SET1_   4684         11  112796969  113159158   1592     117  470044       0.7228      0.10819   -2.2204e-16       0.7228
_SET1_   23365        11  120172264  120370645    642      57  463026      0.72392      0.11193   -2.2204e-16      0.72392
_SET1_   6653         11  121287912  121514471    781     142  467323       7.2367   4.6302e-15             0       7.2367
_SET1_   2113         11  128318656  128492453    693     127  463954     -0.82913      0.61501   -2.2204e-16     -0.82913
_SET1_   57101        12    5661817    6090398   2139     204  469989      0.40506      0.17982   -1.6653e-16      0.40506
_SET1_   7450         12    6048040    6268836   1195     139  469050       -1.903      0.91463   -2.2204e-16       -1.903
_SET1_   29121        12    9787304    9862151    401      42  476916     -0.73263      0.62778   -2.2204e-16     -0.73263
_SET1_   51348        12    9945038   10007604    298      54  467528      0.72858      0.12263   -2.2204e-16      0.72858
_SET1_   3824         12   10422050   10479850    224      41  464116     -0.81673      0.64861   -2.2204e-16     -0.81673
_SET1_   100528032    12   10514952   10597745    217      34  470473       1.5223     0.025679   -2.2204e-16       1.5223
_SET1_   2059         12   15763075   15977510    636      72  459189     -0.39268      0.51824   -1.6653e-16     -0.39268
_SET1_   6660         12   23672438   24750383   4807     357  469904        0.472      0.15697   -1.6653e-16        0.472
_SET1_   8496         12   27642045   27858497    915     114  476823       1.2319      0.04008   -2.2204e-16       1.2319
_SET1_   83857        12   29643746   29972692   1739     172  472388      -1.4835      0.83364   -2.2204e-16      -1.4835
_SET1_   81539        12   46566838   46698208    481     100  463718     -0.92966      0.65997   -2.2204e-16     -0.92966
_SET1_   91523        12   47438386   47640446   1083     113  464533     -0.70349      0.56714   -2.2204e-16     -0.70349
_SET1_   51411        12   51664822   51753446    344      36  467904       2.2273    0.0039639             0       2.2273
_SET1_   3071         12   54856495   54946899    345      76  464714     -0.03121      0.31298      -1.7e-16     -0.03121
_SET1_   5939         12   56880607   57004859    400      69  463270      0.70693      0.11033   -2.2204e-16      0.70693
_SET1_   11213        12   66547978   66658402    428      79  466047     -0.25073      0.40818   -1.6653e-16     -0.25073
_SET1_   50515        12  104815692  105165792   1781     219  468332     -0.53561      0.51357   -2.2204e-16     -0.53561
_SET1_   2321         13   28864483   29104265    991     118  468848     -0.14392      0.36283   -1.6653e-16     -0.14392
_SET1_   90627        13   33667272   34285932   2733     227  465472     -0.62013      0.54954   -2.2204e-16     -0.62013
_SET1_   10186        13   39907029   40212356   1429     148  466820      0.74623      0.10106   -2.2204e-16      0.74623
_SET1_   3936         13   46690058   46791459    510      91  469659       2.7155   0.00063614             0       2.7155
_SET1_   9882         13   75848809   76091782    989     126  467418     -0.61266      0.53318   -2.2204e-16     -0.61266
_SET1_   22821        13  114737194  114933095   1089      76  466561      -2.3052      0.96257             0      -2.3052
_SET1_   54331        14   52292022   52446518    860     104  475595       1.0822     0.056319   -2.2204e-16       1.0822
_SET1_   5729         14   52699310   52753808    242      52  468955      0.68277      0.11995   -2.2204e-16      0.68277
_SET1_   5583         14   61753515   62027698   1232     144  467851       2.1014    0.0050701             0       2.1014
_SET1_   440193       14   91727667   91919188    884     119  471462       1.0023     0.066895   -2.2204e-16       1.0023
_SET1_   123036       14   92236266   92368880    487      65  469503      -1.2099      0.76565   -2.2204e-16      -1.2099
_SET1_   64919        14   99625624   99773514    528     107  471098       1.3032     0.032656   -2.2204e-16       1.3032
_SET1_   5527         14  102191910  102404329    875      90  466734      0.79282      0.10754   -2.2204e-16      0.79282
_SET1_   321          15   29176570   29420518   1059      69  469605      -1.2277       0.7938   -2.2204e-16      -1.2277
_SET1_   7082         15   29982338   30296038   1292     118  467609       1.0738     0.059082   -2.2204e-16       1.0738
_SET1_   10125        15   38770302   38892661    420      87  470744      0.32086      0.21288   -1.6653e-16      0.32086
_SET1_   7168         15   63299838   63374114    367      50  469370       2.1457    0.0044194             0       2.1457
_SET1_   55075        15   70936893   71090932    523      64  457511      -1.0041       0.7065   -2.2204e-16      -1.0041
_SET1_   79875        15   71372935   72085722   3280     272  468999    -0.063993      0.33494   -1.6653e-16    -0.063993
_SET1_   3669         15   89143904   89208881    333      61  469134     -0.19848      0.38202   -1.6653e-16     -0.19848
_SET1_   55784        15   94739772   95037181   1407     206  468058       2.0274    0.0055469             0       2.0274
_SET1_   197358       16    3579033    3662392    425      37  453642       0.4235      0.21417   -1.6653e-16       0.4235
_SET1_   9516         16   11631578   11716322    515      81  470718       1.1573     0.045142   -2.2204e-16       1.1573
_SET1_   57496        16   14130178   14370633    890      52  467224       1.6662      0.02132   -2.2204e-16       1.6662
_SET1_   64131        16   17186181   17599738   2082     232  467320      0.46525       0.1707   -1.6653e-16      0.46525
_SET1_   5579         16   23812300   24241932   1995     190  471221       1.3163     0.034334   -2.2204e-16       1.3163
_SET1_   3683         16   30448983   30544506    263      65  458718       3.1178   0.00013712             0       3.1178
_SET1_   113          16   50243830   50362046    432      94  466507      0.60552      0.12979   -2.2204e-16      0.60552
_SET1_   463          16   72806784   73127534   1572     191  460191      0.60591      0.14085   -2.2204e-16      0.60591
_SET1_   80790        16   81443775   81755367   1830     210  469158      -0.1875        0.379   -1.6653e-16      -0.1875
_SET1_   1535         16   88699697   88752492    298      74  466450     -0.39938       0.4566   -1.6653e-16     -0.39938
_SET1_   64359        17     692553     918017   1646     245  468099       1.3105     0.037182   -2.2204e-16       1.3105
_SET1_   23108        17    2624050    2951035   1844     277  468736       1.8866    0.0089365   -2.2204e-16       1.8866
_SET1_   9744         17    7204848    7264797    239      64  466410       1.8228    0.0093814   -2.2204e-16       1.8228
_SET1_   23533        17    8772233    8904029    594      83  464454      -1.5567      0.85424   -2.2204e-16      -1.5567
_SET1_   22905        17   19105690   19250028    329      34  463822      0.59269       0.1974   -2.2204e-16      0.59269
_SET1_   85464        17   27942956   28292231    964      74  461322       2.5709     0.001036             0       2.5709
_SET1_   100506736    17   33791942   33849758    246      65  474517     -0.12318       0.3598   -1.6653e-16     -0.12318
_SET1_   22806        17   37903968   38055441    506      33  468836       1.1887     0.059694   -2.2204e-16       1.1887
_SET1_   752          17   43264192   43334685    246      79  464170      -1.8728       0.9142   -2.2204e-16      -1.8728
_SET1_   8631         17   46200802   46542596   1111      60  469298      0.45639      0.17304   -1.6653e-16      0.45639
_SET1_   201134       17   63621658   64223212   2810      79  473535     -0.75704      0.58314   -2.2204e-16     -0.75704
_SET1_   26207        17   65338397   65703379   1512     220  467437      0.04569      0.30115   -1.7347e-16      0.04569
_SET1_   147138       17   76090505   76149049    331     101  464407       1.0041     0.064958   -2.2204e-16       1.0041
_SET1_   57674        17   78199643   78382586    986     143  468637      -1.8789      0.91421   -2.2204e-16      -1.8789
_SET1_   5797         18    7532314    8416859   3856     258  472278      0.12077      0.28021   -1.6653e-16      0.12077
_SET1_   125488       18   21537737   21725574    760      87  472051     -0.47444       0.4988   -1.6653e-16     -0.47444
_SET1_   54941        18   29563445   29663154    390      68  471719       1.0808     0.057674   -2.2204e-16       1.0808
_SET1_   6925         18   52879562   53338252   1395     127  462470     -0.81712      0.62235   -2.2204e-16     -0.81712
_SET1_   10666        18   67520192   67659412    684      75  466992       1.5149     0.024702   -2.2204e-16       1.5149
_SET1_   4155         18   74680789   74879774   1213     190  473587     -0.21045      0.38674   -1.6653e-16     -0.21045
_SET1_   7409         19    6737679    6867377    684     123  471243      0.61099      0.13326   -2.2204e-16      0.61099
_SET1_   3643         19    7102266    7329011   1297     148  470973       1.5731     0.018126   -2.2204e-16       1.5731
_SET1_   4542         19    8575674    8677331    548     100  469071      0.74973      0.10876   -2.2204e-16      0.74973
_SET1_   976          19   14456403   14529537    301      96  462765     -0.60368      0.53252   -2.2204e-16     -0.60368
_SET1_   84941        19   16209838   16279381    280      48  471550      0.43895      0.18592   -1.6653e-16      0.43895
_SET1_   3718         19   17925591   17993880    323      70  472386     -0.81288      0.62718   -2.2204e-16     -0.81288
_SET1_   64344        19   46765303   46856690    559      70  473331       0.4161      0.18257   -1.6653e-16       0.4161
_SET1_   5332         20    9014357    9471463   1832     184  466245       1.3899     0.029904   -2.2204e-16       1.3899
_SET1_   54453        20   19703254   19993103   1469     192  471086    -0.086444       0.3391   -1.6653e-16    -0.086444
_SET1_   84174        20   35230922   35309619    174      89  457128     -0.87778      0.67454   -2.2204e-16     -0.87778
_SET1_   6789         20   43560120   43718600    648      67  463285       1.3412     0.032812   -2.2204e-16       1.3412
_SET1_   4773         20   49993494   50214370   1052     184  468829       2.0886    0.0047882             0       2.0886
_SET1_   128611       20   57700895   57844168    611      78  470084     -0.25775      0.42052   -1.6653e-16     -0.25775
_SET1_   351          21   27242861   27578446   1445     127  468313       4.5747   1.9303e-07             0       4.5747
_SET1_   25966        21   43295219   43409066    692     136  472542      -1.8294      0.90728   -2.2204e-16      -1.8294
_SET1_   29799        22   22041825   22125071    401      74  467038     -0.86533      0.64182   -2.2204e-16     -0.86533
_SET1_   23331        22   28364002   29110853   2423      93  467488      0.23164      0.24646   -1.6653e-16      0.23164
_SET1_   23543        22   36124783   36459679   1034      78  460650     -0.21586        0.418   -1.6653e-16     -0.21586
_SET1_   9402         22   40262086   40379347    304      85  466594     -0.81344      0.61853   -2.2204e-16     -0.81344
_SET1_   23112        22   40405046   40741812   1121      74  461044      0.96265     0.070812   -2.2204e-16      0.96265
