# ALPHA = 0.05
# NUMBER_OF_TESTS = 12

# _SET1_  VARIABLE = Microglia (set)
# _SET1_  NGENES = 249
# _SET1_  P-VALUE = 0.000823825
_SET1_   GENE     CHR      START       STOP  NSNPS  NPARAM       N        ZSTAT            P  ZFITTED_BASE  ZRESID_BASE
_SET1_   6518       1    9087005    9166763    414      55  471932       1.6815     0.015801   -2.2204e-16       1.6815
_SET1_   84966      1   18399240   18714977   1717     250  467668       -1.977      0.93461   -2.2204e-16       -1.977
_SET1_   713        1   22944682   22998130    232      44  468518     -0.81678      0.63491   -1.1102e-16     -0.81678
_SET1_   7805       1   31195315   31265683    355      77  464829       2.1864    0.0033547             0       2.1864
_SET1_   1441       1   36921644   36983915    266      56  472708      0.94759     0.086199   -1.1102e-16      0.94759
_SET1_   64744      1   40804378   40898998    349      73  471965      -1.2646       0.7855   -2.2204e-16      -1.2646
_SET1_   8569       1   47013079   47104966    382      66  461955      0.11929      0.27034   -1.5266e-16      0.11929
_SET1_   84251      1   66964066   67220768   1256      55  468663       0.3662      0.19665   -1.6653e-16       0.3662
_SET1_   963        1  111378821  111452558    336      37  475742      0.58434      0.15396   -1.1102e-16      0.58434
_SET1_   647135     1  143880897  144104426     34      23  330494     -0.71926      0.64246   -1.1102e-16     -0.71926
_SET1_   3428       1  158944682  159034945    466      44  470272       1.1678     0.059302   -2.2204e-16       1.1678
_SET1_   8832       1  160500884  160584306    456      43  469645       1.0322     0.076145   -2.2204e-16       1.0322
_SET1_   5087       1  164493597  164831067   1388     215  468364      0.17934      0.25324   -1.3878e-16      0.17934
_SET1_   92241      1  167564474  167687933    705     121  467171       1.7062     0.013345   -2.2204e-16       1.7062
_SET1_   80896      1  182723584  182809519    319      60  470717     -0.86898      0.67896   -1.1102e-16     -0.86898
_SET1_   5321       1  186763032  186968113    874      98  468501      -1.2966      0.78791   -2.2204e-16      -1.2966
_SET1_   5788       1  198573098  198736605    737      78  467266     -0.13957      0.38072   -1.3878e-16     -0.13957
_SET1_   23114      1  204762782  205001950   1263     114  465522       1.1914     0.046585   -2.2204e-16       1.1914
_SET1_   8476       1  227167566  227541193   2101      40  472613      0.38944      0.20403   -1.6653e-16      0.38944
_SET1_   27185      1  231727561  232187018   2094     222  469118       2.0125    0.0063427             0       2.0125
_SET1_   80003      1  233109855  233466459   1750     166  471217      0.27391      0.22553   -1.6653e-16      0.27391
_SET1_   6546       2   40329286   40774575   2177     156  470225     0.078282      0.27985   -1.5266e-16     0.078282
_SET1_   678        2   43439541   43488745    162      61  458345       2.8832   0.00040005             0       2.8832
_SET1_   6711       2   54648454   54908583   1201      82  469287     -0.06833      0.33732   -1.5266e-16     -0.06833
_SET1_   9938       2   68926913   69063965    687      79  472617       1.0882     0.054897   -2.2204e-16       1.0882
_SET1_   11320      2   99225569   99382589    589      79  464820        2.029    0.0056922             0        2.029
_SET1_   8440       2  106326520  106520730   1045      75  465605       3.5722   2.2621e-05             0       3.5722
_SET1_   10461      2  112621056  112807293    842      54  469685      0.56755      0.14595   -1.1102e-16      0.56755
_SET1_   55843      2  143851899  144535921   2357     212  469504      0.41174      0.18392   -1.6653e-16      0.41174
_SET1_   8502       2  159278476  159547941   1305      64  469555    -0.031379      0.32519   -1.5266e-16    -0.031379
_SET1_   22837      2  165526695  165733678    919      68  470257     -0.36692      0.45665   -1.6653e-16     -0.36692
_SET1_   27347      2  168800530  169139105   1666     105  467301     -0.88709      0.64169   -1.1102e-16     -0.88709
_SET1_   11069      2  173565525  173927621   1476     167  470093      0.13364      0.26709   -1.3878e-16      0.13364
_SET1_   91404      2  179956419  180164350    875      76  467893      0.48041      0.17147   -1.6653e-16      0.48041
_SET1_   10787      2  183779579  183938586    631      54  469065      -1.6832      0.90295   -2.2204e-16      -1.6832
_SET1_   7145       2  218654512  218843796    855     157  471139     -0.47925      0.49003   -1.6653e-16     -0.47925
_SET1_   6556       2  219211752  219271617    245      71  466047      -1.2765      0.78708   -2.2204e-16      -1.2765
_SET1_   55619      2  225619807  225942330   1424     128  465404       2.1069    0.0043121             0       2.1069
_SET1_   6672       2  231245871  231420317    822      77  469351      -0.3535      0.43312   -1.6653e-16      -0.3535
_SET1_   116987     2  236367733  237050444   3201     262  466468     -0.86274      0.64967   -1.1102e-16     -0.86274
_SET1_   6529       3   10999420   11090935    416     112  471291      -1.3322      0.79698   -2.2204e-16      -1.3322
_SET1_   9922       3   12928542   13149652   1135     175  469857      0.24586      0.22838   -1.3878e-16      0.24586
_SET1_   23228      3   16939582   17142098    765      60  467693       -1.721       0.8939   -2.2204e-16       -1.721
_SET1_   9497       3   27404212   27560911    729      51  465170       0.8347      0.09861   -1.1102e-16       0.8347
_SET1_   27303      3   29287351   30061886   4104     264  471603      0.41853      0.18645   -1.6653e-16      0.41853
_SET1_   7048       3   30612994   30745634    606     105  469019    -0.099857      0.34047   -1.5266e-16    -0.099857
_SET1_   112616     3   32398163   32506333    599      80  473517      0.90565      0.08021   -1.1102e-16      0.90565
_SET1_   1524       3   39294985   39358226    336      60  463408      -1.4047      0.81985   -2.2204e-16      -1.4047
_SET1_   25924      3   39815405   40311812   2442     133  467371      0.39031      0.17844   -1.6653e-16      0.39031
_SET1_   5793       3   61512243   62290573   3844     302  468559      -1.2653      0.78068   -2.2204e-16      -1.2653
_SET1_   166336     3   64069526   64288859   1086     124  466400     -0.80474      0.61337   -1.1102e-16     -0.80474
_SET1_   23024      3   73421582   73709072   1256     152  467830     -0.33976      0.43105   -1.6653e-16     -0.33976
_SET1_   3059       3  121340246  121414791    256      39  465374      -1.9907      0.93841   -2.2204e-16      -1.9907
_SET1_   942        3  121739209  121849990    368      84  469994    -0.011189      0.32245   -1.5092e-16    -0.011189
_SET1_   8997       3  123778558  124450036   3161     179  468453      0.74438      0.10181   -1.1102e-16      0.74438
_SET1_   285195     3  142974063  143602373   2800     256  471651    -0.055959      0.34224   -1.5266e-16    -0.055959
_SET1_   64805      3  151044631  151137600    431      56  470947     -0.57446      0.53702   -1.1102e-16     -0.57446
_SET1_   6480       3  186613315  186806341   1121     133  471041        -1.13      0.73269   -2.2204e-16        -1.13
_SET1_   57533      4    6876171    7044845    829      81  469827       1.0476     0.061162   -2.2204e-16       1.0476
_SET1_   7096       4   38787876   38841814    250      38  475872       1.5052     0.027892   -2.2204e-16       1.5052
_SET1_   80008      4   38958052   39069041    573      80  473233      -2.5242      0.97813             0      -2.5242
_SET1_   54502      4   40415272   40667958   1105     177  468278     -0.25364      0.40038   -1.6653e-16     -0.25364
_SET1_   323        4   40802044   41253731   2147     157  469074       1.4268     0.026166   -2.2204e-16       1.4268
_SET1_   22998      4   41327802   41712061   1675     176  465962     0.047475       0.2944   -1.5266e-16     0.047475
_SET1_   23284      4   62031949   62948168   3466     242  466807     -0.92106      0.66751   -1.1102e-16     -0.92106
_SET1_   55589      4   79662532   79847519    630      47  469437     -0.29921      0.51701   -1.6653e-16     -0.29921
_SET1_   83478      4   86033860   86933823   4254     186  471656    0.0092341      0.29815   -1.5092e-16    0.0092341
_SET1_   8404       4   88384483   88485798    485      49  469737   -0.0031487      0.31622   -1.5179e-16   -0.0031487
_SET1_   285513     4   90152427   90264161    490     105  469980      -1.6041      0.86113   -2.2204e-16      -1.6041
_SET1_   4126       4  103542643  103717151    747      57  465467     -0.20627      0.38909   -1.3878e-16     -0.20627
_SET1_   80216      4  113183480  113373774    823     131  468331       1.3148     0.032528   -2.2204e-16       1.3148
_SET1_   55534      4  140627545  141110233   1869     242  469430       0.7509      0.11017   -1.1102e-16       0.7509
_SET1_   152503     4  152031433  152281797   1024      70  465332       1.0265     0.065481   -2.2204e-16       1.0265
_SET1_   7097       4  154570404  154637243    298      52  467285      0.58557      0.14678   -1.1102e-16      0.58557
_SET1_   8470       4  186496598  186912870   2505     257  469736       -1.015      0.70431   -2.2204e-16       -1.015
_SET1_   25854      4  186991054  187103817    519      69  471071     -0.16795      0.37059   -1.3878e-16     -0.16795
_SET1_   54491      5   14546891   14626289    277      66  462497       1.2498     0.044376   -2.2204e-16       1.2498
_SET1_   23194      5   15465305   15949905   1771     121  467340     -0.13261      0.35394   -1.3878e-16     -0.13261
_SET1_   23037      5   31604345   32121038   2653     327  472584      -1.0491      0.70351   -2.2204e-16      -1.0491
_SET1_   6507       5   36571457   36698436    566     107  466291      -1.3731      0.80294   -2.2204e-16      -1.3731
_SET1_   3977       5   38465065   38630507    579      66  460583      -1.4109      0.82453   -2.2204e-16      -1.4109
_SET1_   2533       5   39095354   39305759    936     101  471098      -2.2343      0.96012             0      -2.2343
_SET1_   375449     5   65857176   66475426   2733     204  468981      -1.2034      0.76156   -2.2204e-16      -1.2034
_SET1_   10184      5   77771038   77979648    729      97  467917       1.0256     0.058858   -2.2204e-16       1.0256
_SET1_   5924       5   80221491   80535981   1518     175  470211       -1.861      0.91257   -2.2204e-16       -1.861
_SET1_   4208       5   88004058   88234922    717      86  460018      0.57488      0.13827   -1.1102e-16      0.57488
_SET1_   7903       5  100132639  100273989    491      43  460578     -0.16669      0.38889   -1.3878e-16     -0.16669
_SET1_   6558       5  127384483  127535380    467      75  457449      0.47455      0.17348   -1.6653e-16      0.47455
_SET1_   1436       5  149422854  149527935    477     104  467476      0.47463      0.16058   -1.6653e-16      0.47463
_SET1_   972        5  149771200  149827543    262      63  465193     -0.84018       0.6475   -1.1102e-16     -0.84018
_SET1_   1794       5  169029251  169520386   2325     206  470395       -0.495      0.50162   -1.6653e-16       -0.495
_SET1_   255426     5  179517795  179671130    968     144  469938       3.1903   0.00010301             0       3.1903
_SET1_   9450       6    6553934    6665216    736     121  470582     -0.45708      0.47851   -1.6653e-16     -0.45708
_SET1_   6239       6    7072830    7262213    781     103  461042     -0.96878      0.67732   -1.1102e-16     -0.96878
_SET1_   221472     6   36938423   37006845    446      86  465373      -1.1325      0.72727   -2.2204e-16      -1.1325
_SET1_   860        6   45261054   45528819   1033     119  465939       1.3619     0.030756   -2.2204e-16       1.3619
_SET1_   4646       6   76423893   76639254    790      50  464927      0.34082      0.21333   -1.6653e-16      0.34082
_SET1_   55084      6  107776317  107992513    750      95  468398     -0.58018      0.55096   -1.1102e-16     -0.58018
_SET1_   2534       6  111971535  112229655   1042      77  470808     -0.79772       0.6325   -1.1102e-16     -0.79772
_SET1_   5796       6  128279924  128876870   2084     167  469385       3.4801   4.8764e-05             0       3.4801
_SET1_   23328      6  148628729  148883185   1246     181  474663      0.31779      0.21011   -1.6653e-16      0.31779
_SET1_   23345      6  152432819  152993534   2799     204  469526      0.41413      0.17751   -1.6653e-16      0.41413
_SET1_   26034      6  154465618  154712900   1207     128  473473      0.53974      0.14987   -1.1102e-16      0.53974
_SET1_   8635       6  167332992  167405077    369      52  469303      -1.5903      0.86215   -2.2204e-16      -1.5903
_SET1_   84433      7    2935709    3118579   1174     178  471193       1.2915     0.037263   -2.2204e-16       1.2915
_SET1_   85477      7   12574989   12703228    772      96  471965       1.0892     0.055365   -2.2204e-16       1.0892
_SET1_   9734       7   18091572   19049135   4096     267  465158      0.14936      0.26942   -1.3878e-16      0.14936
_SET1_   9771       7   22147908   22431751   1332     120  469154     -0.96535      0.67379   -1.1102e-16     -0.96535
_SET1_   26031      7   24826159   25054818   1110     126  469221     -0.12982      0.35564   -1.3878e-16     -0.12982
_SET1_   8935       7   26687397   27069862   1454      60  467134     -0.46042      0.48581   -1.6653e-16     -0.46042
_SET1_   54504      7   29025247   29260213   1195     138  471032      0.87954      0.08299   -1.1102e-16      0.87954
_SET1_   313        7   36542549   36799154   1209     136  468680       1.7437     0.011402   -2.2204e-16       1.7437
_SET1_   64759      7   47304752   47656742   1520     189  464802       0.9752     0.067729   -1.1102e-16       0.9752
_SET1_   2887       7   50647760   50896159   1195      85  466475       2.4154    0.0016991             0       2.4154
_SET1_   7462       7   73589087   73654164    213      31  450598       1.6484     0.028765   -2.2204e-16       1.6484
_SET1_   3092       7   75152619   75403290   1144     130  470837      -1.3267      0.78941   -2.2204e-16      -1.3267
_SET1_   781        7   81565760   82108031   2507     159  466640      -1.5955      0.85771   -2.2204e-16      -1.5955
_SET1_   93986      7  113691365  114343827   2220     164  461201      0.23015      0.23582   -1.3878e-16      0.23015
_SET1_   22797      7  115565202  115834950   1041      69  464616      -1.4131      0.82004   -2.2204e-16      -1.4131
_SET1_   79974      7  120593751  120947498   1316      87  465579     -0.99852      0.68131   -1.1102e-16     -0.99852
_SET1_   800        7  134429164  134665480    956     105  469741      0.79096     0.095149   -1.1102e-16      0.79096
_SET1_   6916       7  139443047  139730125   1245     147  467192       2.0412    0.0056597             0       2.0412
_SET1_   1508       8   11690033   11760646    441      63  469784        1.727     0.012872   -2.2204e-16        1.727
_SET1_   10395      8   12930870   13408167   3091     159  470908     -0.65491      0.55088   -1.1102e-16     -0.65491
_SET1_   4481       8   15955387   16085300    770      81  468322     -0.34487      0.46042   -1.6653e-16     -0.34487
_SET1_   55790      8   19251672   19575261   1714     130  470043      -1.4632      0.82677   -2.2204e-16      -1.4632
_SET1_   10863      8   24116553   24222726    547      37  467178      -1.5829      0.88323   -2.2204e-16      -1.5829
_SET1_   4067       8   56757386   56935006    781      78  468826       1.6146     0.017484   -2.2204e-16       1.6146
_SET1_   80243      8   68829244   69153897   1646     175  467874      0.70657      0.10793   -1.1102e-16      0.70657
_SET1_   619279     8   81530686   81822016    889      69  466339     -0.70786       0.6163   -1.1102e-16     -0.70786
_SET1_   55824      8   81870045   82059303    764     115  470264     -0.71414       0.5794   -1.1102e-16     -0.71414
_SET1_   862        8   92957195   93150454    490      54  460253     -0.25452      0.41587   -1.6653e-16     -0.25452
_SET1_   51571      8  130841839  131063897    839      88  461729      0.10698      0.26475   -1.5266e-16      0.10698
_SET1_   3786       8  133123105  133528004   1945     185  468831      0.93847     0.073457   -1.1102e-16      0.93847
_SET1_   6503       8  134038973  134150604    628      52  470103      0.69206      0.12163   -1.1102e-16      0.69206
_SET1_   22898      8  142103720  142215903    553     102  465866       1.3441     0.030602   -2.2204e-16       1.3441
_SET1_   81704      9     179865     475259   1919     134  470635      0.19908      0.23527   -1.3878e-16      0.19908
_SET1_   8777       9   13095700   13314660    732     119  465860      0.67159      0.12469   -1.1102e-16      0.67159
_SET1_   4781       9   14071842   14433982   1652     224  466049      0.74019      0.11627   -1.1102e-16      0.74019
_SET1_   54796      9   16399501   16905786   2389     195  469898      0.46739      0.17403   -1.6653e-16      0.46739
_SET1_   4300       9   20331663   20657514   1255     146  458748     0.054465      0.28675   -1.5266e-16     0.054465
_SET1_   6850       9   93529012   93670842    838     115  472623       3.2976   7.2474e-05             0       3.2976
_SET1_   7046       9  101832412  101926474    337      61  465119      -1.0058      0.71386   -2.2204e-16      -1.0058
_SET1_   445815     9  112507577  112944792   2141     218  468464       -2.727      0.98767             0       -2.727
_SET1_   57713     10    7190586    7488448   1618     148  469300     -0.49573       0.4999   -1.6653e-16     -0.49573
_SET1_   10659     10   10803851   11388674   2883     254  462294       1.0944     0.058039   -2.2204e-16       1.0944
_SET1_   55691     10   13675706   14407866   4442     351  470268      0.46204      0.15771   -1.6653e-16      0.46204
_SET1_   84898     10   20070118   20585199   2756     156  472731     -0.47601      0.48466   -1.6653e-16     -0.47601
_SET1_   10529     10   21058900   21498116   1851     152  468902      0.44062      0.17468   -1.6653e-16      0.44062
_SET1_   54518     10   26692253   26866732    882     100  473028     -0.36582      0.43668   -1.6653e-16     -0.36582
_SET1_   56288     10   34388488   35139253   3025     155  466171       1.0103     0.060697   -2.2204e-16       1.0103
_SET1_   240       10   45834624   45951569    615      62  467938      -1.6006      0.87193   -2.2204e-16      -1.6006
_SET1_   58504     10   49644068   49899310   1246     138  468916     -0.18361      0.36577   -1.3878e-16     -0.18361
_SET1_   57705     10   49857907   50201001   1618     153  469022     -0.14712      0.35461   -1.3878e-16     -0.14712
_SET1_   27143     10   72203564   72338206    750     127  470475       1.4657     0.024033   -2.2204e-16       1.4657
_SET1_   159195    10   75247296   75370433    432      40  465500      0.79519       0.1507   -1.1102e-16      0.79519
_SET1_   83938     10   77156217   78327133   4395     300  464516      -1.4567      0.82989   -2.2204e-16      -1.4567
_SET1_   3778      10   78619359   79432577   3711     279  469912     -0.41393      0.47298   -1.6653e-16     -0.41393
_SET1_   2894      10   87349312   88161250   3877     253  469589      0.43703      0.18773   -1.6653e-16      0.43703
_SET1_   10580     10   97061530   97356171   1460     130  474711       1.1029     0.055298   -2.2204e-16       1.1029
_SET1_   953       10   97436536   97647023    847      48  472693       1.6889     0.016477   -2.2204e-16       1.6889
_SET1_   29760     10   97941455   98066333    658     107  469322       3.9847   4.0584e-06             0       3.9847
_SET1_   118788    10   98343069   98515279    745     123  469540      0.51178       0.1544   -1.1102e-16      0.51178
_SET1_   3983      10  116180869  116479762   1352     135  467499      0.42017      0.17404   -1.6653e-16      0.42017
_SET1_   6001      10  121249339  121337222    383      79  467964      0.26598      0.23179   -1.6653e-16      0.26598
_SET1_   1793      10  128733965  129260780   2757     204  471236     -0.46668      0.48653   -1.6653e-16     -0.46668
_SET1_   5791      10  129670325  129894180   1263     164  470706      0.38144      0.18974   -1.6653e-16      0.38144
_SET1_   3784      11    2431221    2880340   2424     286  466214     -0.48405      0.50447   -1.6653e-16     -0.48405
_SET1_   374378    11   11282421   11678561   2424     269  472519      0.32501      0.21056   -1.6653e-16      0.32501
_SET1_   7003      11   12660969   12976284   1095     113  464650        1.665     0.014273   -2.2204e-16        1.665
_SET1_   5140      11   14630191   14903605    712      77  462669     -0.12681      0.36344   -1.3878e-16     -0.12681
_SET1_   5795      11   47967101   48202394    827      68  432967      0.92312     0.070122   -1.1102e-16      0.92312
_SET1_   64231     11   59929080   59987139    231      42  470004        5.658        5e-10             0        5.658
_SET1_   58475     11   60110949   60173427    229      37  465992       1.5675     0.022021   -2.2204e-16       1.5675
_SET1_   11309     11   74827032   74927445    472      65  469573     -0.90686      0.66924   -1.1102e-16     -0.90686
_SET1_   1075      11   88016760   88105941    369      45  473217     -0.12239      0.37015   -1.5266e-16     -0.12239
_SET1_   3606      11  112003974  112069840    238      56  472545       0.0864      0.29295   -1.5266e-16       0.0864
_SET1_   6653      11  121287912  121514471    781     142  467323       7.2171   5.8133e-15             0       7.2171
_SET1_   2313      11  128521430  128693162    811     115  472262      -1.1997      0.75612   -2.2204e-16      -1.1997
_SET1_   64581     12   10259376   10317868    292      44  474776      -1.0609      0.73045   -2.2204e-16      -1.0609
_SET1_   2120      12   11767788   12058336   1257     185  468139      -1.8976      0.91958   -2.2204e-16      -1.8976
_SET1_   6660      12   23672438   24750383   4807     357  469904      0.47897      0.15697   -1.6653e-16      0.47897
_SET1_   4033      12   25170181   25271269    502      92  472072     -0.69009      0.57008   -1.1102e-16     -0.69009
_SET1_   79365     12   26262959   26313003    199      43  470977      0.30998      0.23722   -1.6653e-16      0.30998
_SET1_   3709      12   26478285   27021131   2369     165  471364     -0.47719      0.48427   -1.6653e-16     -0.47719
_SET1_   8496      12   27642045   27858497    915     114  476823       1.2434      0.04008   -2.2204e-16       1.2434
_SET1_   3071      12   54856495   54946899    345      76  464714    -0.019427      0.31298   -1.5266e-16    -0.019427
_SET1_   57522     12   64203276   64551643   1160     157  465994     0.059226      0.28975   -1.5266e-16     0.059226
_SET1_   50515     12  104815692  105165792   1781     219  468332     -0.52945      0.51357   -1.1102e-16     -0.52945
_SET1_   1240      12  108671821  108768094    454      97  467587       0.2326      0.22528   -1.3878e-16       0.2326
_SET1_   10129     13   32570269   32880794   1302     132  472656      0.68806      0.11535   -1.1102e-16      0.68806
_SET1_   10186     13   39907029   40212356   1429     148  466820      0.75481      0.10106   -1.1102e-16      0.75481
_SET1_   80183     13   46906136   46999177    498      36  471583       1.4529     0.034577   -2.2204e-16       1.4529
_SET1_   10161     13   48975181   49053840    235      50  467570     -0.95366      0.73417   -1.1102e-16     -0.95366
_SET1_   10257     13   95662083   95988705   1942     182  472261     -0.46687      0.48538   -1.6653e-16     -0.46687
_SET1_   23348     13   99435741   99773660   1561      68  470249      -0.3415      0.43811   -1.6653e-16      -0.3415
_SET1_   4857      14   26905089   27102239    671      49  460970       -1.158      0.77096   -2.2204e-16       -1.158
_SET1_   55320     14   45662393   45757714    279      45  465516      0.62325      0.16674   -1.1102e-16      0.62325
_SET1_   23224     14   64284683   64703167   1687     102  464756      -0.5933       0.5308   -1.1102e-16      -0.5933
_SET1_   677       14   69244372   69298184    234      45  471430      0.56285      0.15403   -1.1102e-16      0.56285
_SET1_   56659     14   90493109   90662201    791     102  471070      0.70919      0.11296   -1.1102e-16      0.70919
_SET1_   79890     14   92945125   93165339   1175     161  470690       4.3151   6.9174e-07             0       4.3151
_SET1_   23191     15   22857667   23013603    773     119  461077      0.53054      0.13965   -1.1102e-16      0.53054
_SET1_   7082      15   29982338   30296038   1292     118  467609       1.0804     0.059082   -2.2204e-16       1.0804
_SET1_   342184    15   33047745   33521934   2933     224  468683      0.73309      0.10981   -1.1102e-16      0.73309
_SET1_   79895     15   50140435   50446419   1207     115  469028       2.9748   0.00023136             0       2.9748
_SET1_   6095      15   60770483   61556502   3309     364  469115     -0.71352      0.56866   -1.1102e-16     -0.71352
_SET1_   9915      15   80661692   80900278   1123     151  466939     -0.73887       0.5916   -1.1102e-16     -0.73887
_SET1_   11214     15   85888818   86302589   2025      83  467888     -0.75453      0.59173   -1.1102e-16     -0.75453
_SET1_   374655    15   90509197   90635432    493     107  465702      0.67562      0.12158   -1.1102e-16      0.67562
_SET1_   64784     15   91038118   91198577    777      56  468367      0.84707     0.094522   -1.1102e-16      0.84707
_SET1_   28232     15   92361938   92725665   1709     178  469988      -2.1312      0.94808             0      -2.1312
_SET1_   3480      15   99157272   99517759   1592     197  469303       -1.262       0.7839   -2.2204e-16       -1.262
_SET1_   79705     15  101424460  101620317   1084     111  467970       1.5502     0.019527   -2.2204e-16       1.5502
_SET1_   4261      16   10936055   11028840    415     104  468264      0.66774       0.1208   -1.1102e-16      0.66774
_SET1_   9951      16   25668347   26159009   2465     291  470114     -0.33535      0.43551   -1.6653e-16     -0.33535
_SET1_   3684      16   31236288   31354213    331      37  467939       2.6811   0.00088833             0       2.6811
_SET1_   3687      16   31331488   31404320    241      43  461330        1.704     0.013632   -2.2204e-16        1.704
_SET1_   113       16   50243830   50362046    432      94  466507      0.61724      0.12979   -1.1102e-16      0.61724
_SET1_   54947     16   55507913   55630582    533      51  472688      0.20074        0.255   -1.3878e-16      0.20074
_SET1_   4094      16   79617745   79669622    277     100  465848       1.3041     0.034912   -2.2204e-16       1.3041
_SET1_   5336      16   81777899   82006290   1684     177  468426       5.3624   1.9935e-09             0       5.3624
_SET1_   29        17     896758    1125616   1371     217  466001     -0.24331      0.39993   -1.3878e-16     -0.24331
_SET1_   23533     17    8772233    8904029    594      83  464454      -1.5478      0.85424   -2.2204e-16      -1.5478
_SET1_   55803     17   29213698   29296340    254      33  470676      0.96451      0.10064   -1.1102e-16      0.96451
_SET1_   2885      17   73304157   73436790    476      43  468365      -2.8775      0.99321             0      -2.8775
_SET1_   79651     17   74456975   74532509    390      80  468159      -1.6011      0.86435   -2.2204e-16      -1.6011
_SET1_   11031     18    9673228    9872553   1126     179  474563       1.0002     0.066718   -2.2204e-16       1.0002
_SET1_   718       19    6667846    6755662    463     112  470249      -1.4717      0.82814   -2.2204e-16      -1.4717
_SET1_   7409      19    6737679    6867377    684     123  471243       0.6209      0.13326   -1.1102e-16       0.6209
_SET1_   84106     19    8544940    8602538    310      44  471486      0.64342      0.14309   -1.1102e-16      0.64342
_SET1_   4542      19    8575674    8677331    548     100  469071      0.75892      0.10876   -1.1102e-16      0.75892
_SET1_   6261      19   38889340   39088204    984     111  468748     -0.39598       0.4771   -1.6653e-16     -0.39598
_SET1_   5452      19   42580262   42671625    192      46  461102     -0.68009      0.62563   -1.1102e-16     -0.68009
_SET1_   10859     19   55093384   55159007    418      37  470517       4.2104   2.2035e-06             0       4.2104
_SET1_   23236     20    8077912    8875547   3568     299  470611     0.022996      0.29396   -1.5266e-16     0.022996
_SET1_   5332      20    9014357    9471463   1832     184  466245       1.3952     0.029904   -2.2204e-16       1.3952
_SET1_   79953     20   24414835   24657253   1142     151  465593     -0.53271      0.50904   -1.1102e-16     -0.53271
_SET1_   3055      20   30604991   30699659    340      67  462155     -0.53492      0.52844   -1.1102e-16     -0.53492
_SET1_   4773      20   49993494   50214370   1052     184  468829       2.0965    0.0047882             0       2.0965
_SET1_   10079     20   50203314   50419908   1219      81  473276       1.9887    0.0062897   -2.2204e-16       1.9887
_SET1_   64092     21   15847549   15990723    758     111  470514       0.2654      0.21869   -1.6653e-16       0.2654
_SET1_   351       21   27242861   27578446   1445     127  468313       4.5818   1.9303e-07             0       4.5818
_SET1_   59271     21   33749034   33897702    685      75  465575       -1.168      0.74969   -2.2204e-16       -1.168
_SET1_   7226      21   45735046   45872964    659      90  461500     -0.27256      0.41787   -1.6653e-16     -0.27256
_SET1_   23765     22   17530849   17606584    356      77  470052     0.046044      0.28982   -1.5266e-16     0.046044
_SET1_   162       22   29713669   29819754    427      72  457609      0.77717     0.099403   -1.1102e-16      0.77717
_SET1_   23543     22   36124783   36459679   1034      78  460650      -0.2133        0.418   -1.3878e-16      -0.2133
_SET1_   1730       X   95904650   96865597      1       1  429855    -0.053694       0.5936   -1.5266e-16    -0.053694

# _SET2_  VARIABLE = T-cell (set)
# _SET2_  NGENES = 262
# _SET2_  P-VALUE = 0.0032969
_SET2_   GENE        CHR      START       STOP  NSNPS  NPARAM       N        ZSTAT            P  ZFITTED_BASE  ZRESID_BASE
_SET2_   8514          1    6017358    6171253    773     115  467414      0.56513      0.14319   -1.1102e-16      0.56513
_SET2_   5293          1    9676789    9799172    556      86  461632       1.4485     0.027153   -2.2204e-16       1.4485
_SET2_   7133          1   12192044   12279279    383      67  470965    -0.062064      0.34267   -1.5266e-16    -0.062064
_SET2_   864           1   25216002   25326648    548      93  462762       1.4007     0.026422   -2.2204e-16       1.4007
_SET2_   2035          1   29178603   29456558   1021      72  462846       1.0434     0.065712   -2.2204e-16       1.0434
_SET2_   3932          1   32681840   32761766    230      63  469319     -0.75266      0.66145   -1.1102e-16     -0.75266
_SET2_   64744         1   40804378   40898998    349      73  471965      -1.2646       0.7855   -2.2204e-16      -1.2646
_SET2_   2634          1   89561815   89626842    282      29  472023      -1.2406      0.80234   -2.2204e-16      -1.2406
_SET2_   7049          1   92135900   92406559   1217     119  473356     0.054579       0.2852   -1.5266e-16     0.054579
_SET2_   10451         1  108103782  108542545   2100     159  469466      -2.2335      0.95802             0      -2.2335
_SET2_   963           1  111378821  111452558    336      37  475742      0.58434      0.15396   -1.1102e-16      0.58434
_SET2_   79961         1  111718591  111782160    290      68  465307       1.0054     0.067033   -2.2204e-16       1.0054
_SET2_   26191         1  114346433  114449375    303      57  458992     -0.78372      0.60689   -1.1102e-16     -0.78372
_SET2_   914           1  117262057  117321851    242      77  465052      -1.4488      0.82966   -2.2204e-16      -1.4488
_SET2_   149628        1  158866337  158956849    442      68  471264     0.014749      0.30771   -1.5092e-16     0.014749
_SET2_   3428          1  158944682  159034945    466      44  470272       1.1678     0.059302   -2.2204e-16       1.1678
_SET2_   114836        1  160444820  160528052    399      57  469723      0.76698      0.11687   -1.1102e-16      0.76698
_SET2_   257106        1  161006731  161074760    257      62  468103        2.553    0.0013055             0        2.553
_SET2_   919           1  167389877  167522847    703     157  465469      -1.0116      0.69037   -2.2204e-16      -1.0116
_SET2_   92241         1  167564474  167687933    705     121  467171       1.7062     0.013345   -2.2204e-16       1.7062
_SET2_   26052         1  171775618  172397606   2481     148  467176      0.62679      0.12301   -1.1102e-16      0.62679
_SET2_   9910          1  174093552  174974445   3063      55  464252     -0.46165      0.49575   -1.6653e-16     -0.46165
_SET2_   116496        1  184750159  184978718   1037      97  465039    -0.043527      0.32037   -1.5266e-16    -0.043527
_SET2_   5788          1  198573098  198736605    737      78  467266     -0.13957      0.38072   -1.3878e-16     -0.13957
_SET2_   80342         1  209894393  209965668    268      35  471241      0.28288      0.24713   -1.6653e-16      0.28288
_SET2_   8476          1  227167566  227541193   2101      40  472613      0.38944      0.20403   -1.6653e-16      0.38944
_SET2_   27436         2   42361490   42569688    915      59  463902       2.0005    0.0062658             0       2.0005
_SET2_   678           2   43439541   43488745    162      61  458345       2.8832   0.00040005             0       2.8832
_SET2_   55704         2   55504978   55682057    933      55  471251     -0.93452      0.69287   -1.1102e-16     -0.93452
_SET2_   9938          2   68926913   69063965    687      79  472617       1.0882     0.054897   -2.2204e-16       1.0882
_SET2_   10578         2   85886414   85935967    197      36  469847     -0.71235      0.60109   -1.1102e-16     -0.71235
_SET2_   7535          2   98295031   98366990    253      46  459552      0.58362      0.14817   -1.1102e-16      0.58362
_SET2_   3631          2   99026321   99217496    540      53  469478     -0.01498      0.33546   -1.5092e-16     -0.01498
_SET2_   55843         2  143851899  144535921   2357     212  469504      0.41174      0.18392   -1.6653e-16      0.41174
_SET2_   114793        2  153156684  153516348   1561     113  467414     0.051806       0.2836   -1.5266e-16     0.051806
_SET2_   9595          2  158261131  158335604    256      67  465209       1.2699     0.050876   -2.2204e-16       1.2699
_SET2_   7456          2  175414302  175582667    560      94  465849     -0.02943      0.31236   -1.5266e-16     -0.02943
_SET2_   3676          2  182286619  182412474    518      86  465156     -0.60972      0.53631   -1.1102e-16     -0.60972
_SET2_   6775          2  191884302  192072404    670     110  468721      0.28734      0.21336   -1.6653e-16      0.28734
_SET2_   9262          2  196988307  197071336    396      46  466800    -0.079619      0.35141   -1.5266e-16    -0.079619
_SET2_   91526         2  197821741  198210521   1552     116  470135     -0.29808      0.42287   -1.6653e-16     -0.29808
_SET2_   841           2  202063166  202162434    368      58  467600      0.97914     0.073695   -1.1102e-16      0.97914
_SET2_   11262         2  231055445  231187930    590      62  471605      0.71443      0.11826   -1.1102e-16      0.71443
_SET2_   6672          2  231245871  231420317    822      77  469351      -0.3535      0.43312   -1.6653e-16      -0.3535
_SET2_   23225         3   13347730   13496819    731      48  475216    -0.016862      0.33124   -1.5266e-16    -0.016862
_SET2_   23228         3   16939582   17142098    765      60  467693       -1.721       0.8939   -2.2204e-16       -1.721
_SET2_   7325          3   23209498   23642296   2076      56  467532      0.62394      0.13414   -1.1102e-16      0.62394
_SET2_   7048          3   30612994   30745634    606     105  469019    -0.099857      0.34047   -1.5266e-16    -0.099857
_SET2_   11186         3   50357217   50413367    127      41  453089       1.1254     0.067097   -2.2204e-16       1.1254
_SET2_   1795          3   50677672   51431629   2310      49  460476       2.6484    0.0011371             0       2.6484
_SET2_   50650         3   56751446   57148336   1762     176  471507       2.0136    0.0058589             0       2.0136
_SET2_   8801          3   67400884   67740038   1911     115  466573     -0.19562       0.3748   -1.3878e-16     -0.19562
_SET2_   253559        3   84973133   86133579   5090     136  466522      -1.8394      0.90415   -2.2204e-16      -1.8394
_SET2_   868           3  105364306  105624354   1061      70  468063     -0.08245       0.3544   -1.5266e-16     -0.08245
_SET2_   10225         3  111225926  111394843    657     105  460163      0.55513       0.1453   -1.1102e-16      0.55513
_SET2_   54847         3  113216218  113358422    645      68  466445      -1.0239      0.70836   -2.2204e-16      -1.0239
_SET2_   4045          3  115511210  116199385   2706     175  467712      0.15838      0.25625   -1.3878e-16      0.15838
_SET2_   3059          3  121340246  121414791    256      39  465374      -1.9907      0.93841   -2.2204e-16      -1.9907
_SET2_   165631        3  122261435  122367894    561      61  470478      -1.6291      0.87703   -2.2204e-16      -1.6291
_SET2_   5922          3  141170891  141344186    645      54  457979       1.1429     0.056382   -2.2204e-16       1.1429
_SET2_   4154          3  151927120  152193569    833      76  461454       2.3013    0.0026427             0       2.3013
_SET2_   10417         4    1150720    1237750    374      65  465076      0.57977      0.14863   -1.1102e-16      0.57977
_SET2_   401124        4   36248237   36356407    458      84  470186      0.59983      0.13665   -1.1102e-16      0.59983
_SET2_   399           4   40157631   40256384    444      98  468445        2.108    0.0044361             0        2.108
_SET2_   22998         4   41327802   41712061   1675     176  465962     0.047475       0.2944   -1.5266e-16     0.047475
_SET2_   7294          4   48058410   48171273    443      66  456658     -0.81495       0.6135   -1.1102e-16     -0.81495
_SET2_   23284         4   62031949   62948168   3466     242  466807     -0.92106      0.66751   -1.1102e-16     -0.92106
_SET2_   246175        4   78624541   78775764    424      46  469710      0.97654     0.084354   -1.1102e-16      0.97654
_SET2_   285513        4   90152427   90264161    490     105  469980      -1.6041      0.86113   -2.2204e-16      -1.6041
_SET2_   55013         4  110446355  110618872    747      75  464437      0.88584     0.082756   -1.1102e-16      0.88584
_SET2_   287           4  113704239  114314896   2799     230  469908      0.12423      0.27274   -1.5266e-16      0.12423
_SET2_   987           4  151175811  151971879   2590      95  463530      0.39193      0.18896   -1.6653e-16      0.39193
_SET2_   23321         4  154038650  154270474    966     120  469596       1.2313     0.040682   -2.2204e-16       1.2313
_SET2_   23240         4  154352498  154568760    995     141  469322     -0.61768       0.5512   -1.1102e-16     -0.61768
_SET2_   79888         5    1451542    1560644    629     105  467061     -0.74456       0.5903   -1.1102e-16     -0.74456
_SET2_   1501          5   10961952   11939155   4445     337  468194       1.3379     0.032497   -2.2204e-16       1.3379
_SET2_   2533          5   39095354   39305759    936     101  471098      -2.2343      0.96012             0      -2.2343
_SET2_   133418        5   49682026   49772234    384      36  456576      0.97859     0.074244   -1.1102e-16      0.97859
_SET2_   79668         5   49926733   50152356    707      58  466411      0.33311      0.22131   -1.6653e-16      0.33311
_SET2_   10788         5   75664131   76013957   1606     195  470319       2.9499   0.00026243             0       2.9499
_SET2_   64167         5   96176644   96265420    508      39  476990       1.1371     0.058448   -2.2204e-16       1.1371
_SET2_   7903          5  100132639  100273989    491      43  460578     -0.16669      0.38889   -1.3878e-16     -0.16669
_SET2_   25816         5  118569418  118740294    770     102  468323     -0.52076      0.51617   -1.1102e-16     -0.52076
_SET2_   56990         5  130564702  130740383    604      59  451323      0.25608      0.24239   -1.6653e-16      0.25608
_SET2_   6695          5  136300987  136870018   2411     162  467986     -0.18096      0.36937   -1.3878e-16     -0.18096
_SET2_   1729          5  140884588  141033622    535      67  469006        1.196     0.053439   -2.2204e-16        1.196
_SET2_   3702          5  156572907  156692109    605      75  472245       1.4567      0.02655   -2.2204e-16       1.4567
_SET2_   1794          5  169029251  169520386   2325     206  470395       -0.495      0.50162   -1.6653e-16       -0.495
_SET2_   3937          5  169665088  169759822    377     123  467627       1.1371     0.048946   -2.2204e-16       1.1371
_SET2_   6793          5  171459074  171650346    998     123  469892      -1.2014      0.75738   -2.2204e-16      -1.2014
_SET2_   4739          6   11173531   11417581   1256     173  472031     -0.72763      0.59265   -1.1102e-16     -0.72763
_SET2_   9750          6   24794512   24971275   1032     110  469494      0.40362      0.18419   -1.6653e-16      0.40362
_SET2_   11118         6   26330387   26388548    374      49  475128     0.086473      0.30228   -1.5266e-16     0.086473
_SET2_   11119         6   26367465   26425444    395      45  469901    -0.069212      0.35825   -1.5266e-16    -0.069212
_SET2_   3105          6   29875247   29923661    220      26  471503       1.1484     0.059773   -2.2204e-16       1.1484
_SET2_   3106          6   31311649   31359989   1169      51  482413       1.9954    0.0070429   -2.2204e-16       1.9954
_SET2_   2289          6   35531362   35731360    758      78  460617       1.1169     0.053961   -2.2204e-16       1.1169
_SET2_   11329         6   36451666   36550256    508      43  468242      0.86308      0.10433   -1.1102e-16      0.86308
_SET2_   896           6   41892671   42051610    684     117  468795      0.49621      0.15487   -1.6653e-16      0.49621
_SET2_   55809         6   42182669   42454943   1053     146  468636      0.12199        0.284   -1.5266e-16      0.12199
_SET2_   667           6   56312785   56854426   1804      87  464125       2.6664   0.00078154             0       2.6664
_SET2_   577           6   69310210   70109403   3381     155  469116       0.8499     0.084026   -1.1102e-16       0.8499
_SET2_   639           6  106499195  106567814    225      61  465701     -0.59403      0.54987   -1.1102e-16     -0.59403
_SET2_   202           6  106773683  107028335   1415     132  475351      0.10599      0.26695   -1.5266e-16      0.10599
_SET2_   256380        6  108013361  108180521    819      71  473608     -0.57595      0.54152   -1.1102e-16     -0.57595
_SET2_   2534          6  111971535  112229655   1042      77  470808     -0.79772       0.6325   -1.1102e-16     -0.79772
_SET2_   154215        6  124089991  125156786   4500     348  467707       1.2063     0.041787   -2.2204e-16       1.2063
_SET2_   387357        6  128019339  128274776    898      87  463586     -0.96146      0.67592   -1.1102e-16     -0.96146
_SET2_   154075        6  130455447  130721570   1524      52  472773      -0.3986      0.47773   -1.6653e-16      -0.3986
_SET2_   9053          6  136653419  136906957    815      51  459849     -0.41327      0.52242   -1.6653e-16     -0.41327
_SET2_   7402          6  144571434  145184170   2651     143  464000       1.4454     0.026646   -2.2204e-16       1.4454
_SET2_   26034         6  154465618  154712900   1207     128  473473      0.53974      0.14987   -1.1102e-16      0.53974
_SET2_   57583         6  158922468  159066467    710      84  460215     -0.11799      0.33503   -1.5266e-16     -0.11799
_SET2_   94120         6  159030931  159195908    808      96  466041      -1.3752      0.80323   -2.2204e-16      -1.3752
_SET2_   9444          6  163800675  164009628    679      62  466877      0.59829      0.14373   -1.1102e-16      0.59829
_SET2_   84433         7    2935709    3118579   1174     178  471193       1.2915     0.037263   -2.2204e-16       1.2915
_SET2_   313           7   36542549   36799154   1209     136  468680       1.7437     0.011402   -2.2204e-16       1.7437
_SET2_   353345        7   37535212   37791888   1065      66  469741       3.9033   6.0074e-06             0       3.9033
_SET2_   9263          7   43587692   43676978    330      36  472365      -1.6208      0.88343   -2.2204e-16      -1.6208
_SET2_   23242         7   51073909   51419515   1365     108  465577      0.60404       0.1315   -1.1102e-16      0.60404
_SET2_   9863          7   77636374   79118121   7260     405  473240     0.068839      0.26828   -1.5266e-16     0.068839
_SET2_   9732          7  111356164  111881462   2027     251  466729       1.2877     0.040668   -2.2204e-16       1.2877
_SET2_   29969         7  114527169  114669971    529      91  462906      -1.4955      0.84794   -2.2204e-16      -1.4955
_SET2_   26136         7  115815547  115908840    409      44  465339      -1.9244       0.9269   -2.2204e-16      -1.9244
_SET2_   56829         7  138718266  138829466    488      86  468251        1.958    0.0069523   -2.2204e-16        1.958
_SET2_   23362         8   18374813   18906196   3592     258  469848     -0.61754      0.55864   -1.1102e-16     -0.61754
_SET2_   1808          8   26336709   26525693   1056      71  472612      0.16552      0.26125   -1.3878e-16      0.16552
_SET2_   59339         8   38723753   38841431    484     115  464651      -1.6849      0.87472   -2.2204e-16      -1.6849
_SET2_   9760          8   59707977   60066767   1475     175  464503      0.28635      0.21472   -1.6653e-16      0.28635
_SET2_   5150          8   66616569   66788969    674      54  473120     -0.25922      0.44877   -1.6653e-16     -0.25922
_SET2_   4603          8   67464410   67560484    226      35  472484      -1.1598      0.82968   -2.2204e-16      -1.1598
_SET2_   83988         8  102688770  103172135   2294     156  469836    -0.085104      0.34063   -1.5266e-16    -0.085104
_SET2_   51571         8  130841839  131063897    839      88  461729      0.10698      0.26475   -1.5266e-16      0.10698
_SET2_   137835        8  133712191  133807914    420      57  465661      0.47134      0.16348   -1.6653e-16      0.47134
_SET2_   6503          8  134038973  134150604    628      52  470103      0.69206      0.12163   -1.1102e-16      0.69206
_SET2_   6482          8  134457091  134619697    887     152  468929     -0.90296      0.64998   -1.1102e-16     -0.90296
_SET2_   5747          8  141658481  142046412   1307      66  460056     -0.19373      0.37194   -1.3878e-16     -0.19373
_SET2_   81704         9     179865     475259   1919     134  470635      0.19908      0.23527   -1.3878e-16      0.19908
_SET2_   5789          9    8304246   10647723  14089     631  470097       0.3153      0.17513   -1.6653e-16       0.3153
_SET2_   23670         9   74288282   74419373    609      75  471756      0.73022      0.11552   -1.1102e-16      0.73022
_SET2_   2776          9   80325189   80681219   1208      71  465106       1.1778     0.048945   -2.2204e-16       1.1778
_SET2_   89846         9   95674601   95808518    601      59  473363       1.2841     0.039753   -2.2204e-16       1.2841
_SET2_   80709         9  117086429  117195783    416      66  461826      -1.6613      0.87296   -2.2204e-16      -1.6613
_SET2_   2889          9  134442157  134650364    902      62  471207      0.18068      0.25866   -1.3878e-16      0.18068
_SET2_   22982        10     310130     770621   2291      83  463802      -1.1093      0.74314   -2.2204e-16      -1.1093
_SET2_   5588         10    6425558    6657254   1105     145  471722       1.6294     0.016461   -2.2204e-16       1.6294
_SET2_   10659        10   10803851   11388674   2883     254  462294       1.0944     0.058039   -2.2204e-16       1.0944
_SET2_   57584        10   24862538   25047597    598      74  467406     -0.32233      0.42738   -1.6653e-16     -0.32233
_SET2_   54518        10   26692253   26866732    882     100  473028     -0.36582      0.43668   -1.6653e-16     -0.36582
_SET2_   84159        10   63626013   63866707    976     148  471564     -0.76147      0.61099   -1.1102e-16     -0.76147
_SET2_   5552         10   70812828   70874567    252      35  470428      0.73495      0.11993   -1.1102e-16      0.73495
_SET2_   2894         10   87349312   88161250   3877     253  469589      0.43703      0.18773   -1.6653e-16      0.43703
_SET2_   80162        11     253480     307511    309      80  466747     -0.19281       0.3698   -1.3878e-16     -0.19281
_SET2_   6786         11    3841933    4124440   1192      83  462613      0.77016     0.099267   -1.1102e-16      0.77016
_SET2_   10346        11    5675817    5742093    455      66  470199     -0.32591      0.42704   -1.6653e-16     -0.32591
_SET2_   89797        11   19337271   20153147   3884     347  467680      0.40265      0.17462   -1.6653e-16      0.40265
_SET2_   960          11   35125417   35263949    702     108  469153     -0.40861      0.46335   -1.6653e-16     -0.40861
_SET2_   923          11   60704113   60797849    437      91  468504       0.7425      0.10587   -1.1102e-16       0.7425
_SET2_   55690        11   65802747   66022218    618      59  460354     -0.54795      0.52386   -1.1102e-16     -0.54795
_SET2_   1740         11   83156055   85373314   9889     337  465072       1.8072     0.010737   -2.2204e-16       1.8072
_SET2_   54843        11   85395264   85557197    642      58  469460       1.3384     0.037227   -2.2204e-16       1.3384
_SET2_   1075         11   88016760   88105941    369      45  473217     -0.12239      0.37015   -1.5266e-16     -0.12239
_SET2_   80310        11  103767914  104070027   1393     127  467454     -0.36676       0.4292   -1.6653e-16     -0.36676
_SET2_   472          11  108058559  108249829    631      48  453975     -0.24949      0.40876   -1.3878e-16     -0.24949
_SET2_   2113         11  128318656  128492453    693     127  463954     -0.81854      0.61501   -1.1102e-16     -0.81854
_SET2_   2313         11  128521430  128693162    811     115  472262      -1.1997      0.75612   -2.2204e-16      -1.1997
_SET2_   50863        11  131205371  132216716   5011     389  464041    -0.036377        0.298   -1.5266e-16    -0.036377
_SET2_   29121        12    9787304    9862151    401      42  476916     -0.72631      0.62778   -1.1102e-16     -0.72631
_SET2_   51348        12    9945038   10007604    298      54  467528      0.73601      0.12263   -1.1102e-16      0.73601
_SET2_   9976         12    9994968   10057458    316      53  468615     -0.14786      0.37801   -1.3878e-16     -0.14786
_SET2_   3824         12   10422050   10479850    224      41  464116     -0.80942      0.64861   -1.1102e-16     -0.80942
_SET2_   100528032    12   10514952   10597745    217      34  470473       1.5303     0.025679   -2.2204e-16       1.5303
_SET2_   55729        12   14483566   14665864    724      58  467049      -1.2798      0.79048   -2.2204e-16      -1.2798
_SET2_   55196        12   32077353   32156041    424      72  470010       1.4869     0.023418   -2.2204e-16       1.4869
_SET2_   81539        12   46566838   46698208    481     100  463718     -0.91916      0.65997   -1.1102e-16     -0.91916
_SET2_   91523        12   47438386   47640446   1083     113  464533     -0.69424      0.56714   -1.1102e-16     -0.69424
_SET2_   51411        12   51664822   51753446    344      36  467904       2.2334    0.0039639             0       2.2334
_SET2_   3071         12   54856495   54946899    345      76  464714    -0.019427      0.31298   -1.5266e-16    -0.019427
_SET2_   283349       12   64969293   65101347    498      58  463387      -1.1493      0.74157   -2.2204e-16      -1.1493
_SET2_   92797        12   66661335   66747423    420      44  461234      -0.3385      0.44282   -1.6653e-16      -0.3385
_SET2_   5908         12   68969619   69064385    392      48  462319    -0.024661      0.36008   -1.5266e-16    -0.024661
_SET2_   694          12   92524054   92574673    189      59  468197    -0.056542       0.3434   -1.5266e-16    -0.056542
_SET2_   56899        12   99118569  100413512   5029     318  469214      0.89425      0.07985   -1.1102e-16      0.89425
_SET2_   50515        12  104815692  105165792   1781     219  468332     -0.52945      0.51357   -1.1102e-16     -0.52945
_SET2_   3936         13   46690058   46791459    510      91  469659       2.7264   0.00063614             0       2.7264
_SET2_   5101         13   66866966   67839468   3721     240  464752      0.12786      0.26588   -1.3878e-16      0.12786
_SET2_   11278        13   74250149   74743400   2314     227  468499      -1.3053      0.79733   -2.2204e-16      -1.3053
_SET2_   259232       13  101696130  102103813   2120     163  474632       1.6315     0.015987   -2.2204e-16       1.6315
_SET2_   22821        13  114737194  114933095   1089      76  466561      -2.2962      0.96257             0      -2.2962
_SET2_   4857         14   26905089   27102239    671      49  460970       -1.158      0.77096   -2.2204e-16       -1.158
_SET2_   9472         14   32763479   33312268   2548     254  472937        1.018     0.068836   -2.2204e-16        1.018
_SET2_   64067        14   33369115   34283382   4353     414  471179      0.37744       0.1743   -1.6653e-16      0.37744
_SET2_   11177        14   35211937   35379853    647      55  471319      -1.9816      0.93318   -2.2204e-16      -1.9816
_SET2_   54331        14   52292022   52446518    860     104  475595       1.0926     0.056319   -2.2204e-16       1.0926
_SET2_   5729         14   52699310   52753808    242      52  468955      0.69479      0.11995   -1.1102e-16      0.69479
_SET2_   5583         14   61753515   62027698   1232     144  467851       2.1071    0.0050701             0       2.1071
_SET2_   23224        14   64284683   64703167   1687     102  464756      -0.5933       0.5308   -1.1102e-16      -0.5933
_SET2_   1112         14   89612516   90120506   2110     272  471372     -0.55779      0.53312   -1.1102e-16     -0.55779
_SET2_   440193       14   91727667   91919188    884     119  471462       1.0113     0.066895   -2.2204e-16       1.0113
_SET2_   123036       14   92236266   92368880    487      65  469503      -1.2004      0.76565   -2.2204e-16      -1.2004
_SET2_   79890        14   92945125   93165339   1175     161  470690       4.3151   6.9174e-07             0       4.3151
_SET2_   64919        14   99625624   99773514    528     107  471098       1.3165     0.032656   -2.2204e-16       1.3165
_SET2_   51466        14  100450719  100620573    722      71  466158       1.5563     0.023385   -2.2204e-16       1.5563
_SET2_   5527         14  102191910  102404329    875      90  466734       0.7981      0.10754   -1.1102e-16       0.7981
_SET2_   7082         15   29982338   30296038   1292     118  467609       1.0804     0.059082   -2.2204e-16       1.0804
_SET2_   161725       15   31763884   32197875   1735     100  467249      0.17353      0.24727   -1.3878e-16      0.17353
_SET2_   10125        15   38770302   38892661    420      87  470744      0.33074      0.21288   -1.6653e-16      0.33074
_SET2_   84978        15   44152962   44522429   1022      75  460313     -0.80049      0.64764   -1.1102e-16     -0.80049
_SET2_   567          15   44968685   45020357    148      48  470541     -0.83342      0.69055   -1.1102e-16     -0.83342
_SET2_   5873         15   55485164   55617034    690      75  468491     -0.42048      0.48203   -1.6653e-16     -0.42048
_SET2_   11214        15   85888818   86302589   2025      83  467888     -0.75453      0.59173   -1.1102e-16     -0.75453
_SET2_   3669         15   89143904   89208881    333      61  469134       -0.187      0.38202   -1.3878e-16       -0.187
_SET2_   55784        15   94739772   95037181   1407     206  468058       2.0349    0.0055469             0       2.0349
_SET2_   197358       16    3579033    3662392    425      37  453642      0.42315      0.21417   -1.6653e-16      0.42315
_SET2_   9516         16   11631578   11716322    515      81  470718       1.1705     0.045142   -2.2204e-16       1.1705
_SET2_   4363         16   16008434   16246931   1076     130  470941     -0.39293      0.45424   -1.6653e-16     -0.39293
_SET2_   5579         16   23812300   24241932   1995     190  471221       1.3232     0.034334   -2.2204e-16       1.3232
_SET2_   3683         16   30448983   30544506    263      65  458718       3.1292   0.00013712             0       3.1292
_SET2_   113          16   50243830   50362046    432      94  466507      0.61724      0.12979   -1.1102e-16      0.61724
_SET2_   84166        16   56988469   57127438    808     143  466697      0.29537      0.20629   -1.6653e-16      0.29537
_SET2_   4775         16   68083654   68273162    563      44  462734    -0.098013      0.39078   -1.5266e-16    -0.098013
_SET2_   80790        16   81443775   81755367   1830     210  469158     -0.18156        0.379   -1.3878e-16     -0.18156
_SET2_   5336         16   81777899   82006290   1684     177  468426       5.3624   1.9935e-09             0       5.3624
_SET2_   1535         16   88699697   88752492    298      74  466450     -0.38738       0.4566   -1.6653e-16     -0.38738
_SET2_   23108        17    2624050    2951035   1844     277  468736       1.8918    0.0089365   -2.2204e-16       1.8918
_SET2_   22861        17    5394719    5522832    857      44  467159      0.22307      0.25617   -1.3878e-16      0.22307
_SET2_   9744         17    7204848    7264797    239      64  466410       1.8368    0.0093814   -2.2204e-16       1.8368
_SET2_   23533        17    8772233    8904029    594      83  464454      -1.5478      0.85424   -2.2204e-16      -1.5478
_SET2_   162394       17   33535086   33604768    346      49  472948     -0.56361       0.5401   -1.1102e-16     -0.56361
_SET2_   100506736    17   33791942   33849758    246      65  474517      -0.1105       0.3598   -1.5266e-16      -0.1105
_SET2_   22806        17   37903968   38055441    506      33  468836       1.1898     0.059694   -2.2204e-16       1.1898
_SET2_   752          17   43264192   43334685    246      79  464170      -1.8608       0.9142   -2.2204e-16      -1.8608
_SET2_   4137         17   43936702   44115700   1156      13  474104       5.2355   1.7548e-08             0       5.2355
_SET2_   8631         17   46200802   46542596   1111      60  469298      0.46328      0.17304   -1.6653e-16      0.46328
_SET2_   2081         17   62106502   62242502    450      87  466155     -0.70945       0.5959   -1.1102e-16     -0.70945
_SET2_   26207        17   65338397   65703379   1512     220  467437     0.050343      0.30115   -1.5266e-16     0.050343
_SET2_   147138       17   76090505   76149049    331     101  464407       1.0156     0.064958   -2.2204e-16       1.0156
_SET2_   9267         17   76660130   76813376    657      53  462983       -1.236      0.78223   -2.2204e-16       -1.236
_SET2_   57674        17   78199643   78382586    986     143  468637        -1.87      0.91421   -2.2204e-16        -1.87
_SET2_   23347        18    2620886    2815015   1066      62  471121       -1.828      0.91114   -2.2204e-16       -1.828
_SET2_   125488       18   21537737   21725574    760      87  472051     -0.46613       0.4988   -1.6653e-16     -0.46613
_SET2_   114876       18   21732009   22012846   1068     164  469820      0.79587     0.098241   -1.1102e-16      0.79587
_SET2_   54941        18   29563445   29663154    390      68  471719       1.0921     0.057674   -2.2204e-16       1.0921
_SET2_   6925         18   52879562   53338252   1395     127  462470     -0.81077      0.62235   -1.1102e-16     -0.81077
_SET2_   28316        18   58965815   59247123   1198     203  470334     -0.29145      0.43259   -1.6653e-16     -0.29145
_SET2_   10666        18   67520192   67659412    684      75  466992       1.5209     0.024702   -2.2204e-16       1.5209
_SET2_   7409         19    6737679    6867377    684     123  471243       0.6209      0.13326   -1.1102e-16       0.6209
_SET2_   4542         19    8575674    8677331    548     100  469071      0.75892      0.10876   -1.1102e-16      0.75892
_SET2_   976          19   14456403   14529537    301      96  462765     -0.59151      0.53252   -1.1102e-16     -0.59151
_SET2_   84941        19   16209838   16279381    280      48  471550      0.44846      0.18592   -1.6653e-16      0.44846
_SET2_   3718         19   17925591   17993880    323      70  472386     -0.80116      0.62718   -1.1102e-16     -0.80116
_SET2_   7040         19   41826812   41894831    215      58  463349    -0.043546      0.32316   -1.5266e-16    -0.043546
_SET2_   84174        20   35230922   35309619    174      89  457128     -0.86861      0.67454   -1.1102e-16     -0.86861
_SET2_   6789         20   43560120   43718600    648      67  463285       1.3493     0.032812   -2.2204e-16       1.3493
_SET2_   4773         20   49993494   50214370   1052     184  468829       2.0965    0.0047882             0       2.0965
_SET2_   128611       20   57700895   57844168    611      78  470084     -0.25033      0.42052   -1.6653e-16     -0.25033
_SET2_   116154       20   58117564   58432766   1620     183  469189      0.46096      0.17399   -1.6653e-16      0.46096
_SET2_   64092        21   15847549   15990723    758     111  470514       0.2654      0.21869   -1.6653e-16       0.2654
_SET2_   4685         21   22335633   22923892   2948     217  469401     -0.53326      0.50985   -1.1102e-16     -0.53326
_SET2_   351          21   27242861   27578446   1445     127  468313       4.5818   1.9303e-07             0       4.5818
_SET2_   9402         22   40262086   40379347    304      85  466594     -0.80118      0.61853   -1.1102e-16     -0.80118
_SET2_   23112        22   40405046   40741812   1121      74  461044      0.96917     0.070812   -1.1102e-16      0.96917
