# ALPHA = 0.05
# NUMBER_OF_TESTS = 6

# _SET1_  VARIABLE = Astro (set)
# _SET1_  NGENES = 255
# _SET1_  P-VALUE = 0.00741234
_SET1_   GENE     CHR      START       STOP  NSNPS  NPARAM      N        ZSTAT            P  ZFITTED_BASE  ZRESID_BASE
_SET1_   63976      1    2935565    3405185   1728     162  36989      0.51613     0.021179             0      0.51613
_SET1_   339541     1   45090370   45241263    369      40  36989      -0.7075      0.43099             0      -0.7075
_SET1_   55268      1   53311582   53442846    258      15  36989      -1.4771      0.76444             0      -1.4771
_SET1_   26027      1   54957930   55150417    725      72  36989      -2.3898      0.91276             0      -2.3898
_SET1_   374977     1   55057427   55225939    678      54  36989      -1.1583      0.56642             0      -1.1583
_SET1_   8613       1   56910419   57095257    639      47  36989      -1.8764        0.811             0      -1.8764
_SET1_   85440      1   62870397   63204039    529      17  36989      -1.0869       0.6024             0      -1.0869
_SET1_   57685      1   64886476   65208741    727      96  36989     -0.80342      0.42695             0     -0.80342
_SET1_   79971      1   68514142   68748284    846      85  36989      -1.1779        0.536             0      -1.1779
_SET1_   26289      1   77697662   78075654   1297      73  36989    -0.069465      0.11363   -1.3878e-17    -0.069465
_SET1_   79739      1   84285057   84514850    638      27  36989       1.2336     0.015687             0       1.2336
_SET1_   23576      1   85734168   86094046   1082      73  36989      0.65261     0.031971             0      0.65261
_SET1_   7049       1   92095900   92421559   1130      87  36989     -0.38439      0.19553             0     -0.38439
_SET1_   8412       1   93977343   94362706   1161      44  36989      -1.8905      0.77029             0      -1.8905
_SET1_   2152       1   94944732   95057413    277      28  36989     -0.42313      0.33527             0     -0.42313
_SET1_   8556       1  100760598  101035833    543      33  36989     -0.80075      0.45378             0     -0.80075
_SET1_   10451      1  108063782  108557545   1686      97  36989      0.76515      0.01158             0      0.76515
_SET1_   10768      1  110477387  110616364    201      33  36989      0.76696     0.048167             0      0.76696
_SET1_   4853       1  120404176  120689880    214      18  36989      -1.8218      0.87134             0      -1.8218
_SET1_   3782       1  154619938  154892754    723     103  36989       3.4557   2.7174e-06             0       3.4557
_SET1_   10485      1  156324048  156476441    256      42  36989     -0.73279      0.43575             0     -0.73279
_SET1_   477        1  160035520  160163381    409      52  36989       1.0035     0.025961             0       1.0035
_SET1_   80896      1  182708584  182849519    250      32  36989       1.9642    0.0030228             0       1.9642
_SET1_   23418      1  197120592  197497585    555      39  36989      0.97498     0.027155             0      0.97498
_SET1_   7042       1  218468676  218667961    407      44  36989      0.45156     0.093576             0      0.45156
_SET1_   3707       1  226769391  226977028    443      61  36989       2.2879   0.00058876             0       2.2879
_SET1_   56776      1  240205185  240688491   1742     121  36989       1.7724   0.00040965             0       1.7724
_SET1_   2202       2   56043097   56201298    575      38  36989       1.4399    0.0093266             0       1.4399
_SET1_   94097      2   73119165   73348965    372      26  36989       3.8517   1.4897e-06             0       3.8517
_SET1_   83439      2   85310583   85587511   1010      67  36989     -0.52774      0.26096             0     -0.52774
_SET1_   10461      2  112606056  112847293    815      34  36989       1.0713     0.017497             0       1.0713
_SET1_   50649      2  131544489  131854826    753      59  36989       2.0059    0.0013287             0       2.0059
_SET1_   114805     2  154678426  155360489   2289      69  36989       0.3949     0.013691             0       0.3949
_SET1_   8502       2  159263476  159587941   1222      39  36989       1.5073     0.003279             0       1.5073
_SET1_   8708       2  168296692  168777366   1297      95  36989       2.1373   0.00029708             0       2.1373
_SET1_   23671      2  192720615  193109645    746      81  36989    -0.011014      0.14637   -1.7347e-17    -0.011014
_SET1_   56171      2  196552427  196983536    860      25  36989       1.6936    0.0040677             0       1.6936
_SET1_   57520      2  197013971  197508416   1352      70  36989        2.603   4.9647e-05             0        2.603
_SET1_   117583     2  205360516  206534886   2911     148  36989     -0.71764     0.090232             0     -0.71764
_SET1_   5270       2  224789765  224954036    528      44  36989     -0.70596       0.4057             0     -0.70596
_SET1_   55619      2  225579807  225957330   1041      64  36989        1.031     0.013577             0        1.031
_SET1_   79781      2  237182790  237466178    595      39  36989        1.237     0.016085             0        1.237
_SET1_   131096     3   19139946   19627135    688      56  36989      -1.6286      0.74747             0      -1.6286
_SET1_   116135     3   26614300   26802267    614      42  36989     -0.93979      0.48848             0     -0.93979
_SET1_   27303      3   29272351   30101886   3314     182  36989        3.021   1.9424e-07             0        3.021
_SET1_   729085     3   42970759   43149207    386      32  36989     -0.08054      0.21167   -1.3878e-17     -0.08054
_SET1_   11170      3   58499841   58663337    612      65  36989      -1.3718      0.64634             0      -1.3718
_SET1_   26018      3   66379221   66601446    538      50  36989     -0.62106      0.37505             0     -0.62106
_SET1_   23150      3   69169146   69485430   1023      81  36989       1.8047     0.001438             0       1.8047
_SET1_   23024      3   73381582   73724072    994      88  36989     -0.71177      0.31464             0     -0.71177
_SET1_   54762      3  113507671  113716021    392      51  36989      0.18172      0.12969   -2.7756e-17      0.18172
_SET1_   57514      3  118963220  119188323    765      53  36989      0.12608      0.12557   -2.7756e-17      0.12608
_SET1_   6565       3  121563171  121713034    428      15  36989       1.0715     0.029852             0       1.0715
_SET1_   10840      3  125772404  125950029    803      43  36989      -1.5409       0.6796             0      -1.5409
_SET1_   5352       3  145737225  145929282    608      28  36989      -1.2287      0.61076             0      -1.2287
_SET1_   57088      3  145860122  146018966    543      32  36989      -2.0279      0.87054             0      -2.0279
_SET1_   116931     3  150753452  151204465   1216      63  36989     -0.85572      0.34612             0     -0.85572
_SET1_   26084      3  153788792  154025616    579      21  36989    -0.091008      0.22613   -1.3878e-17    -0.091008
_SET1_   27333      3  167676457  167863712    575      25  36989       0.9432     0.034922             0       0.9432
_SET1_   22871      3  173065570  174054434   2662     135  36989       1.7915   6.5897e-05             0       1.7915
_SET1_   1608       3  185802896  186130023    783     106  36989      0.86981     0.024164             0      0.86981
_SET1_   604        3  187389165  187513513    414      36  36989     -0.86228      0.49594             0     -0.86228
_SET1_   84239      3  193069866  193322810    747      66  36989     -0.76362      0.38096             0     -0.76362
_SET1_   2261       4    1745039    1860599    221      39  36989      0.35772       0.1094             0      0.35772
_SET1_   166647     4   22338997   22567677    888      70  36989     -0.33364      0.22366             0     -0.33364
_SET1_   2565       4   45987786   46176082    539      21  36989     -0.91459      0.52161             0     -0.91459
_SET1_   2555       4   46196470   46442056    557      21  36989       2.2557   0.00083727             0       2.2557
_SET1_   2560       4   46983295   47482801   1272      78  36989        1.153    0.0069987             0        1.153
_SET1_   3490       4   57847237   58026551    747      62  36989      -1.2202       0.5666             0      -1.2202
_SET1_   8671       4   72003003   72487804    953      55  36989     -0.67057      0.33989             0     -0.67057
_SET1_   57619      4   77306253   77754406   1267      70  36989      0.26069     0.059547             0      0.26069
_SET1_   83478      4   86018860   86973823   3303      95  36989      -1.5954      0.32279             0      -1.5954
_SET1_   8404       4   88344483   88500798    458      29  36989     -0.85271      0.47957             0     -0.85271
_SET1_   10611      4   95323008   95639378    743      41  36989      -1.1758       0.5568             0      -1.1758
_SET1_   658        4   95629128   96129601   1570      60  36989       1.0682    0.0060432             0       1.0682
_SET1_   64850      4  109613196  109734235    392      36  36989      -2.0576      0.87533             0      -2.0576
_SET1_   2247       4  123697568  123869390    551      37  36989      0.79097     0.051724             0      0.79097
_SET1_   23657      4  139035248  139213572    428      43  36989     -0.47546      0.32464             0     -0.47546
_SET1_   166614     4  150949426  151228609    827      38  36989      0.30228      0.09067             0      0.30228
_SET1_   55016      4  164395450  165355093   3391     130  36989       1.4211   0.00026325             0       1.4211
_SET1_   1363       4  166250097  166469482    939      41  36989      0.41989     0.063483             0      0.41989
_SET1_   50859      4  167604535  168205741   1970      74  36989      0.40305     0.021193             0      0.40305
_SET1_   23022      4  169368215  169899608   1663     123  36989      -3.0218      0.93323             0      -3.0218
_SET1_   2823       4  176504088  176973842   1458     102  36989       3.6278   2.6517e-07             0       3.6278
_SET1_   108        5    7346343    7880194   1477     115  36989      0.34972     0.038089             0      0.34972
_SET1_   4651       5   16612016   16986385   1359     135  36989     0.014066     0.082796   -1.7347e-17     0.014066
_SET1_   202151     5   36197950   36352011    414      31  36989       1.4389     0.010441             0       1.4389
_SET1_   10085      5   83186414   83730685   1170      93  36989      0.44879     0.043093             0      0.44879
_SET1_   84059      5   89804617   90510254   1718      76  36989        2.444   3.6633e-05             0        2.444
_SET1_   22836      5   94999181   95182071    488      60  36989     -0.57295      0.34395             0     -0.57295
_SET1_   1946       5  106662590  107056596   1069     104  36989       2.7233   3.8796e-05             0       2.7233
_SET1_   4163       5  112307796  112874527   2195      62  36989      -1.1397      0.27268             0      -1.1397
_SET1_   65983      5  125645788  125879853    706      81  36989       1.0343     0.017916             0       1.0343
_SET1_   23305      5  131235666  131397761    268      16  36989    -0.061086      0.23173   -2.0817e-17    -0.061086
_SET1_   84249      5  139125406  139274051    239      38  36989       0.8672       0.0453             0       0.8672
_SET1_   23092      5  142099881  142658572   1332      98  36989      -1.8163      0.70149             0      -1.8163
_SET1_   57451      5  166356083  167741162   3264     249  36989      0.99549   0.00092636             0      0.99549
_SET1_   23286      5  167669065  167949308   1026      94  36989    -0.055854      0.12625   -2.0817e-17    -0.055854
_SET1_   10231      6   46138467   46509804    769      47  36989     -0.13453      0.18006   -2.7756e-17     -0.13453
_SET1_   79627      6   71948477   72063267    521      25  36989      0.30538      0.14294             0      0.30538
_SET1_   79632      6  119230992  119520552   1032      58  36989       1.8668    0.0012414             0       1.8668
_SET1_   2697       6  121706745  121820873    465      38  36989     -0.03518      0.19339   -2.0817e-17     -0.03518
_SET1_   7164       6  125424876  125634644    675      40  36989     -0.89191       0.4712             0     -0.89191
_SET1_   6446       6  134440384  134689196    767      81  36989     -0.21359      0.20293   -2.7756e-17     -0.21359
_SET1_   27115      6  136122834  136566709    729      69  36989      0.54064     0.057124             0      0.54064
_SET1_   4217       6  136828184  137163656    624      36  36989     -0.72249      0.40616             0     -0.72249
_SET1_   57224      6  138693180  138943726    702      58  36989      -2.0001      0.84862             0      -2.0001
_SET1_   7402       6  144556434  145224170   1517      83  36989      -0.9037      0.30981             0      -0.9037
_SET1_   57480      6  150870999  151214801   1272      92  36989       1.3359      0.00448             0       1.3359
_SET1_   8871       6  158352888  158570208    717      62  36989     -0.46164      0.27131             0     -0.46164
_SET1_   7430       6  159136773  159290456    579      30  36989      0.11266      0.14819   -1.3878e-17      0.11266
_SET1_   56895      6  161501057  161745107    845      75  36989      -0.2939      0.21465             0      -0.2939
_SET1_   221938     7    4881876    5048844    664      57  36989     -0.20722      0.20662   -2.7756e-17     -0.20722
_SET1_   9771       7   22107908   22446751   1209      88  36989      0.54329       0.0343             0      0.54329
_SET1_   5137       7   31741666   32389016   2536     134  36989      -1.9094      0.47875             0      -1.9094
_SET1_   9844       7   36842511   37538895   2169     135  36989     -0.75212      0.15751             0     -0.75212
_SET1_   2737       7   41950547   42327469   1211     112  36989       1.6931    0.0014351             0       1.6931
_SET1_   1956       7   55036678   55329262    880      95  36989     -0.11868      0.15827   -1.3878e-17     -0.11868
_SET1_   1021       7   92184235   92515941    453      46  36989      -0.7089      0.45384             0      -0.7089
_SET1_   222256     7  105467251  105726877    953     114  36989      0.99328     0.015534             0      0.99328
_SET1_   4897       7  107738071  108146841   1361      53  36989       1.8346    0.0008341             0       1.8346
_SET1_   83992      7  117300702  117563561    573      56  36989       1.7016     0.003717             0       1.7016
_SET1_   5803       7  121463159  121752090    678      41  36989     -0.44611      0.29502             0     -0.44611
_SET1_   23382      7  128814855  129120052    660      34  36989      -1.3368      0.65586             0      -1.3368
_SET1_   9258       8    8590864    8801131   1146      49  36989       3.1262   7.2142e-06             0       3.1262
_SET1_   55790      8   19211672   19590261   1500      86  36989     -0.42062       0.1588             0     -0.42062
_SET1_   148        8   26555667   26777003   1023      81  36989      0.36481     0.064671             0      0.36481
_SET1_   1191       8   27404434   27522328    385      39  36989       3.8474   1.0026e-06             0       3.8474
_SET1_   8601       8   54714368   54921863    313      30  36989     -0.84962       0.5394             0     -0.84962
_SET1_   9760       8   59667977   60081767   1150      97  36989     0.058893     0.095846   -2.0817e-17     0.058893
_SET1_   444        8   62363115   62677199    897      49  36989      0.14579       0.1125   -2.7756e-17      0.14579
_SET1_   286183     8   63111501   63962211   2667      72  36989      -1.2537      0.22151             0      -1.2537
_SET1_   80243      8   68814244   69193897   1267      95  36989      0.84731     0.014789             0      0.84731
_SET1_   2138       8   72059668   72509888   1132     113  36989     -0.63256      0.26947             0     -0.63256
_SET1_   64168      8   91753921   92021630    567      22  36989       2.2164   0.00096558             0       2.2164
_SET1_   401474     8  119151694  119684184   1494     101  36989     -0.12209     0.095562   -1.3878e-17     -0.12209
_SET1_   169792     9    3774128    4350036   2524     194  36989       1.2509   0.00059727             0       1.2509
_SET1_   25769      9   19457450   19839059   1234      93  36989     -0.12512      0.12488   -2.7756e-17     -0.12512
_SET1_   9413       9   71889287   72057372    610      44  36989       1.1857      0.01616             0       1.1857
_SET1_   80036      9   73093979   74111782   3147     131  36989     -0.82167      0.10511             0     -0.82167
_SET1_   216        9   75465578   75703633    487      39  36989      -0.5343      0.35399             0      -0.5343
_SET1_   6096       9   77062252   77353534    675      60  36989       2.0285    0.0011489             0       2.0285
_SET1_   5125       9   78455560   79027255   2109     217  36989     -0.69296      0.13724             0     -0.69296
_SET1_   9630       9   79987995   80313232    949     110  36989      -1.3679      0.58273             0      -1.3679
_SET1_   1612       9   90062601   90373566   1158      90  36989      -1.0209      0.39858             0      -1.0209
_SET1_   445815     9  112492577  112984792   1792     136  36989     -0.80841      0.22622             0     -0.80841
_SET1_   7099       9  120416453  120529769    403      36  36989      -0.3965      0.30796             0      -0.3965
_SET1_   221074    10   18190768   18382221    771      60  36989      0.15727      0.11102   -2.7756e-17      0.15727
_SET1_   783       10   18379373   18880688   2019     118  36989       5.0991   5.3976e-12             0       5.0991
_SET1_   10529     10   21018900   21513116   1289      70  36989      0.35633     0.049913             0      0.35633
_SET1_   56288     10   34348488   35154253   1941      72  36989       -1.363      0.38709             0       -1.363
_SET1_   5592      10   52700911   54108110   4793     242  36989       1.4658   0.00022627             0       1.4658
_SET1_   220963    10   61360522   61519649    416      48  36989     -0.17072      0.22429   -2.7756e-17     -0.17072
_SET1_   288       10   61736056   62543284   2598      96  36989       2.7078   1.1766e-06             0       2.7078
_SET1_   347731    10   68635792   68911309    742      49  36989      0.19469      0.10602   -2.7756e-17      0.19469
_SET1_   219736    10   70537294   70705209    487      36  36989       1.9843    0.0021919             0       1.9843
_SET1_   818       10   75522259   75684349    264      16  36989      -1.2525      0.68653             0      -1.2525
_SET1_   2746      10   88759959   88904776    364      26  36989      -1.1321      0.61094             0      -1.1321
_SET1_   9211      10   95467566   95607916    514      45  36989     -0.22555      0.22759   -2.7756e-17     -0.22555
_SET1_   10580     10   97021530   97371171   1245      97  36989      0.28073     0.058437             0      0.28073
_SET1_   60495     10  100166834  101045632   2349      60  36989       1.5268   0.00037898             0       1.5268
_SET1_   6934      10  114659978  114977437    691      89  36989      -1.9528       0.8166             0      -1.9528
_SET1_   3983      10  116140869  116494762   1024      76  36989     -0.22945      0.16967   -2.7756e-17     -0.22945
_SET1_   57698     10  118592888  118936097    449      31  36989     -0.79618      0.47699             0     -0.79618
_SET1_   65975     11    8363417    8665836    987      32  36989      -2.5736      0.93115             0      -2.5736
_SET1_   10335     11   10544638   10765535    746      60  36989      -1.4551      0.65821             0      -1.4551
_SET1_   10418     11   13934184   14339679   1118      65  36989       1.1078    0.0094307             0       1.1078
_SET1_   55553     11   15937995   16547935   1251      64  36989       1.8967   0.00074365             0       1.8967
_SET1_   144100    11   16759207   17085963   1011      67  36989      0.98812      0.01498             0      0.98812
_SET1_   8424      11   27012252   27199354    669      39  36989     -0.37345      0.27908             0     -0.37345
_SET1_   55366     11   27337508   27544338    422      42  36989    -0.026061      0.18976   -1.7347e-17    -0.026061
_SET1_   6506      11   35222752   35491610    838      48  36989      -1.7354      0.74303             0      -1.7354
_SET1_   25891     11   35403374   35601848    712      70  36989       -1.884      0.79364             0       -1.884
_SET1_   79026     11   62151014   62364332    494      62  36989     -0.65576      0.38524             0     -0.65576
_SET1_   120114    11   91997446   92679636   1487      71  36989      0.84362     0.011933             0      0.84362
_SET1_   84441     11   95661440   96126344   1516     139  36989     -0.71358      0.23899             0     -0.71358
_SET1_   143872    11  100508407  100911656   1804      75  36989      -3.1393      0.94373             0      -3.1393
_SET1_   10413     11  101931151  102154154    493      29  36989     -0.39824      0.30443             0     -0.39824
_SET1_   57453     11  117248489  117717976   1634     135  36989      0.26524     0.041247             0      0.26524
_SET1_   84623     11  126243388  126920766   2367     174  36989       1.5115   0.00033489             0       1.5115
_SET1_   4257      12   16450076   16580123    396      31  36989        1.014     0.028847             0        1.014
_SET1_   55885     12   16651306   16811148    248      49  36989     -0.15503      0.22142   -2.7756e-17     -0.15503
_SET1_   53919     12   20798289   20956320    671      27  36989      0.85968      0.03386             0      0.85968
_SET1_   6660      12   23632438   24765383   3428     254  36989       2.2801   5.6806e-06             0       2.2801
_SET1_   3709      12   26438285   27036131   2047     111  36989     -0.59189       0.1309             0     -0.59189
_SET1_   1272      12   41036244   41516214   1605      60  36989      0.88361     0.010224             0      0.88361
_SET1_   57460     12   62987762   63378665   1297     131  36989       -1.056      0.40322             0       -1.056
_SET1_   79611     12   81421797   81700538    916      36  36989     -0.90396      0.42747             0     -0.90396
_SET1_   25834     12   86323037   87282681   2672      48  36989      0.06808     0.020975   -1.3878e-17      0.06808
_SET1_   55785     12   95420525   95661240    717      34  36989     -0.54358      0.34327             0     -0.54358
_SET1_   121601    12  101083841  101572419   1561     107  36989    -0.091182     0.086134   -1.3878e-17    -0.091182
_SET1_   56994     12  102041417  102172852    460      43  36989     -0.95217      0.50871             0     -0.95217
_SET1_   5992      12  106926685  107206582    612      37  36989      0.71147     0.049817             0      0.71147
_SET1_   32        12  109504222  109756031    678      54  36989       0.7629     0.038874             0       0.7629
_SET1_   11278     13   74210149   74758400   1693     143  36989       2.0894   0.00016012             0       2.0894
_SET1_   2262      13   92000935   93569490   4457     192  36989      -0.1715     0.031438   -2.7756e-17      -0.1715
_SET1_   10160     13   98744893   99152023   1524     156  36989     -0.30097      0.12768             0     -0.30097
_SET1_   171425    13  100208919  100599388   1254     103  36989      0.43314     0.040993             0      0.43314
_SET1_   57381     14   63621080   63810230    531      40  36989      0.19173      0.13905   -2.7756e-17      0.19173
_SET1_   677       14   69204372   69313184    360      32  36989        -1.83      0.83182             0        -1.83
_SET1_   89932     14   73654205   73791348    340      39  36989       1.0693     0.026757             0       1.0693
_SET1_   85439     14   81676994   81952789    748      56  36989       1.2623     0.010827             0       1.2623
_SET1_   6263      15   33553177   34208304   2859     207  36989     -0.44534     0.048597             0     -0.44534
_SET1_   84952     15   57618703   57892925   1184     104  36989      0.72076     0.023036             0      0.72076
_SET1_   348094    15   65154095   65301042    411      35  36989      -1.6479      0.77405             0      -1.6479
_SET1_   23205     15   78413187   78577049    502      60  36989     -0.34285      0.26512             0     -0.34285
_SET1_   6457      15   84066091   84337495    628      65  36989       2.4766   0.00026302             0       2.4766
_SET1_   4916      15   88369948   88850026   1104      80  36989       3.1422   6.6743e-06             0       3.1422
_SET1_   28232     15   92346938   92765665   1397     104  36989    -0.086001     0.097372   -1.3878e-17    -0.086001
_SET1_   56963     15   93536636   93682443    649     106  36989      0.41212      0.07172             0      0.41212
_SET1_   51760     16   19129541   19329656    505      76  36989      0.52268     0.064988             0      0.52268
_SET1_   23090     16   49474515   49941830   1423     144  36989        1.225    0.0045706             0        1.225
_SET1_   463       16   72766784   73142534    968     130  36989       2.2128   0.00041824             0       2.2128
_SET1_   85445     16   76261176   76643135   1577      72  36989       1.6517   0.00089181             0       1.6517
_SET1_   29        17     856758    1140616   1027     115  36989     -0.29712      0.17827             0     -0.29712
_SET1_   482       17    7504254    7611089    322      33  36989      0.31986      0.12443             0      0.31986
_SET1_   8522      17    9763926   10151868   1709     174  36989       0.9871    0.0056621             0       0.9871
_SET1_   4642      17   30769628   31253902    935      63  36989       1.1429     0.010749             0       1.1429
_SET1_   80725     17   36636259   36812183    448      49  36989      -1.5214      0.72842             0      -1.5214
_SET1_   2670      17   42932994   43042920    360      29  36989     -0.31613      0.29941             0     -0.31613
_SET1_   162282    17   54180836   54610007    987      57  36989     -0.85161      0.39042             0     -0.85161
_SET1_   26207     17   65323397   65743379   1125     126  36989       1.8799   0.00093262             0       1.8799
_SET1_   51321     17   66152127   66303305    637      42  36989      -1.4249       0.6731             0      -1.4249
_SET1_   2905      17   72788162   72906966    271      18  36989        -1.72      0.82546             0        -1.72
_SET1_   3691      17   73667516   73803899    255      35  36989    -0.074594      0.21401   -1.3878e-17    -0.074594
_SET1_   284217    18    6891743    7167813    954     124  36989     -0.66719      0.30135             0     -0.66719
_SET1_   91768     18   20664528   20890434    558      61  36989      0.00489      0.17489   -1.8215e-17      0.00489
_SET1_   361       18   24382007   24495735    367      56  36989      0.21066      0.12808   -2.7756e-17      0.21066
_SET1_   6563      18   43254088   43382485    536      28  36989     -0.56394      0.35708             0     -0.56394
_SET1_   5596      18   48036484   48308196    688      69  36989       1.3414    0.0082805             0       1.3414
_SET1_   4155      18   74640789   74894774   1185     132  36989      0.29253     0.059672             0      0.29253
_SET1_   440503    19    4472543    4585208    332      46  36989     -0.14236      0.21477   -2.7756e-17     -0.14236
_SET1_   5990      19    5943175    6160664    464      43  36989     -0.67968      0.42093             0     -0.67968
_SET1_   50509     19   10020237   10171147    652      69  36989      -1.6863       0.7427             0      -1.6863
_SET1_   284434    19   16780787   16978774    491      54  36989        -1.56      0.73419             0        -1.56
_SET1_   148198    19   22523899   22655148    354      14  36989     -0.41802      0.35118             0     -0.41802
_SET1_   9745      19   30813328   31098966    689      64  36989       3.7007   1.1113e-06             0       3.7007
_SET1_   64344     19   46750303   46896690    580      53  36989      0.21111      0.11909   -2.7756e-17      0.21111
_SET1_   79953     20   24399835   24697253    900      70  36989      -1.1722       0.5223             0      -1.1722
_SET1_   84532     20   24936866   25088818    439      34  36989      -2.5428      0.95299             0      -2.5428
_SET1_   6640      20   31945763   32081698    144      17  36989     -0.40648       0.3391             0     -0.40648
_SET1_   26051     20   37384348   37601667    606      43  36989         6.01   1.5965e-12             0         6.01
_SET1_   6385      20   43903928   44027064    379      34  36989      -0.6887      0.41793             0      -0.6887
_SET1_   2139      20   45473263   45867492   1224     103  36989       1.2891    0.0046602             0       1.2891
_SET1_   8537      20   52510079   52737304    913      78  36989      -2.1901       0.8543             0      -2.1901
_SET1_   1002      20   59777482   60565673   3206     244  36989     -0.58466      0.06107             0     -0.58466
_SET1_   83733     22   17993030   18123651    496      44  36989      -1.0886      0.56004             0      -1.0886
_SET1_   85379     22   25298676   25643415   1016      91  36989       2.2749   0.00025551             0       2.2749
_SET1_   84133     22   29229755   29503476    754      44  36989        2.791   7.2858e-05             0        2.791
_SET1_   112885    22   45227042   45455809   1115      85  36989     -0.74019      0.31267             0     -0.74019
_SET1_   9185       X   16914814   17221403    365      23  36989       1.7488    0.0049078             0       1.7488
_SET1_   30011      X   19502083   19955744    502      24  36989    0.0025333      0.22653   -1.7781e-17    0.0025333
_SET1_   11141      X   28555681   30024467   2645     150  36989       2.6334    1.505e-06             0       2.6334
_SET1_   4983       X   67212186   67703369    661      49  36989     -0.91597      0.48341             0     -0.91597
_SET1_   94121      X   99879488  100037135    306      35  36989     -0.15817      0.23811   -2.7756e-17     -0.15817

# _SET2_  VARIABLE = Neuron_ex (set)
# _SET2_  NGENES = 258
# _SET2_  P-VALUE = 0.00060999
_SET2_   GENE     CHR      START       STOP  NSNPS  NPARAM      N        ZSTAT            P  ZFITTED_BASE  ZRESID_BASE
_SET2_   26038      1    6111847    6290194    503      52  36989       -1.669      0.76889             0       -1.669
_SET2_   84871      1   48948527   50539626   2446      68  36989       1.8069   0.00010861             0       1.8069
_SET2_   81849      1   77283126   77583223    773      48  36989     -0.82227      0.41532             0     -0.82227
_SET2_   23266      1   82216082   82508107    859      47  36989      -1.4197      0.63898             0      -1.4197
_SET2_   118427     1  102218126  102512790   1020      83  36989       1.1498    0.0092663             0       1.1498
_SET2_   3752       1  112268444  112582147   1005     102  36989       2.9133   2.2343e-05             0       2.9133
_SET2_   7143       1  175241935  175762752   1565     125  36989       2.0949   0.00018858             0       2.0949
_SET2_   777        1  181402447  181825920   1160      84  36989       1.3225    0.0051546             0       1.3225
_SET2_   23057      1  183167372  183437634    691      34  36989       1.4142    0.0083586             0       1.4142
_SET2_   5362       1  208145587  208467665    947      88  36989       1.4963    0.0039699             0       1.4963
_SET2_   3756       1  210801657  211357457   1964     109  36989      -1.2048      0.32799             0      -1.2048
_SET2_   55061      1  223344161  223587564    499      35  36989     0.099559      0.15394   -1.3878e-17     0.099559
_SET2_   148641     1  233990679  234510262   1942     147  36989     -0.55075      0.13732             0     -0.55075
_SET2_   6262       1  237155510  238047288   3182     234  36989     -0.67917     0.073686             0     -0.67917
_SET2_   1131       1  239499876  240128750   1795     136  36989      0.77044    0.0093791             0      0.77044
_SET2_   23040      2    1742885    2385147   2039     113  36989     -0.13399      0.06278   -2.7756e-17     -0.13399
_SET2_   7447       2   17671807   17887706    674      22  36989       0.3361      0.11647             0       0.3361
_SET2_   114818     2   23558298   23981483   1469     121  36989      0.48764     0.028866             0      0.48764
_SET2_   6546       2   40289286   40789575   1885     103  36989       2.0503   0.00013136             0       2.0503
_SET2_   400954     2   54902149   55249157   1228      79  36989        2.613    5.023e-05             0        2.613
_SET2_   114800     2   56361258   56663309   1029      87  36989      0.68737     0.030594             0      0.68737
_SET2_   53335      2   60628302   60830633    427      54  36989       3.2279   1.4801e-05             0       3.2279
_SET2_   119        2   70838334   71045375    816      41  36989      0.37569     0.075649             0      0.37569
_SET2_   1768       2   84693579   85096713   1034      23  36989     -0.68556      0.41361             0     -0.68556
_SET2_   343990     2   99360309   99602684    692      34  36989     -0.68912      0.39694             0     -0.68912
_SET2_   3899       2  100112326  100809037   1528      65  36989      0.86981     0.011495             0      0.86981
_SET2_   129684     2  124732864  125722954   3014     126  36989        0.456    0.0056273             0        0.456
_SET2_   344148     2  133379361  134449118   2869     194  36989      -1.6389      0.32233             0      -1.6389
_SET2_   785        2  152639285  153005593    833      40  36989      0.46792     0.068407             0      0.46792
_SET2_   3760       2  155505093  155764864    786      64  36989      0.54208     0.053574             0      0.54208
_SET2_   57282      2  162430699  162891786   1030      29  36989       1.4722    0.0061302             0       1.4722
_SET2_   90134      2  163177917  163745257   1127      57  36989     -0.71132      0.31737             0     -0.71132
_SET2_   6328       2  165894030  166110577    470      40  36989       1.0199       0.0275             0       1.0199
_SET2_   6326       2  165936659  166298820    894      56  36989     0.068962      0.11869   -1.3878e-17     0.068962
_SET2_   6323       2  166795670  167055642    853      34  36989       1.9913    0.0012315             0       1.9913
_SET2_   253782     2  169262759  169681644   1228      88  36989       1.3665    0.0045217             0       1.3665
_SET2_   11069      2  173550525  173967621   1269      88  36989      -0.3686      0.18256             0      -0.3686
_SET2_   1123       2  175614042  175920671    527      28  36989      0.60494     0.065076             0      0.60494
_SET2_   151126     2  180256709  180776232   1934     122  36989      0.53018     0.014943             0      0.53018
_SET2_   130132     2  198385524  198590774    286      14  36989       5.3564   4.2005e-10             0       5.3564
_SET2_   23314      2  200084223  200385989    475      36  36989       4.2147   2.0761e-07             0       4.2147
_SET2_   8745       2  207258268  207535854    643      54  36989      0.66604     0.051931             0      0.66604
_SET2_   4133       2  210238733  210648842   1088      34  36989      0.34052     0.078084             0      0.34052
_SET2_   285175     2  210586717  210914024    613      36  36989      -1.4623       0.7134             0      -1.4623
_SET2_   2043       2  222232747  222487010    661      52  36989       1.2985    0.0099478             0       1.2985
_SET2_   80210      2  232013294  232288606    728      48  36989     -0.99512      0.50143             0     -0.99512
_SET2_   25791      2  233693396  233927951    804      54  36989       5.6505   8.1269e-12             0       5.6505
_SET2_   152330     3    2090550    3149645   4662     329  36989       3.4071    1.696e-08             0       3.4071
_SET2_   3708       3    4485032    4939524   1553     147  36989    0.0066419     0.072338   -1.8215e-17    0.0066419
_SET2_   491        3   10315707   10783131   1704     129  36989        2.265   7.8225e-05             0        2.265
_SET2_   6854       3   12132150   12283532    388      25  36989       1.3738     0.016564             0       1.3738
_SET2_   152110     3   27207097   27460912    884      26  36989     -0.49173      0.29957             0     -0.49173
_SET2_   10777      3   35630666   35885988    599      37  36989      0.60168      0.05967             0      0.60168
_SET2_   776        3   53479076   53897179   1059      93  36989      0.77041     0.023871             0      0.77041
_SET2_   55799      3   54106620   55158584   3308     208  36989     -0.12884     0.024771   -2.7756e-17     -0.12884
_SET2_   26059      3   55492336   56552391   3165     114  36989     -0.43052     0.052204             0     -0.43052
_SET2_   8618       3   62334021   62911064   2040     108  36989      0.54476     0.012935             0      0.54476
_SET2_   407738     3   67990734   68644772   2263      98  36989      0.42268     0.012535             0      0.42268
_SET2_   5067       3   74261719   74713587   1234      94  36989        0.375     0.048078             0        0.375
_SET2_   6092       3   75905845   77749115   5600     235  36989      0.79028    0.0024625             0      0.79028
_SET2_   54847      3  113201218  113398422    573      38  36989     0.099136       0.1547   -1.3878e-17     0.099136
_SET2_   2596       3  115292151  115490334    553      89  36989     -0.47445      0.29875             0     -0.47445
_SET2_   9515       3  120577050  121193608   1994      30  36989       -1.526      0.49422             0       -1.526
_SET2_   64084      3  139604027  140336919   2193     168  36989      0.53849     0.010222             0      0.53849
_SET2_   2257       3  191807033  192495388   1898     149  36989       1.5212   0.00079034             0       1.5212
_SET2_   84448      4    7917037    8210559   1145     135  36989      -2.3229      0.85714             0      -2.3229
_SET2_   9079       4   16453164   16950424   1397     128  36989      0.54746     0.028005             0      0.54746
_SET2_   57495      4   37196690   37501087   1064      83  36989      0.83766     0.020402             0      0.83766
_SET2_   84708      4   54276437   54568653    930      57  36989       0.3585     0.068219             0       0.3585
_SET2_   2044       4   66135281   66586529   1758      74  36989       1.9218   0.00027185             0       1.9218
_SET2_   401145     4   90998684   92573370   5022     156  36989      0.10808     0.018351   -1.3878e-17      0.10808
_SET2_   9348       4  118905500  119229789    945      30  36989       2.0361    0.0011536             0       2.0361
_SET2_   171024     4  119759996  120032402   1054      65  36989       -0.144      0.14769   -2.7756e-17       -0.144
_SET2_   442117     4  172684575  174011559   3121     118  36989     -0.87551      0.11403             0     -0.87551
_SET2_   8470       4  186456598  186927870   1971     177  36989      -2.6148      0.82269             0      -2.6148
_SET2_   651746     5   10514435   10707928    603      66  36989      0.76818     0.036595             0      0.76818
_SET2_   23194      5   15450305   15989905   1206      67  36989     -0.37566       0.1929             0     -0.37566
_SET2_   10409      5   17166932   17326954    469      70  36989      0.39585     0.087922             0      0.39585
_SET2_   1016       5   19423140   20625972   3284     122  36989     -0.63566     0.076712             0     -0.63566
_SET2_   1010       5   21700870   22903731   3150     118  36989      -1.9503      0.45783             0      -1.9503
_SET2_   1007       5   26830709   27088689    743      45  36989      -1.9913      0.83146             0      -1.9913
_SET2_   348980     5   45205052   45746220    592      24  36989        4.733   1.0967e-08             0        4.733
_SET2_   79668      5   49911733   50192356    550      30  36989      0.75547      0.05079             0      0.75547
_SET2_   401190     5   63751774   63959285    482      47  36989      0.50539     0.071425             0      0.50539
_SET2_   8507       5   73873231   73987249    290      36  36989      -2.0773      0.88183             0      -2.0773
_SET2_   9456       5   78619647   78859659    623      44  36989       1.2871     0.012045             0       1.2871
_SET2_   4208       5   87964058   88249922    514      34  36989       2.7966   0.00010839             0       2.7966
_SET2_   79772      5   93988280   94670279   1778     111  36989     -0.40724      0.13017             0     -0.40724
_SET2_   1946       5  106662590  107056596   1069     104  36989       2.7233   3.8796e-05             0       2.7233
_SET2_   814        5  110509947  110880584   1032      60  36989     -0.53128      0.26233             0     -0.53128
_SET2_   337876     5  129190389  129572327    730      29  36989      -0.4737      0.30735             0      -0.4737
_SET2_   23105      5  132482152  132998223   1584     138  36989      0.90785    0.0087166             0      0.90785
_SET2_   57528      5  143500437  143908097    793      29  36989     -0.51533      0.31529             0     -0.51533
_SET2_   815        5  149549054  149719403    446      63  36989     -0.49985      0.32188             0     -0.49985
_SET2_   2890       5  152820084  153243429   1565      76  36989     -0.51137      0.17565             0     -0.51137
_SET2_   2561       5  160665426  161025130   1021      52  36989      -2.0253      0.82385             0      -2.0253
_SET2_   2566       5  161444648  161632545    386      45  36989       2.5685   0.00026014             0       2.5685
_SET2_   6586       5  168038738  168778133   2524     183  36989     -0.53617     0.077329             0     -0.53617
_SET2_   54438      6   13313587   13537869    641      50  36989       0.4365     0.075588             0       0.4365
_SET2_   10486      6   17343447   17608023    750      62  36989     -0.25085      0.20452             0     -0.25085
_SET2_   57497      6   40309373   40605126   1168      70  36989      0.56204     0.034711             0      0.56204
_SET2_   202559     6   62339865   63046100   1871      39  36989     -0.22187     0.093147   -2.7756e-17     -0.22187
_SET2_   22999      6   72546406   73162845   1732      57  36989       1.8598   0.00038204             0       1.8598
_SET2_   56479      6   73281571   73958574   1864     124  36989       1.8398   0.00029983             0       1.8398
_SET2_   9892       6   84212604   84469127    541      32  36989       4.8982   3.3573e-09             0       4.8982
_SET2_   3354       6   87597024   87776397    480      35  36989      0.75897     0.057029             0      0.75897
_SET2_   8936       6  110371022  110551219    450      18  36989      0.38536      0.17757             0      0.38536
_SET2_   134829     6  123267582  123435063    498      45  36989      -2.6512      0.95781             0      -2.6512
_SET2_   2911       6  146236032  146808782   1133      50  36989      0.14146     0.092569   -2.7756e-17      0.14146
_SET2_   5575       7     538834     817313    550      37  36989     -0.17302      0.22851   -2.7756e-17     -0.17302
_SET2_   3382       7    8102814    8352242   1002     119  36989      -1.3187      0.55933             0      -1.3187
_SET2_   1607       7   14134674   14993281   2832     162  36989     -0.14565     0.026576   -2.7756e-17     -0.14565
_SET2_   168667     7   33894523   34245484    773      70  36989      0.26601     0.091058             0      0.26601
_SET2_   273        7   38373297   38721167   1684      88  36989     -0.70917      0.21585             0     -0.70917
_SET2_   23072      7   43102198   43653213   1680     120  36989      -2.5426      0.84503             0      -2.5426
_SET2_   816        7   44206749   44415230    546      47  36989       1.9002    0.0021891             0       1.9002
_SET2_   107        7   45564125   45812715    781      53  36989      0.81327     0.033405             0      0.81327
_SET2_   64409      7   70547523   71228586   2475     149  36989      0.17427     0.017424   -2.7756e-17      0.17427
_SET2_   222183     7   75781211   75966609    456      37  36989     -0.64694      0.40496             0     -0.64694
_SET2_   27445      7   82333321   82842197   1507      70  36989       2.4991   4.3583e-05             0       2.4991
_SET2_   154661     7   87207729   87511613    518      20  36989       1.6607     0.010632             0       1.6607
_SET2_   136227     7  100956101  101252304   1521      67  36989      0.45179     0.030425             0      0.45179
_SET2_   5577       7  106635178  106852256    483      34  36989      0.10532      0.15841   -1.3878e-17      0.10532
_SET2_   3751       7  119863689  120440387   1054      47  36989       -1.592      0.71289             0       -1.592
_SET2_   93664      7  121908478  122576813   1611      72  36989     -0.45635      0.15763             0     -0.45635
_SET2_   91584      7  131758091  132383447   1929     152  36989     -0.37397       0.1083             0     -0.37397
_SET2_   51422      7  151203200  151624316   1468     148  36989      0.58752     0.022368             0      0.58752
_SET2_   5799       7  157281750  158430482   4254     242  36989       0.2855    0.0091281             0       0.2855
_SET2_   9228       8     827021    1706642   4601     224  36989       1.8462   4.8974e-05             0       1.8462
_SET2_   80005      8   24992287   25323227    937      67  36989    -0.028946      0.13486   -1.7347e-17    -0.028946
_SET2_   2185       8   27118999   27366908    682      40  36989       1.9273    0.0017138             0       1.9273
_SET2_   3084       8   31446820   32672558   3938     147  36989      -1.5412      0.31455             0      -1.5412
_SET2_   137970     8   35042975   35704068   1297      45  36989      -2.0907      0.80617             0      -2.0907
_SET2_   79698      8   40338109   40805345   1757     106  36989       2.4025   3.7694e-05             0       2.4025
_SET2_   54212      8   50772349   51756171   2912      60  36989     -0.49182     0.064267             0     -0.49182
_SET2_   114786     8   55965017   56488714   1655      95  36989     -0.50825      0.16208             0     -0.50825
_SET2_   9312       8   73399626   73900584   1522      87  36989      -1.8574       0.6687             0      -1.8574
_SET2_   56704      8   75096935   75283721    552      44  36989      0.55519     0.065359             0      0.55519
_SET2_   138046     8   85045453   85884079   2023      55  36989     -0.82416      0.20561             0     -0.82416
_SET2_   4325       8   88999460   89389717    912      62  36989       4.0206   1.5909e-07             0       4.0206
_SET2_   79815      8   99152054   99357444    592      64  36989      -1.9459      0.83128             0      -1.9459
_SET2_   9699       8  104462426  105316656   2927      39  36989     -0.48653     0.065127             0     -0.48653
_SET2_   55638      8  110536405  110754020    590      34  36989       1.4971     0.008541             0       1.4971
_SET2_   114788     8  113185157  114499242   3303      68  36989     -0.49764     0.060019             0     -0.49764
_SET2_   3786       8  133083105  133543004   1712     125  36989      0.72737     0.011783             0      0.72737
_SET2_   10656      8  136419702  136719068    770      40  36989     -0.38086      0.26587             0     -0.38086
_SET2_   6456       9   17528953   17847122   1398      63  36989     -0.96091      0.35099             0     -0.96091
_SET2_   158038     9   27898084   29262998   5225     189  36989     0.021682     0.022681   -1.7347e-17     0.021682
_SET2_   9615       9   74679511   74917140    766      38  36989       1.5616    0.0051474             0       1.5616
_SET2_   23230      9   79742269   80082399   1185      44  36989     -0.35316      0.20474             0     -0.35316
_SET2_   53358      9   91570686   91843682    781      51  36989     -0.15201      0.19552   -2.7756e-17     -0.15201
_SET2_   65268      9   95896437   96132854    792      43  36989       0.1839      0.11505   -2.7756e-17       0.1839
_SET2_   9568       9  101000364  101521479   2015     146  36989       2.9854   1.6758e-06             0       2.9854
_SET2_   23732      9  111849581  111979571    510      33  36989     0.084612      0.16528   -1.3878e-17     0.084612
_SET2_   54566      9  111884254  112133021    749      75  36989      0.22331     0.099879   -2.7756e-17      0.22331
_SET2_   6812       9  130324486  130504995    294      27  36989     -0.68733      0.44922             0     -0.68733
_SET2_   1759       9  130915634  131067528    303      25  36989       0.8901     0.043838             0       0.8901
_SET2_   2902       9  139983609  140113214    245      31  36989      0.28282       0.1219             0      0.28282
_SET2_   774        9  140722241  141069076    709      54  36989     0.069947      0.13908   -1.3878e-17     0.069947
_SET2_   57118     10   12341583   12921735   2339     208  36989       0.8996    0.0025203             0       0.8996
_SET2_   83643     10   12888625   13191762   1283     108  36989      -1.5428       0.5858             0      -1.5428
_SET2_   57512     10   25414290   25941158   2109      67  36989      0.67291    0.0088628             0      0.67291
_SET2_   6585      10   98707795   98995683    703      80  36989    -0.036689      0.15732   -2.0817e-17    -0.036689
_SET2_   114815    10  108283421  108974466   2010     123  36989     0.088234     0.039596   -1.3878e-17     0.088234
_SET2_   26033     10  116803124  117758496   2055      42  36989     -0.61122      0.14436             0     -0.61122
_SET2_   118611    10  128063566  128263444    548      78  36989      0.27041      0.10059             0      0.27041
_SET2_   1793      10  128718965  129300780   2161     144  36989     -0.40959     0.085286             0     -0.40959
_SET2_   9645      11   12082138   12335335   1108     109  36989      0.36686     0.052975             0      0.36686
_SET2_   4745      11   20641117   21647232   3625     253  36989       -1.263      0.20198             0       -1.263
_SET2_   63982     11   26160458   26734836   3023      74  36989     -0.45182     0.056463             0     -0.45182
_SET2_   25758     11   33513877   33745648    591      49  36989     -0.84519      0.44966             0     -0.84519
_SET2_   9066      11   61231188   61398523    289      34  36989      -1.2343      0.70275             0      -1.2343
_SET2_   79703     11   66462207   66663997    250      31  36989       1.5464     0.011337             0       1.5464
_SET2_   22941     11   70263961   70985808   2099     154  36989     -0.15739      0.05842   -2.7756e-17     -0.15739
_SET2_   2915      11   88187256   88846846   2063      49  36989     -0.35438     0.096896             0     -0.35438
_SET2_   120114    11   91997446   92679636   1487      71  36989      0.84362     0.011933             0      0.84362
_SET2_   53942     11   98841706  100279616   6064     231  36989      0.06493     0.019791   -1.3878e-17      0.06493
_SET2_   2977      11  106494738  106939171   1389      70  36989     0.085232      0.07751   -1.3878e-17     0.085232
_SET2_   63876     11  124984559  125353285   1084     108  36989       1.1178    0.0097811             0       1.1178
_SET2_   4978      11  132234875  133452403   4133     287  36989       1.4772    0.0001788             0       1.4772
_SET2_   2904      12   13663684   14183022   1703     106  36989       1.5946   0.00091842             0       1.5946
_SET2_   5800      12   15425191   15801265    795      59  36989      0.98753     0.020574             0      0.98753
_SET2_   114134    12   40098823   40549847   1239      65  36989      -1.0406      0.41535             0      -1.0406
_SET2_   144165    12   42802140   43033572    809      56  36989      0.59006     0.048141             0      0.59006
_SET2_   4753      12   44852058   45357711   1305      64  36989      -0.3687      0.18182             0      -0.3687
_SET2_   6334      12   51934050   52256648    638      42  36989       0.4797     0.081827             0       0.4797
_SET2_   9840      12   55292087   55428965    560      34  36989        1.097     0.021657             0        1.097
_SET2_   338811    12   62052029   62636620   1749      86  36989     -0.71436      0.20084             0     -0.71436
_SET2_   5801      12   70981853   71364584   1270      98  36989       1.8112    0.0010174             0       1.8112
_SET2_   3747      12   75383858   75653584    640      47  36989      0.40436     0.083165             0      0.40436
_SET2_   6857      12   79207773   79895788   1516      68  36989       1.4363    0.0024703             0       1.4363
_SET2_   8825      12   81141171   81381702    737      50  36989      0.11391      0.12781   -1.3878e-17      0.11391
_SET2_   55530     12  109254658  109422453    418      47  36989      0.59097     0.064704             0      0.59097
_SET2_   283455    12  117840817  118456399   2170     205  36989      0.76832    0.0049622             0      0.76832
_SET2_   84530     12  119369300  119650856    958      79  36989       2.4543   0.00016199             0       2.4543
_SET2_   11113     12  120073595  120365095    698      43  36989       2.0876    0.0010169             0       2.0876
_SET2_   92558     12  120377648  120582299    432      29  36989    -0.053646      0.22543   -2.0817e-17    -0.053646
_SET2_   9478      12  121028422  121155129    459      49  36989       1.9118    0.0024314             0       1.9118
_SET2_   121256    12  129506271  130438212   3517     305  36989       1.1734   0.00045073             0       1.1734
_SET2_   23504     12  130830681  131250828   1888     179  36989     -0.13361     0.066567   -2.7756e-17     -0.13361
_SET2_   51761     13   25896209   26649989   2418     132  36989      -1.3631      0.29418             0      -1.3631
_SET2_   10129     13   32555269   32920794   1109      85  36989      -1.3013      0.52713             0      -1.3013
_SET2_   9201      13   36292789   36755514   1594     106  36989     -0.15935     0.094321   -2.7756e-17     -0.15935
_SET2_   266722    13   96693093   97541816   2019      68  36989       1.8298   0.00023471             0       1.8298
_SET2_   2259      13  102323205  103104124   2187     124  36989      -1.4075      0.34891             0      -1.4075
_SET2_   84502     14   23987244   24098009    122      26  36989      -1.6158      0.77163             0      -1.6158
_SET2_   145581    14   42026764   42423752   1225      42  36989      -0.2281      0.16314   -2.7756e-17      -0.2281
_SET2_   161357    14   47258826   48194157   2955      86  36989       1.3201   0.00035018             0       1.3201
_SET2_   83851     14   62281567   62623915   1256      86  36989      0.57275      0.03237             0      0.57275
_SET2_   87        14   69290840   69496083    804      68  36989     -0.89512      0.43195             0     -0.89512
_SET2_   9628      14   72348817   73083238   2787     133  36989       2.5253   2.0295e-06             0       2.5253
_SET2_   23768     14   85946411   86145040    713      54  36989     -0.12029      0.17972   -1.3878e-17     -0.12029
_SET2_   2562      15   26738693   27068935   1087      82  36989      0.74776     0.024202             0      0.74776
_SET2_   2567      15   27166429   27828373   1902     166  36989      -3.0665      0.92329             0      -3.0665
_SET2_   342184    15   33007745   33536934   2317     147  36989      0.28185     0.016559             0      0.28185
_SET2_   440279    15   54220557   54970806   3237     126  36989       0.6142    0.0036815             0       0.6142
_SET2_   145773    15   59680372   59865751    612      53  36989    -0.091459      0.18544   -1.3878e-17    -0.091459
_SET2_   9899      15   91592996   91894539    942      70  36989      -2.1833      0.84859             0      -2.1833
_SET2_   2903      16    9797265   10326611   2312      66  36989       2.0042   6.1695e-05             0       2.0042
_SET2_   729993    16   12945477   13384273   1861     124  36989      0.59762     0.013636             0      0.59762
_SET2_   57496     16   14115178   14410633    725      27  36989     -0.84096      0.49444             0     -0.84096
_SET2_   5579      16   23797300   24281932   1516     114  36989       1.4647    0.0018217             0       1.4647
_SET2_   10368     16   24216874   24423737    699      88  36989       1.3189    0.0085148             0       1.3189
_SET2_   23108     17    2609050    2991035   1272     153  36989      0.60591     0.027061             0      0.60591
_SET2_   4628      17    8327523    8584094    426      34  36989        1.039     0.025949             0        1.039
_SET2_   9912      17   12642829   12944960   1143      68  36989       2.5122   9.5675e-05             0       2.5122
_SET2_   40        17   31290105   32533825   4195     306  36989      0.96351    0.0010234             0      0.96351
_SET2_   56934     17   49657674   50287377   1533      89  36989       0.9555    0.0082206             0       0.9555
_SET2_   22843     17   56783230   57112540    515      21  36989       1.6144    0.0067664             0       1.6144
_SET2_   146713    17   77035427   77562230   2122     238  36989      -1.3419      0.32053             0      -1.3419
_SET2_   56853     18   34773003   35196000   1064     100  36989     -0.15053      0.14198   -2.7756e-17     -0.15053
_SET2_   26040     18   42208849   42698475    987     100  36989     -0.61047      0.28709             0     -0.61047
_SET2_   29906     18   44209081   44387039    641      77  36989      0.26489      0.10147             0      0.26489
_SET2_   23327     18   55661580   56118772   1413     105  36989      0.31829     0.044019             0      0.31829
_SET2_   220164    18   67018284   67566323   2036     139  36989     -0.67001      0.14977             0     -0.67001
_SET2_   147381    18   70153915   70261723    293      30  36989      -0.5319      0.40718             0      -0.5319
_SET2_   81832     18   70359549   70584828    909      61  36989     -0.52034      0.26996             0     -0.52034
_SET2_   60680     19    3174701    3347074    604      60  36989     -0.22763      0.21442   -2.7756e-17     -0.22763
_SET2_   773       19   13267256   13667274   1351     130  36989       1.5114    0.0021094             0       1.5114
_SET2_   23025     19   17662137   17849123    723     100  36989      0.89927     0.024275             0      0.89927
_SET2_   57731     19   40923050   41132365    558      62  36989     -0.89013      0.45557             0     -0.89013
_SET2_   59283     19   54416290   54543469    369      48  36989      0.98953     0.027183             0      0.98953
_SET2_   57144     20    9468037    9869687   1305     100  36989        -1.77      0.66791             0        -1.77
_SET2_   6616      20   10149477   10338068    513      64  36989      0.26268      0.10704             0      0.26268
_SET2_   5126      20   17156752   17515223   1376      82  36989     -0.30261      0.14936             0     -0.30261
_SET2_   11122     20   40651392   41868557   3763     245  36989      0.14638     0.013079   -2.7756e-17      0.14638
_SET2_   3745      20   47938505   48149181    642      61  36989       4.7536   4.6266e-09             0       4.7536
_SET2_   3785      20   61981561   62153993    861      79  36989       2.9059   3.2518e-05             0       2.9059
_SET2_   3763      21   38946778   39338741   1260      89  36989     -0.75447      0.28638             0     -0.75447
_SET2_   1826      21   41334343   42269039   3631     238  36989      -1.8112      0.38588             0      -1.8112
_SET2_   129049    22   25152136   25372813    875      81  36989      0.79636     0.027249             0      0.79636
_SET2_   23544     22   26515440   26829563   1108     104  36989      0.78033     0.021812             0      0.78033
_SET2_   8224      22   32858539   33504377   2059     133  36989     -0.04658     0.046945   -2.0817e-17     -0.04658
_SET2_   10369     22   36906916   37148690    778      86  36989     -0.21323      0.19614   -2.7756e-17     -0.21323
_SET2_   9758       X   12106585   12792642   1645     137  36989       1.3266    0.0023283             0       1.3266
_SET2_   22866      X   21342532   21722813    333      38  36989        1.497     0.023236             0        1.497
_SET2_   5063       X  110137513  110520590    358      40  36989      -1.7267      0.88944             0      -1.7267
_SET2_   2892       X  122267996  122674766    734      91  36989      0.29699     0.085634             0      0.29699

# _SET3_  VARIABLE = Oligo (set)
# _SET3_  NGENES = 256
# _SET3_  P-VALUE = 1.2759e-05
_SET3_   GENE        CHR      START       STOP  NSNPS  NPARAM      N        ZSTAT            P  ZFITTED_BASE  ZRESID_BASE
_SET3_   55182         1   44820837   45167396    924      98  36989       -0.338      0.21174             0       -0.338
_SET3_   84871         1   48948527   50539626   2446      68  36989       1.8069   0.00010861             0       1.8069
_SET3_   85440         1   62870397   63204039    529      17  36989      -1.0869       0.6024             0      -1.0869
_SET3_   23576         1   85734168   86094046   1082      73  36989      0.65261     0.031971             0      0.65261
_SET3_   3752          1  112268444  112582147   1005     102  36989       2.9133   2.2343e-05             0       2.9133
_SET3_   260425        1  113883087  114278545    821      31  36989      -1.4413      0.67028             0      -1.4413
_SET3_   7143          1  175241935  175762752   1565     125  36989       2.0949   0.00018858             0       2.0949
_SET3_   460           1  176776441  177184024    984      66  36989       1.6387    0.0027437             0       1.6387
_SET3_   81563         1  184306150  184648155    885      50  36989      0.96579     0.021571             0      0.96579
_SET3_   339479        1  190016792  190497534   1075      41  36989       1.0045     0.014688             0       1.0045
_SET3_   6900          1  204962340  205097173    453      50  36989       4.5873   1.6716e-08             0       4.5873
_SET3_   5129          1  205423684  205551921    492      73  36989      0.86797     0.032711             0      0.86797
_SET3_   5362          1  208145587  208467665    947      88  36989       1.4963    0.0039699             0       1.4963
_SET3_   9725          1  225983233  226120420    474      45  36989       1.0397      0.02547             0       1.0397
_SET3_   80003         1  233069855  233481459   1411      85  36989       -1.667      0.62815             0       -1.667
_SET3_   56776         1  240205185  240688491   1742     121  36989       1.7724   0.00040965             0       1.7724
_SET3_   6000          1  240888817  241570505   2355     167  36989      0.75038    0.0043171             0      0.75038
_SET3_   64754         1  245862642  246720644   3884     117  36989      0.51144     0.005755             0      0.51144
_SET3_   23040         2    1742885    2385147   2039     113  36989     -0.13399      0.06278   -2.7756e-17     -0.13399
_SET3_   6546          2   40289286   40789575   1885     103  36989       2.0503   0.00013136             0       2.0503
_SET3_   9378          2   50095643   51309674   3890     132  36989       1.5024   0.00020009             0       1.5024
_SET3_   400954        2   54902149   55249157   1228      79  36989        2.613    5.023e-05             0        2.613
_SET3_   7444          2   58223777   58437055    386      31  36989       4.9189   4.9239e-09             0       4.9189
_SET3_   84168         2   69190276   69526459    960      76  36989      -2.5176        0.917             0      -2.5176
_SET3_   1496          2   79690060   80925993   3752     240  36989      0.73752    0.0023782             0      0.73752
_SET3_   4118          2   95641400   95769737     92      14  36989     -0.44875      0.36506             0     -0.44875
_SET3_   3631          2   99011321   99257496    380      14  36989        1.079     0.033067             0        1.079
_SET3_   4862          2  101386613  101663289    808      73  36989      0.75001      0.03394             0      0.75001
_SET3_   57628         2  115149899  116653328   3710     135  36989      0.43774    0.0068711             0      0.43774
_SET3_   129684        2  124732864  125722954   3014     126  36989        0.456    0.0056273             0        0.456
_SET3_   50649         2  131544489  131854826    753      59  36989       2.0059    0.0013287             0       2.0059
_SET3_   785           2  152639285  153005593    833      40  36989      0.46792     0.068407             0      0.46792
_SET3_   57471         2  158125125  158234146    219      19  36989       -1.231      0.79457             0       -1.231
_SET3_   8708          2  168296692  168777366   1297      95  36989       2.1373   0.00029708             0       2.1373
_SET3_   253782        2  169262759  169681644   1228      88  36989       1.3665    0.0045217             0       1.3665
_SET3_   4036          2  169933619  170269123    976      95  36989     -0.56605      0.27411             0     -0.56605
_SET3_   114880        2  179009208  179314160    900      57  36989      -1.0557      0.48393             0      -1.0557
_SET3_   659           2  203191033  203482474    499      30  36989      0.35296      0.11262             0      0.35296
_SET3_   4133          2  210238733  210648842   1088      34  36989      0.34052     0.078084             0      0.34052
_SET3_   285175        2  210586717  210914024    613      36  36989      -1.4623       0.7134             0      -1.4623
_SET3_   55619         2  225579807  225957330   1041      64  36989        1.031     0.013577             0        1.031
_SET3_   9208          2  238486224  238740290   1025      56  36989     -0.24926      0.18662   -2.7756e-17     -0.24926
_SET3_   10752         3     188279     501100   1228      92  36989      -2.1633      0.81087             0      -2.1633
_SET3_   491           3   10315707   10783131   1704     129  36989        2.265   7.8225e-05             0        2.265
_SET3_   131096        3   19139946   19627135    688      56  36989      -1.6286      0.74747             0      -1.6286
_SET3_   7068          3   24108644   24586772   1418     144  36989       3.2352   2.0099e-06             0       3.2352
_SET3_   27303         3   29272351   30101886   3314     182  36989        3.021   1.9424e-07             0        3.021
_SET3_   10217         3   37853669   38075960    510      40  36989       2.4381   0.00056217             0       2.4381
_SET3_   4336          3   39459064   39620988    606      18  36989      -2.6834      0.96558             0      -2.6834
_SET3_   22906         3   42005294   42317382    908      55  36989      0.60949     0.042802             0      0.60949
_SET3_   55799         3   54106620   55158584   3308     208  36989     -0.12884     0.024771   -2.7756e-17     -0.12884
_SET3_   5793          3   61497243   62330573   2635     180  36989     -0.67024     0.089001             0     -0.67024
_SET3_   8618          3   62334021   62911064   2040     108  36989      0.54476     0.012935             0      0.54476
_SET3_   166336        3   64029526   64303859    810      68  36989       3.1344   1.2105e-05             0       3.1344
_SET3_   23150         3   69169146   69485430   1023      81  36989       1.8047     0.001438             0       1.8047
_SET3_   23024         3   73381582   73724072    994      88  36989     -0.71177      0.31464             0     -0.71177
_SET3_   285220        3   96483425   97517786   1528      68  36989      -1.1568      0.44801             0      -1.1568
_SET3_   56650         3   98169628   98291910    302      40  36989      -1.6874      0.77916             0      -1.6874
_SET3_   9515          3  120577050  121193608   1994      30  36989       -1.526      0.49422             0       -1.526
_SET3_   8997          3  123763558  124490036   2382     107  36989       2.4668   6.4451e-06             0       2.4668
_SET3_   66000         3  132707171  133166619   1562      64  36989       1.5251    0.0014992             0       1.5251
_SET3_   7018          3  133414977  133547850    420      35  36989      -0.3377      0.28719             0      -0.3377
_SET3_   116931        3  150753452  151204465   1216      63  36989     -0.85572      0.34612             0     -0.85572
_SET3_   286827        3  160103291  160217626    214      22  36989     -0.31851      0.30729             0     -0.31851
_SET3_   5010          3  170086653  170202479    305      38  36989     -0.14458      0.23256   -2.7756e-17     -0.14458
_SET3_   5337          3  171268195  171578284    935      37  36989      0.18195      0.10283   -2.7756e-17      0.18195
_SET3_   1608          3  185802896  186130023    783     106  36989      0.86981     0.024164             0      0.86981
_SET3_   2257          3  191807033  192495388   1898     149  36989       1.5212   0.00079034             0       1.5212
_SET3_   5860          4   17438016   17563857    547      52  36989     -0.51057      0.31979             0     -0.51057
_SET3_   5099          4   30671951   31198423   1606      75  36989       2.6186   2.2437e-05             0       2.6186
_SET3_   2555          4   46196470   46442056    557      21  36989       2.2557   0.00083727             0       2.2557
_SET3_   2560          4   46983295   47482801   1272      78  36989        1.153    0.0069987             0        1.153
_SET3_   8671          4   72003003   72487804    953      55  36989     -0.67057      0.33989             0     -0.67057
_SET3_   55752         4   77820895   78011307    485      43  36989      -1.5021      0.71598             0      -1.5021
_SET3_   8404          4   88344483   88500798    458      29  36989     -0.85271      0.47957             0     -0.85271
_SET3_   10144         4   89597105   90082549   1539      53  36989     -0.84256      0.28484             0     -0.84256
_SET3_   401145        4   90998684   92573370   5022     156  36989      0.10808     0.018351   -1.3878e-17      0.10808
_SET3_   7368          4  115469611  115648202    465      31  36989      0.97831     0.034274             0      0.97831
_SET3_   57484         4  141736708  142104630   1155      87  36989       0.4451      0.04441             0       0.4451
_SET3_   8821          4  142899181  143817604   2556      89  36989      0.36527      0.01054             0      0.36527
_SET3_   64399         4  145517148  145712542    323      21  36989     -0.11714      0.23794   -1.3878e-17     -0.11714
_SET3_   166614        4  150949426  151228609    827      38  36989      0.30228      0.09067             0      0.30228
_SET3_   55314         4  159072749  159226439    271      36  36989      -0.6623       0.4362             0      -0.6623
_SET3_   1363          4  166250097  166469482    939      41  36989      0.41989     0.063483             0      0.41989
_SET3_   50859         4  167604535  168205741   1970      74  36989      0.40305     0.021193             0      0.40305
_SET3_   23022         4  169368215  169899608   1663     123  36989      -3.0218      0.93323             0      -3.0218
_SET3_   2823          4  176504088  176973842   1458     102  36989       3.6278   2.6517e-07             0       3.6278
_SET3_   108           5    7346343    7880194   1477     115  36989      0.34972     0.038089             0      0.34972
_SET3_   7204          5   14093817   14560313   1185      62  36989     -0.86999      0.36007             0     -0.86999
_SET3_   1008          5   24437209   24695085    819      47  36989       1.5503    0.0045192             0       1.5503
_SET3_   3673          5   52235156   52440609    844      39  36989      0.57448     0.052024             0      0.57448
_SET3_   375449        5   65842176   66515426   1879     110  36989      -1.0934      0.30128             0      -1.0934
_SET3_   4208          5   87964058   88249922    514      34  36989       2.7966   0.00010839             0       2.7966
_SET3_   5066          5  102151527  102416809    584      20  36989      -1.0093      0.57221             0      -1.0093
_SET3_   1946          5  106662590  107056596   1069     104  36989       2.7233   3.8796e-05             0       2.7233
_SET3_   23092         5  142099881  142658572   1332      98  36989      -1.8163      0.70149             0      -1.8163
_SET3_   79628         5  148311713  148492737    518      29  36989      -1.3873      0.69078             0      -1.3873
_SET3_   23120         5  159940127  160329219   1264      74  36989      -2.1234      0.79942             0      -2.1234
_SET3_   57451         5  166356083  167741162   3264     249  36989      0.99549   0.00092636             0      0.99549
_SET3_   221458        6   39252876   39743181   1537      80  36989       -1.836      0.66828             0       -1.836
_SET3_   23500         6   39710159   39922653    708      65  36989      -2.0953      0.85533             0      -2.0953
_SET3_   22999         6   72546406   73162845   1732      57  36989       1.8598   0.00038204             0       1.8598
_SET3_   9892          6   84212604   84469127    541      32  36989       4.8982   3.3573e-09             0       4.8982
_SET3_   2898          6  101791584  102567958   2282     125  36989      0.78006    0.0047731             0      0.78006
_SET3_   222553        6  118178689  118688839   1403      78  36989      0.40394     0.038478             0      0.40394
_SET3_   27115         6  136122834  136566709    729      69  36989      0.54064     0.057124             0      0.54064
_SET3_   4217          6  136828184  137163656    624      36  36989     -0.72249      0.40616             0     -0.72249
_SET3_   23345         6  152392819  153008534   2159     129  36989       1.1882    0.0015017             0       1.1882
_SET3_   8871          6  158352888  158570208    717      62  36989     -0.46164      0.27131             0     -0.46164
_SET3_   221981        7   11360062   11921824   2344     144  36989       -1.067       0.2105             0       -1.067
_SET3_   9586          7   28288940   28915511   2001     185  36989       1.4606   0.00077637             0       1.4606
_SET3_   1124          7   29183991   29603944   1491     121  36989     -0.98703      0.32785             0     -0.98703
_SET3_   5137          7   31741666   32389016   2536     134  36989      -1.9094      0.47875             0      -1.9094
_SET3_   54443         7   36379415   36543400    531      45  36989      0.72617     0.049275             0      0.72617
_SET3_   816           7   44206749   44415230    546      47  36989       1.9002    0.0021891             0       1.9002
_SET3_   27445         7   82333321   82842197   1507      70  36989       2.4991   4.3583e-05             0       2.4991
_SET3_   5218          7   90175681   90889905   2223      78  36989     -0.17814     0.054556   -2.7756e-17     -0.17814
_SET3_   4897          7  107738071  108146841   1361      53  36989       1.8346    0.0008341             0       1.8346
_SET3_   3751          7  119863689  120440387   1054      47  36989       -1.592      0.71289             0       -1.592
_SET3_   5803          7  121463159  121752090    678      41  36989     -0.44611      0.29502             0     -0.44611
_SET3_   2861          7  124335655  124456079    331      30  36989      0.41521     0.097176             0      0.41521
_SET3_   100507421     7  140724032  141230180   1095      89  36989       2.0754   0.00049693             0       2.0754
_SET3_   51422         7  151203200  151624316   1468     148  36989      0.58752     0.022368             0      0.58752
_SET3_   5799          7  157281750  158430482   4254     242  36989       0.2855    0.0091281             0       0.2855
_SET3_   4482          8    9861830   10336401   2107      73  36989       4.0348   4.2284e-09             0       4.0348
_SET3_   286046        8   10703654   11108875   1403      37  36989       1.4512    0.0028375             0       1.4512
_SET3_   55790         8   19211672   19590261   1500      86  36989     -0.42062       0.1588             0     -0.42062
_SET3_   80005         8   24992287   25323227    937      67  36989    -0.028946      0.13486   -1.7347e-17    -0.028946
_SET3_   54212         8   50772349   51756171   2912      60  36989     -0.49182     0.064267             0     -0.49182
_SET3_   9705          8   52973392   53372439    932      78  36989       1.0688     0.014792             0       1.0688
_SET3_   114786        8   55965017   56488714   1655      95  36989     -0.50825      0.16208             0     -0.50825
_SET3_   9760          8   59667977   60081767   1150      97  36989     0.058893     0.095846   -2.0817e-17     0.058893
_SET3_   286183        8   63111501   63962211   2667      72  36989      -1.2537      0.22151             0      -1.2537
_SET3_   23414         8  106280917  106866767   1400     101  36989       1.2402    0.0045168             0       1.2402
_SET3_   55074         8  107232406  107814922   1619      68  36989      -1.5267      0.52885             0      -1.5267
_SET3_   5168          8  120519317  120735644    533      42  36989     -0.98633      0.51171             0     -0.98633
_SET3_   3786          8  133083105  133543004   1712     125  36989      0.72737     0.011783             0      0.72737
_SET3_   169792        9    3774128    4350036   2524     194  36989       1.2509   0.00059727             0       1.2509
_SET3_   80036         9   73093979   74111782   3147     131  36989     -0.82167      0.10511             0     -0.82167
_SET3_   23230         9   79742269   80082399   1185      44  36989     -0.35316      0.20474             0     -0.35316
_SET3_   1612          9   90062601   90373566   1158      90  36989      -1.0209      0.39858             0      -1.0209
_SET3_   65268         9   95896437   96132854    792      43  36989       0.1839      0.11505   -2.7756e-17       0.1839
_SET3_   1902          9  113585542  113851523    967      71  36989     -0.44963      0.23694             0     -0.44963
_SET3_   1620          9  121878907  122181739    683      56  36989       2.3549   0.00035676             0       2.3549
_SET3_   51148         9  131123854  131249630    248      20  36989      -1.5526      0.78499             0      -1.5526
_SET3_   6709          9  131264837  131445944    239      19  36989      0.31163      0.15628             0      0.31163
_SET3_   20            9  139851686  139973374    297      23  36989      -2.2783      0.92448             0      -2.2783
_SET3_   10659        10   10788851   11428674   2115     151  36989      0.67973    0.0079287             0      0.67973
_SET3_   57118        10   12341583   12921735   2339     208  36989       0.8996    0.0025203             0       0.8996
_SET3_   83641        10   14510556   14866896   1437     116  36989     -0.71651      0.24783             0     -0.71651
_SET3_   783          10   18379373   18880688   2019     118  36989       5.0991   5.3976e-12             0       5.0991
_SET3_   10529        10   21018900   21513116   1289      70  36989      0.35633     0.049913             0      0.35633
_SET3_   6935         10   31557825   31868742    472      17  36989      0.49989      0.14693             0      0.49989
_SET3_   56288        10   34348488   35154253   1941      72  36989       -1.363      0.38709             0       -1.363
_SET3_   5592         10   52700911   54108110   4793     242  36989       1.4658   0.00022627             0       1.4658
_SET3_   29119        10   67622276   69505949   7298     192  36989     -0.28487     0.050317             0     -0.28487
_SET3_   818          10   75522259   75684349    264      16  36989      -1.2525      0.68653             0      -1.2525
_SET3_   3778         10   78579359   79447577   2438     173  36989      0.57304    0.0063764             0      0.57304
_SET3_   10718        10   83585070   84796935   3499     174  36989     0.081664     0.017664   -1.3878e-17     0.081664
_SET3_   11155        10   88376542   88545829    606      46  36989      0.93509     0.028526             0      0.93509
_SET3_   9211         10   95467566   95607916    514      45  36989     -0.22555      0.22759   -2.7756e-17     -0.22555
_SET3_   10580        10   97021530   97371171   1245      97  36989      0.28073     0.058437             0      0.28073
_SET3_   93377        10   98052973   98169092    378      26  36989       1.2415     0.019962             0       1.2415
_SET3_   6319         10  102056772  102174588    282      34  36989     -0.16687      0.24381   -2.7756e-17     -0.16687
_SET3_   3983         10  116140869  116494762   1024      76  36989     -0.22945      0.16967   -2.7756e-17     -0.22945
_SET3_   118611       10  128063566  128263444    548      78  36989      0.27041      0.10059             0      0.27041
_SET3_   374378       11   11242421   11693561   1992     173  36989      -1.7602      0.52779             0      -1.7602
_SET3_   5140         11   14615191   14943605    432      28  36989     -0.70114      0.43895             0     -0.70114
_SET3_   744          11   30356040   30658260    726      51  36989        2.825   5.7801e-05             0        2.825
_SET3_   6506         11   35222752   35491610    838      48  36989      -1.7354      0.74303             0      -1.7354
_SET3_   79899        11   36267725   36536754    943      83  36989       1.5587    0.0035174             0       1.5587
_SET3_   2346         11   49118187   49280222    544      17  36989      0.94069     0.042073             0      0.94069
_SET3_   745          11   61470121   61605990    239      32  36989      0.40056     0.098485             0      0.40056
_SET3_   11145        11   63291934   63431941    197      30  36989      0.38637      0.10499             0      0.38637
_SET3_   55690        11   65787747   66062218    481      21  36989      0.35818      0.11563             0      0.35818
_SET3_   57571        11   67133149   67243078    176      22  36989     -0.31988      0.33264             0     -0.31988
_SET3_   26011        11   78314328   79202014   2580     225  36989    -0.068715     0.024157   -1.3878e-17    -0.068715
_SET3_   10873        11   86102150   86433678   1409      64  36989     -0.63516      0.24124             0     -0.63516
_SET3_   120114       11   91997446   92679636   1487      71  36989      0.84362     0.011933             0      0.84362
_SET3_   23187        11  118427213  118578748    385      21  36989      0.16765      0.15639   -2.7756e-17      0.16765
_SET3_   57476        11  123275191  123548478    983     131  36989       2.2646   0.00029088             0       2.2646
_SET3_   55885        12   16651306   16811148    248      49  36989     -0.15503      0.22142   -2.7756e-17     -0.15503
_SET3_   54477        12   19232626   19579334    997      51  36989     -0.97667       0.4814             0     -0.97667
_SET3_   6579         12   21367534   21598371    893      50  36989      -1.7396      0.74216             0      -1.7396
_SET3_   6660         12   23632438   24765383   3428     254  36989       2.2801   5.6806e-06             0       2.2801
_SET3_   3709         12   26438285   27036131   2047     111  36989     -0.59189       0.1309             0     -0.59189
_SET3_   114134       12   40098823   40549847   1239      65  36989      -1.0406      0.41535             0      -1.0406
_SET3_   1272         12   41036244   41516214   1605      60  36989      0.88361     0.010224             0      0.88361
_SET3_   2065         12   56423809   56547291    178      27  36989     -0.11756      0.24764   -1.3878e-17     -0.11756
_SET3_   89795        12   78174685   78656790   1557      97  36989     -0.33555      0.13202             0     -0.33555
_SET3_   25834        12   86323037   87282681   2672      48  36989      0.06808     0.020975   -1.3878e-17      0.06808
_SET3_   56994        12  102041417  102172852    460      43  36989     -0.95217      0.50871             0     -0.95217
_SET3_   50515        12  104800692  105205792   1410     140  36989      -1.9524      0.71366             0      -1.9524
_SET3_   283455       12  117840817  118456399   2170     205  36989      0.76832    0.0049622             0      0.76832
_SET3_   6249         12  122705981  122957179    462      26  36989       3.3737   1.1428e-05             0       3.3737
_SET3_   114795       12  125761162  126196915   1451     126  36989     -0.24064      0.12036   -2.7756e-17     -0.24064
_SET3_   220108       13   51746470   51908377    410      60  36989      -1.1806        0.598             0      -1.1806
_SET3_   11278        13   74210149   74758400   1693     143  36989       2.0894   0.00016012             0       2.0894
_SET3_   22873        13   96180456   96346960    277      28  36989       2.4716   0.00044566             0       2.4716
_SET3_   10160        13   98744893   99152023   1524     156  36989     -0.30097      0.12768             0     -0.30097
_SET3_   2259         13  102323205  103104124   2187     124  36989      -1.4075      0.34891             0      -1.4075
_SET3_   728215       13  107770879  108569460   2845     239  36989      0.08272     0.013298   -1.3878e-17      0.08272
_SET3_   23002        14   59605329   59888123    950      43  36989       2.1942   0.00051435             0       2.1942
_SET3_   57475        14   67949916   68106255    511      61  36989     -0.33344       0.2614             0     -0.33344
_SET3_   23768        14   85946411   86145040    713      54  36989     -0.12029      0.17972   -1.3878e-17     -0.12029
_SET3_   79789        14   95598276   95836245    810      75  36989    -0.021126      0.15484   -1.7347e-17    -0.021126
_SET3_   2562         15   26738693   27068935   1087      82  36989      0.74776     0.024202             0      0.74776
_SET3_   6263         15   33553177   34208304   2859     207  36989     -0.44534     0.048597             0     -0.44534
_SET3_   342035       15   51583713   51750210    520      51  36989       2.1621    0.0010034             0       2.1621
_SET3_   4643         15   59378168   59715071   1078      84  36989      0.43815     0.052078             0      0.43815
_SET3_   4916         15   88369948   88850026   1104      80  36989       3.1422   6.6743e-06             0       3.1422
_SET3_   5046         15  101794133  102080187   1277     138  36989      0.60872     0.026549             0      0.60872
_SET3_   57496        16   14115178   14410633    725      27  36989     -0.84096      0.49444             0     -0.84096
_SET3_   51760        16   19129541   19329656    505      76  36989      0.52268     0.064988             0      0.52268
_SET3_   115584       16   24807184   24972949    411      49  36989     -0.11799      0.20783   -1.3878e-17     -0.11799
_SET3_   51090        16   57240009   57368584    385      41  36989      0.93983     0.033767             0      0.93983
_SET3_   79152        16   74696853   74858729    617      62  36989     -0.22578      0.21912   -2.7756e-17     -0.22578
_SET3_   80790        16   81428775   81795367   1595     139  36989      0.23811     0.042992   -2.7756e-17      0.23811
_SET3_   29           17     856758    1140616   1027     115  36989     -0.29712      0.17827             0     -0.29712
_SET3_   443          17    3327404    3452700    514      47  36989      -1.4381      0.67845             0      -1.4381
_SET3_   4642         17   30769628   31253902    935      63  36989       1.1429     0.010749             0       1.1429
_SET3_   1267         17   40068737   40179754    186      23  36989      -1.6608      0.81128             0      -1.6608
_SET3_   201134       17   63581658   64238212   2375      38  36989     -0.73548      0.13489             0     -0.73548
_SET3_   26207        17   65323397   65743379   1125     126  36989       1.8799   0.00093262             0       1.8799
_SET3_   10351        17   66813428   67001550    506      29  36989     -0.72422      0.42383             0     -0.72422
_SET3_   94015        17   72159696   72308159    513      57  36989      -1.3284      0.63866             0      -1.3284
_SET3_   9229         18    3446030    4505310   3621     312  36989      -1.8699      0.38976             0      -1.8699
_SET3_   63895        18   10620244   11198761   2146     148  36989      -1.4709      0.37794             0      -1.4709
_SET3_   91768        18   20664528   20890434    558      61  36989      0.00489      0.17489   -1.8215e-17      0.00489
_SET3_   8715         18   31381064   31853515   1118      65  36989       2.9943   1.3446e-05             0       2.9943
_SET3_   1837         18   32023254   32521808   1131      43  36989      0.69059     0.035553             0      0.69059
_SET3_   80206        18   33827677   34410019   1531     115  36989       0.2207     0.048058   -2.7756e-17       0.2207
_SET3_   26040        18   42208849   42698475    987     100  36989     -0.61047      0.28709             0     -0.61047
_SET3_   5596         18   48036484   48308196    688      69  36989       1.3414    0.0082805             0       1.3414
_SET3_   23327        18   55661580   56118772   1413     105  36989      0.31829     0.044019             0      0.31829
_SET3_   28513        18   64118320   64321375    434      34  36989      0.86817     0.036795             0      0.86817
_SET3_   84735        18   72151692   72302261    411      64  36989       1.3445     0.010948             0       1.3445
_SET3_   4155         18   74640789   74894774   1185     132  36989      0.29253     0.059672             0      0.29253
_SET3_   773          19   13267256   13667274   1351     130  36989       1.5114    0.0021094             0       1.5114
_SET3_   9745         19   30813328   31098966    689      64  36989       3.7007   1.1113e-06             0       3.7007
_SET3_   4099         19   35732989   35854710    396      61  36989     -0.46198      0.31591             0     -0.46198
_SET3_   933          19   35770069   35888264    451      69  36989      -1.4147       0.6753             0      -1.4147
_SET3_   23236        20    8062912    8915547   2843     186  36989      -1.3218      0.21655             0      -1.3218
_SET3_   140733       20   13926146   16083842   6803     320  36989     0.022123     0.020539   -1.7347e-17     0.022123
_SET3_   27296        20   43952520   44059937    260      21  36989      -3.0341      0.98609             0      -3.0341
_SET3_   8537         20   52510079   52737304    913      78  36989      -2.1901       0.8543             0      -2.1901
_SET3_   1826         21   41334343   42269039   3631     238  36989      -1.8112      0.38588             0      -1.8112
_SET3_   84133        22   29229755   29503476    754      44  36989        2.791   7.2858e-05             0        2.791
_SET3_   5435         22   38299674   38418463    138      15  36989      -0.9631      0.56052             0      -0.9631
_SET3_   57502         X    5758067    6196916   1058      51  36989       3.7301   4.5387e-07             0       3.7301
_SET3_   22866         X   21342532   21722813    333      38  36989        1.497     0.023236             0        1.497
_SET3_   7102          X   38370731   38598172    460      40  36989     -0.56468      0.38135             0     -0.56468
_SET3_   57477         X   50284642   50607044    385      36  36989      -1.6843      0.79701             0      -1.6843
_SET3_   4983          X   67212186   67703369    661      49  36989     -0.91597      0.48341             0     -0.91597
_SET3_   5354          X  102981439  103097548    230      39  36989     -0.41354      0.31781             0     -0.41354
_SET3_   1287          X  107633019  107990775    577      13  36989      0.15128      0.25246   -2.7756e-17      0.15128
