Welcome to MAGMA v1.10 (custom)
Using flags:
	--gene-results /scratch/scw1329/gmbh/blood-brain-barrier-in-ad/03_data/994_magma_inputs//EUROPEUKBB_35k10k.genes.raw
	--set-annot /scratch/scw1329/gmbh/blood-brain-barrier-in-ad/03_data/994_magma_inputs//magma_celltypes_level2_controls_vascular.tsv
	--out ./results/level2_celltypes_magma_celltypes_level2_controls_vascular_EUROPEUKBB_35k10k

Start time is 12:06:09, Wednesday 21 Feb 2024

Reading file /scratch/scw1329/gmbh/blood-brain-barrier-in-ad/03_data/994_magma_inputs//EUROPEUKBB_35k10k.genes.raw... 
	18423 genes read from file
Loading gene-set annotation...
Reading file /scratch/scw1329/gmbh/blood-brain-barrier-in-ad/03_data/994_magma_inputs//magma_celltypes_level2_controls_vascular.tsv... 
	19 gene-set definitions read from file
	found 19 gene sets containing genes defined in genotype data (containing a total of 4015 unique genes)
Preparing variables for analysis...
	truncating Z-scores 3 points below zero or 6 standard deviations above the mean
	truncating covariate values more than 5 standard deviations from the mean
	total variables available for analysis: 19 gene sets

Parsing model specifications...
Inverting gene-gene correlation matrix...
Performing regression analysis...
	testing direction: one-sided, positive (sets), two-sided (covar)
	conditioning on internal variables:
		gene size, log(gene size)
		gene density, log(gene density)
		sample size, log(sample size)
		inverse mac, log(inverse mac)
	analysing individual variables

	analysing single-variable models (number of models: 19)
	writing results to file ./results/level2_celltypes_magma_celltypes_level2_controls_vascular_EUROPEUKBB_35k10k.gsa.out

End time is 12:06:26, Wednesday 21 Feb 2024 (elapsed: 00:00:17)
