*********************************************************************
* LD Score Regression (LDSC)
* Version 1.0.1
* (C) 2014-2019 Brendan Bulik-Sullivan and Hilary Finucane
* Broad Institute of MIT and Harvard / MIT Department of Mathematics
* GNU General Public License v3
*********************************************************************
Call: 
./ldsc.py \
--print-snps /scratch/scw1329/gmbh/blood-brain-barrier-in-ad/03_data/995_ldsc_inputs/hapmap3_snps/hm.19.snp \
--ld-wind-cm 1.0 \
--out /scratch/scw1329/gmbh/blood-brain-barrier-in-ad/03_data/995_ldsc_inputs/04_ldscores/ldsc_In-Neuron-DPP10-MEF2C_level2_all_controls_top-ten-percent.19 \
--bfile /scratch/scw1329/gmbh/blood-brain-barrier-in-ad/03_data/995_ldsc_inputs/1000G_EUR_Phase3_plink/1000G.EUR.QC.19 \
--thin-annot  \
--annot /scratch/scw1329/gmbh/blood-brain-barrier-in-ad/03_data/995_ldsc_inputs/03_annotations/ldsc_In-Neuron-DPP10-MEF2C_level2_all_controls_top-ten-percent.tsv.19.annot.gz \
--l2  

Beginning analysis at Sat Mar  2 02:30:01 2024
Read list of 232363 SNPs from /scratch/scw1329/gmbh/blood-brain-barrier-in-ad/03_data/995_ldsc_inputs/1000G_EUR_Phase3_plink/1000G.EUR.QC.19.bim
Read 1 annotations for 232363 SNPs from /scratch/scw1329/gmbh/blood-brain-barrier-in-ad/03_data/995_ldsc_inputs/03_annotations/ldsc_In-Neuron-DPP10-MEF2C_level2_all_controls_top-ten-percent.tsv.19.annot.gz
Read list of 489 individuals from /scratch/scw1329/gmbh/blood-brain-barrier-in-ad/03_data/995_ldsc_inputs/1000G_EUR_Phase3_plink/1000G.EUR.QC.19.fam
Reading genotypes from /scratch/scw1329/gmbh/blood-brain-barrier-in-ad/03_data/995_ldsc_inputs/1000G_EUR_Phase3_plink/1000G.EUR.QC.19.bed
Estimating LD Score.
Reading list of 26259 SNPs for which to print LD Scores from /scratch/scw1329/gmbh/blood-brain-barrier-in-ad/03_data/995_ldsc_inputs/hapmap3_snps/hm.19.snp
After merging with --print-snps, LD Scores for 21991 SNPs will be printed.
Writing LD Scores for 21991 SNPs to /scratch/scw1329/gmbh/blood-brain-barrier-in-ad/03_data/995_ldsc_inputs/04_ldscores/ldsc_In-Neuron-DPP10-MEF2C_level2_all_controls_top-ten-percent.19.l2.ldscore.gz

Summary of LD Scores in /scratch/scw1329/gmbh/blood-brain-barrier-in-ad/03_data/995_ldsc_inputs/04_ldscores/ldsc_In-Neuron-DPP10-MEF2C_level2_all_controls_top-ten-percent.19.l2.ldscore.gz
         MAF        L2
mean  0.2369    7.1920
std   0.1428   18.3112
min   0.0051   -1.0456
25%   0.1125    0.0000
50%   0.2331    0.1711
75%   0.3569    3.0459
max   0.5000  184.7043

MAF/LD Score Correlation Matrix
        MAF      L2
MAF  1.0000  0.0328
L2   0.0328  1.0000

Annotation Correlation Matrix
       ANNOT
ANNOT    1.0

Annotation Matrix Column Sums
ANNOT    20762

Summary of Annotation Matrix Row Sums
count    232363.0000
mean          0.0894
std           0.2853
min           0.0000
25%           0.0000
50%           0.0000
75%           0.0000
max           1.0000
Analysis finished at Sat Mar  2 02:51:38 2024
Total time elapsed: 21.0m:37.39s
