*********************************************************************
* LD Score Regression (LDSC)
* Version 1.0.1
* (C) 2014-2019 Brendan Bulik-Sullivan and Hilary Finucane
* Broad Institute of MIT and Harvard / MIT Department of Mathematics
* GNU General Public License v3
*********************************************************************
Call: 
./ldsc.py \
--print-snps /scratch/scw1329/gmbh/blood-brain-barrier-in-ad/03_data/995_ldsc_inputs/hapmap3_snps/hm.19.snp \
--ld-wind-cm 1.0 \
--out /scratch/scw1329/gmbh/blood-brain-barrier-in-ad/03_data/995_ldsc_inputs/04_ldscores/ldsc_In-Neuron-ADARB2-LAMP5-NRG1_level2_all_controls_top-ten-percent.19 \
--bfile /scratch/scw1329/gmbh/blood-brain-barrier-in-ad/03_data/995_ldsc_inputs/1000G_EUR_Phase3_plink/1000G.EUR.QC.19 \
--thin-annot  \
--annot /scratch/scw1329/gmbh/blood-brain-barrier-in-ad/03_data/995_ldsc_inputs/03_annotations/ldsc_In-Neuron-ADARB2-LAMP5-NRG1_level2_all_controls_top-ten-percent.tsv.19.annot.gz \
--l2  

Beginning analysis at Sat Mar  2 02:28:54 2024
Read list of 232363 SNPs from /scratch/scw1329/gmbh/blood-brain-barrier-in-ad/03_data/995_ldsc_inputs/1000G_EUR_Phase3_plink/1000G.EUR.QC.19.bim
Read 1 annotations for 232363 SNPs from /scratch/scw1329/gmbh/blood-brain-barrier-in-ad/03_data/995_ldsc_inputs/03_annotations/ldsc_In-Neuron-ADARB2-LAMP5-NRG1_level2_all_controls_top-ten-percent.tsv.19.annot.gz
Read list of 489 individuals from /scratch/scw1329/gmbh/blood-brain-barrier-in-ad/03_data/995_ldsc_inputs/1000G_EUR_Phase3_plink/1000G.EUR.QC.19.fam
Reading genotypes from /scratch/scw1329/gmbh/blood-brain-barrier-in-ad/03_data/995_ldsc_inputs/1000G_EUR_Phase3_plink/1000G.EUR.QC.19.bed
Estimating LD Score.
Reading list of 26259 SNPs for which to print LD Scores from /scratch/scw1329/gmbh/blood-brain-barrier-in-ad/03_data/995_ldsc_inputs/hapmap3_snps/hm.19.snp
After merging with --print-snps, LD Scores for 21991 SNPs will be printed.
Writing LD Scores for 21991 SNPs to /scratch/scw1329/gmbh/blood-brain-barrier-in-ad/03_data/995_ldsc_inputs/04_ldscores/ldsc_In-Neuron-ADARB2-LAMP5-NRG1_level2_all_controls_top-ten-percent.19.l2.ldscore.gz

Summary of LD Scores in /scratch/scw1329/gmbh/blood-brain-barrier-in-ad/03_data/995_ldsc_inputs/04_ldscores/ldsc_In-Neuron-ADARB2-LAMP5-NRG1_level2_all_controls_top-ten-percent.19.l2.ldscore.gz
         MAF        L2
mean  0.2369    8.1071
std   0.1428   23.8359
min   0.0051   -2.1957
25%   0.1125    0.0000
50%   0.2331    0.2134
75%   0.3569    3.4596
max   0.5000  308.5053

MAF/LD Score Correlation Matrix
       MAF     L2
MAF  1.000  0.034
L2   0.034  1.000

Annotation Correlation Matrix
       ANNOT
ANNOT    1.0

Annotation Matrix Column Sums
ANNOT    20682

Summary of Annotation Matrix Row Sums
count    232363.0000
mean          0.0890
std           0.2848
min           0.0000
25%           0.0000
50%           0.0000
75%           0.0000
max           1.0000
Analysis finished at Sat Mar  2 02:51:47 2024
Total time elapsed: 22.0m:53.15s
