*********************************************************************
* LD Score Regression (LDSC)
* Version 1.0.1
* (C) 2014-2019 Brendan Bulik-Sullivan and Hilary Finucane
* Broad Institute of MIT and Harvard / MIT Department of Mathematics
* GNU General Public License v3
*********************************************************************
Call: 
./ldsc.py \
--print-snps /scratch/scw1329/gmbh/blood-brain-barrier-in-ad/03_data/995_ldsc_inputs/hapmap3_snps/hm.13.snp \
--ld-wind-cm 1.0 \
--out /scratch/scw1329/gmbh/blood-brain-barrier-in-ad/03_data/995_ldsc_inputs/04_ldscores/ldsc_Ex-Neuron-L2-3-CBLN2-LINC02306-CUX2_level2_controls_parenchymal_top-ten-percent.13 \
--bfile /scratch/scw1329/gmbh/blood-brain-barrier-in-ad/03_data/995_ldsc_inputs/1000G_EUR_Phase3_plink/1000G.EUR.QC.13 \
--thin-annot  \
--annot /scratch/scw1329/gmbh/blood-brain-barrier-in-ad/03_data/995_ldsc_inputs/03_annotations/ldsc_Ex-Neuron-L2-3-CBLN2-LINC02306-CUX2_level2_controls_parenchymal_top-ten-percent.tsv.13.annot.gz \
--l2  

Beginning analysis at Fri Mar  1 22:03:53 2024
Read list of 366200 SNPs from /scratch/scw1329/gmbh/blood-brain-barrier-in-ad/03_data/995_ldsc_inputs/1000G_EUR_Phase3_plink/1000G.EUR.QC.13.bim
Read 1 annotations for 366200 SNPs from /scratch/scw1329/gmbh/blood-brain-barrier-in-ad/03_data/995_ldsc_inputs/03_annotations/ldsc_Ex-Neuron-L2-3-CBLN2-LINC02306-CUX2_level2_controls_parenchymal_top-ten-percent.tsv.13.annot.gz
Read list of 489 individuals from /scratch/scw1329/gmbh/blood-brain-barrier-in-ad/03_data/995_ldsc_inputs/1000G_EUR_Phase3_plink/1000G.EUR.QC.13.fam
Reading genotypes from /scratch/scw1329/gmbh/blood-brain-barrier-in-ad/03_data/995_ldsc_inputs/1000G_EUR_Phase3_plink/1000G.EUR.QC.13.bed
Estimating LD Score.
Reading list of 52010 SNPs for which to print LD Scores from /scratch/scw1329/gmbh/blood-brain-barrier-in-ad/03_data/995_ldsc_inputs/hapmap3_snps/hm.13.snp
After merging with --print-snps, LD Scores for 45136 SNPs will be printed.
Writing LD Scores for 45136 SNPs to /scratch/scw1329/gmbh/blood-brain-barrier-in-ad/03_data/995_ldsc_inputs/04_ldscores/ldsc_Ex-Neuron-L2-3-CBLN2-LINC02306-CUX2_level2_controls_parenchymal_top-ten-percent.13.l2.ldscore.gz

Summary of LD Scores in /scratch/scw1329/gmbh/blood-brain-barrier-in-ad/03_data/995_ldsc_inputs/04_ldscores/ldsc_Ex-Neuron-L2-3-CBLN2-LINC02306-CUX2_level2_controls_parenchymal_top-ten-percent.13.l2.ldscore.gz
         MAF        L2
mean  0.2329    8.6099
std   0.1436   27.3767
min   0.0051   -2.1276
25%   0.1063    0.0000
50%   0.2198    0.0000
75%   0.3548    1.3089
max   0.5000  321.6693

MAF/LD Score Correlation Matrix
        MAF      L2
MAF  1.0000  0.0548
L2   0.0548  1.0000

Annotation Correlation Matrix
       ANNOT
ANNOT    1.0

Annotation Matrix Column Sums
ANNOT    31565

Summary of Annotation Matrix Row Sums
count    366200.0000
mean          0.0862
std           0.2807
min           0.0000
25%           0.0000
50%           0.0000
75%           0.0000
max           1.0000
Analysis finished at Fri Mar  1 22:25:30 2024
Total time elapsed: 21.0m:37.08s
