*********************************************************************
* LD Score Regression (LDSC)
* Version 1.0.1
* (C) 2014-2019 Brendan Bulik-Sullivan and Hilary Finucane
* Broad Institute of MIT and Harvard / MIT Department of Mathematics
* GNU General Public License v3
*********************************************************************
Call: 
./ldsc.py \
--print-snps /scratch/scw1329/gmbh/blood-brain-barrier-in-ad/03_data/995_ldsc_inputs/hapmap3_snps/hm.15.snp \
--ld-wind-cm 1.0 \
--out /scratch/scw1329/gmbh/blood-brain-barrier-in-ad/03_data/995_ldsc_inputs/04_ldscores/ldsc_Microglia_level1_all_controls_top-ten-percent.15 \
--bfile /scratch/scw1329/gmbh/blood-brain-barrier-in-ad/03_data/995_ldsc_inputs/1000G_EUR_Phase3_plink/1000G.EUR.QC.15 \
--thin-annot  \
--annot /scratch/scw1329/gmbh/blood-brain-barrier-in-ad/03_data/995_ldsc_inputs/03_annotations/ldsc_Microglia_level1_all_controls_top-ten-percent.tsv.15.annot.gz \
--l2  

Beginning analysis at Sat Mar  2 00:07:28 2024
Read list of 287001 SNPs from /scratch/scw1329/gmbh/blood-brain-barrier-in-ad/03_data/995_ldsc_inputs/1000G_EUR_Phase3_plink/1000G.EUR.QC.15.bim
Read 1 annotations for 287001 SNPs from /scratch/scw1329/gmbh/blood-brain-barrier-in-ad/03_data/995_ldsc_inputs/03_annotations/ldsc_Microglia_level1_all_controls_top-ten-percent.tsv.15.annot.gz
Read list of 489 individuals from /scratch/scw1329/gmbh/blood-brain-barrier-in-ad/03_data/995_ldsc_inputs/1000G_EUR_Phase3_plink/1000G.EUR.QC.15.fam
Reading genotypes from /scratch/scw1329/gmbh/blood-brain-barrier-in-ad/03_data/995_ldsc_inputs/1000G_EUR_Phase3_plink/1000G.EUR.QC.15.bed
Estimating LD Score.
Reading list of 42410 SNPs for which to print LD Scores from /scratch/scw1329/gmbh/blood-brain-barrier-in-ad/03_data/995_ldsc_inputs/hapmap3_snps/hm.15.snp
After merging with --print-snps, LD Scores for 36291 SNPs will be printed.
Writing LD Scores for 36291 SNPs to /scratch/scw1329/gmbh/blood-brain-barrier-in-ad/03_data/995_ldsc_inputs/04_ldscores/ldsc_Microglia_level1_all_controls_top-ten-percent.15.l2.ldscore.gz

Summary of LD Scores in /scratch/scw1329/gmbh/blood-brain-barrier-in-ad/03_data/995_ldsc_inputs/04_ldscores/ldsc_Microglia_level1_all_controls_top-ten-percent.15.l2.ldscore.gz
         MAF        L2
mean  0.2363   29.3637
std   0.1452   55.9014
min   0.0051   -1.6520
25%   0.1084    0.0000
50%   0.2260    3.4807
75%   0.3630   34.2753
max   0.5000  463.7855

MAF/LD Score Correlation Matrix
        MAF      L2
MAF  1.0000  0.0158
L2   0.0158  1.0000

Annotation Correlation Matrix
       ANNOT
ANNOT    1.0

Annotation Matrix Column Sums
ANNOT    67912

Summary of Annotation Matrix Row Sums
count    287001.0000
mean          0.2366
std           0.4250
min           0.0000
25%           0.0000
50%           0.0000
75%           0.0000
max           1.0000
Analysis finished at Sat Mar  2 00:38:56 2024
Total time elapsed: 31.0m:28.06s
