*********************************************************************
* LD Score Regression (LDSC)
* Version 1.0.1
* (C) 2014-2019 Brendan Bulik-Sullivan and Hilary Finucane
* Broad Institute of MIT and Harvard / MIT Department of Mathematics
* GNU General Public License v3
*********************************************************************
Call: 
./ldsc.py \
--print-snps /scratch/scw1329/gmbh/blood-brain-barrier-in-ad/03_data/995_ldsc_inputs/hapmap3_snps/hm.11.snp \
--ld-wind-cm 1.0 \
--out /scratch/scw1329/gmbh/blood-brain-barrier-in-ad/03_data/995_ldsc_inputs/04_ldscores/ldsc_T-cell-vascular_level2_controls_vascular_top-ten-percent.11 \
--bfile /scratch/scw1329/gmbh/blood-brain-barrier-in-ad/03_data/995_ldsc_inputs/1000G_EUR_Phase3_plink/1000G.EUR.QC.11 \
--thin-annot  \
--annot /scratch/scw1329/gmbh/blood-brain-barrier-in-ad/03_data/995_ldsc_inputs/03_annotations/ldsc_T-cell-vascular_level2_controls_vascular_top-ten-percent.tsv.11.annot.gz \
--l2  

Beginning analysis at Fri Mar  1 16:57:24 2024
Read list of 493922 SNPs from /scratch/scw1329/gmbh/blood-brain-barrier-in-ad/03_data/995_ldsc_inputs/1000G_EUR_Phase3_plink/1000G.EUR.QC.11.bim
Read 1 annotations for 493922 SNPs from /scratch/scw1329/gmbh/blood-brain-barrier-in-ad/03_data/995_ldsc_inputs/03_annotations/ldsc_T-cell-vascular_level2_controls_vascular_top-ten-percent.tsv.11.annot.gz
Read list of 489 individuals from /scratch/scw1329/gmbh/blood-brain-barrier-in-ad/03_data/995_ldsc_inputs/1000G_EUR_Phase3_plink/1000G.EUR.QC.11.fam
Reading genotypes from /scratch/scw1329/gmbh/blood-brain-barrier-in-ad/03_data/995_ldsc_inputs/1000G_EUR_Phase3_plink/1000G.EUR.QC.11.bed
Estimating LD Score.
Reading list of 71092 SNPs for which to print LD Scores from /scratch/scw1329/gmbh/blood-brain-barrier-in-ad/03_data/995_ldsc_inputs/hapmap3_snps/hm.11.snp
After merging with --print-snps, LD Scores for 61027 SNPs will be printed.
Writing LD Scores for 61027 SNPs to /scratch/scw1329/gmbh/blood-brain-barrier-in-ad/03_data/995_ldsc_inputs/04_ldscores/ldsc_T-cell-vascular_level2_controls_vascular_top-ten-percent.11.l2.ldscore.gz

Summary of LD Scores in /scratch/scw1329/gmbh/blood-brain-barrier-in-ad/03_data/995_ldsc_inputs/04_ldscores/ldsc_T-cell-vascular_level2_controls_vascular_top-ten-percent.11.l2.ldscore.gz
         MAF        L2
mean  0.2389   15.1500
std   0.1430   37.8976
min   0.0051   -2.7225
25%   0.1145    0.0000
50%   0.2301    0.5404
75%   0.3609    7.5852
max   0.5000  341.8136

MAF/LD Score Correlation Matrix
        MAF      L2
MAF  1.0000  0.0104
L2   0.0104  1.0000

Annotation Correlation Matrix
       ANNOT
ANNOT    1.0

Annotation Matrix Column Sums
ANNOT    53644

Summary of Annotation Matrix Row Sums
count    493922.0000
mean          0.1086
std           0.3111
min           0.0000
25%           0.0000
50%           0.0000
75%           0.0000
max           1.0000
Analysis finished at Fri Mar  1 17:53:28 2024
Total time elapsed: 56.0m:4.27s
