*********************************************************************
* LD Score Regression (LDSC)
* Version 1.0.1
* (C) 2014-2019 Brendan Bulik-Sullivan and Hilary Finucane
* Broad Institute of MIT and Harvard / MIT Department of Mathematics
* GNU General Public License v3
*********************************************************************
Call: 
./ldsc.py \
--print-snps /scratch/scw1329/gmbh/blood-brain-barrier-in-ad/03_data/995_ldsc_inputs/hapmap3_snps/hm.5.snp \
--ld-wind-cm 1.0 \
--out /scratch/scw1329/gmbh/blood-brain-barrier-in-ad/03_data/995_ldsc_inputs/04_ldscores/ldsc_Neuron_ex_level1_controls_parenchymal_top-ten-percent.5 \
--bfile /scratch/scw1329/gmbh/blood-brain-barrier-in-ad/03_data/995_ldsc_inputs/1000G_EUR_Phase3_plink/1000G.EUR.QC.5 \
--thin-annot  \
--annot /scratch/scw1329/gmbh/blood-brain-barrier-in-ad/03_data/995_ldsc_inputs/03_annotations/ldsc_Neuron_ex_level1_controls_parenchymal_top-ten-percent.tsv.5.annot.gz \
--l2  

Beginning analysis at Fri Mar  1 16:46:07 2024
Read list of 633015 SNPs from /scratch/scw1329/gmbh/blood-brain-barrier-in-ad/03_data/995_ldsc_inputs/1000G_EUR_Phase3_plink/1000G.EUR.QC.5.bim
Read 1 annotations for 633015 SNPs from /scratch/scw1329/gmbh/blood-brain-barrier-in-ad/03_data/995_ldsc_inputs/03_annotations/ldsc_Neuron_ex_level1_controls_parenchymal_top-ten-percent.tsv.5.annot.gz
Read list of 489 individuals from /scratch/scw1329/gmbh/blood-brain-barrier-in-ad/03_data/995_ldsc_inputs/1000G_EUR_Phase3_plink/1000G.EUR.QC.5.fam
Reading genotypes from /scratch/scw1329/gmbh/blood-brain-barrier-in-ad/03_data/995_ldsc_inputs/1000G_EUR_Phase3_plink/1000G.EUR.QC.5.bed
Estimating LD Score.
Reading list of 88059 SNPs for which to print LD Scores from /scratch/scw1329/gmbh/blood-brain-barrier-in-ad/03_data/995_ldsc_inputs/hapmap3_snps/hm.5.snp
After merging with --print-snps, LD Scores for 74950 SNPs will be printed.
Writing LD Scores for 74950 SNPs to /scratch/scw1329/gmbh/blood-brain-barrier-in-ad/03_data/995_ldsc_inputs/04_ldscores/ldsc_Neuron_ex_level1_controls_parenchymal_top-ten-percent.5.l2.ldscore.gz

Summary of LD Scores in /scratch/scw1329/gmbh/blood-brain-barrier-in-ad/03_data/995_ldsc_inputs/04_ldscores/ldsc_Neuron_ex_level1_controls_parenchymal_top-ten-percent.5.l2.ldscore.gz
         MAF        L2
mean  0.2353   24.0207
std   0.1428   46.9149
min   0.0051   -2.3298
25%   0.1104    0.0000
50%   0.2260    2.5792
75%   0.3558   26.5640
max   0.5000  484.0178

MAF/LD Score Correlation Matrix
        MAF      L2
MAF  1.0000  0.0812
L2   0.0812  1.0000

Annotation Correlation Matrix
       ANNOT
ANNOT    1.0

Annotation Matrix Column Sums
ANNOT    119338

Summary of Annotation Matrix Row Sums
count    633015.0000
mean          0.1885
std           0.3911
min           0.0000
25%           0.0000
50%           0.0000
75%           0.0000
max           1.0000
Analysis finished at Fri Mar  1 17:57:51 2024
Total time elapsed: 1.0h:11.0m:44.28s
