*********************************************************************
* LD Score Regression (LDSC)
* Version 1.0.1
* (C) 2014-2019 Brendan Bulik-Sullivan and Hilary Finucane
* Broad Institute of MIT and Harvard / MIT Department of Mathematics
* GNU General Public License v3
*********************************************************************
Call: 
./ldsc.py \
--h2-cts /scratch/scw1329/gmbh/blood-brain-barrier-in-ad/03_data/995_ldsc_inputs/gwas_backgrounds/AD_2019.sumstats.gz \
--ref-ld-chr /scratch/scw1329/gmbh/blood-brain-barrier-in-ad/03_data/995_ldsc_inputs/1000G_EUR_Phase3_baseline/baseline. \
--out /scratch/scw1329/gmbh/blood-brain-barrier-in-ad/03_data/995_ldsc_inputs/05_ldscore_regression/AD_2019.25k \
--ref-ld-chr-cts /scratch/scw1329/gmbh/blood-brain-barrier-in-ad/03_data/995_ldsc_inputs/celltype_markers.ldcts \
--w-ld-chr /scratch/scw1329/gmbh/blood-brain-barrier-in-ad/03_data/995_ldsc_inputs/weights_hm3_no_hla/weights. 

Beginning analysis at Thu Mar  7 15:37:23 2024
Reading summary statistics from /scratch/scw1329/gmbh/blood-brain-barrier-in-ad/03_data/995_ldsc_inputs/gwas_backgrounds/AD_2019.sumstats.gz ...
Read summary statistics for 1165655 SNPs.
Reading reference panel LD Score from /scratch/scw1329/gmbh/blood-brain-barrier-in-ad/03_data/995_ldsc_inputs/1000G_EUR_Phase3_baseline/baseline.[1-22] ... (ldscore_fromlist)
Read reference panel LD Scores for 1190321 SNPs.
Removing partitioned LD Scores with zero variance.
Reading regression weight LD Score from /scratch/scw1329/gmbh/blood-brain-barrier-in-ad/03_data/995_ldsc_inputs/weights_hm3_no_hla/weights.[1-22] ... (ldscore_fromlist)
Read regression weight LD Scores for 1242190 SNPs.
After merging with reference panel LD, 1165655 SNPs remain.
After merging with regression SNP LD, 1060122 SNPs remain.
Removed 0 SNPs with chi^2 > 452.01 (1060122 SNPs remain)
Reading cts reference panel LD Score from /scratch/scw1329/gmbh/blood-brain-barrier-in-ad/03_data/995_ldsc_inputs/04_ldscores/ldsc_ambiguous_level2_controls_parenchymal_top_ten_percent.,/scratch/scw1329/gmbh/blood-brain-barrier-in-ad/03_data/995_ldsc_inputs/04_ldscores/background_genes_ldsc_ambiguous_level2_controls_parenchymal_top_ten_percent.[1-22] ... (ldscore_fromlist)
Error parsing cts reference panel LD Score.
Traceback (most recent call last):
  File "/scratch/scw1329/gmbh/blood-brain-barrier-in-ad/03_data/995_ldsc_inputs/ldsc/ldsc.py", line 646, in <module>
    sumstats.cell_type_specific(args, log)
  File "/scratch/scw1329/gmbh/blood-brain-barrier-in-ad/03_data/995_ldsc_inputs/ldsc/ldscore/sumstats.py", line 288, in cell_type_specific
    'cts reference panel LD Score', ps.ldscore_fromlist)
  File "/scratch/scw1329/gmbh/blood-brain-barrier-in-ad/03_data/995_ldsc_inputs/ldsc/ldscore/sumstats.py", line 155, in _read_chr_split_files
    raise e
ValueError: LD Scores for concatenation must have identical SNP columns.

Analysis finished at Thu Mar  7 15:37:52 2024
Total time elapsed: 29.23s
